CRITICAL - 2021-07-19 02:08:51 --> valid_email  is not a valid rule.
#0 D:\Bai_Tap\Dai_Hoc\Hoc_Ky_7\PHP\htdocs\Web_Phan_Mem_Ma_Nguon_Mo\vendor\codeigniter4\framework\system\Validation\Validation.php(321): CodeIgniter\Validation\Exceptions\ValidationException::forRuleNotFound('valid_email ')
#1 D:\Bai_Tap\Dai_Hoc\Hoc_Ky_7\PHP\htdocs\Web_Phan_Mem_Ma_Nguon_Mo\vendor\codeigniter4\framework\system\Validation\Validation.php(159): CodeIgniter\Validation\Validation->processRules('email', 'email', 'dinhtienbo2000@...', Array, Array)
#2 D:\Bai_Tap\Dai_Hoc\Hoc_Ky_7\PHP\htdocs\Web_Phan_Mem_Ma_Nguon_Mo\app\Service\user\UserService.php(68): CodeIgniter\Validation\Validation->run()
#3 D:\Bai_Tap\Dai_Hoc\Hoc_Ky_7\PHP\htdocs\Web_Phan_Mem_Ma_Nguon_Mo\app\Service\user\UserService.php(27): App\Service\user\UserService->validateAddUser(Object(CodeIgniter\HTTP\IncomingRequest))
#4 D:\Bai_Tap\Dai_Hoc\Hoc_Ky_7\PHP\htdocs\Web_Phan_Mem_Ma_Nguon_Mo\app\Controllers\admin\AdminUserController.php(38): App\Service\user\UserService->addUser(Object(CodeIgniter\HTTP\IncomingRequest))
#5 D:\Bai_Tap\Dai_Hoc\Hoc_Ky_7\PHP\htdocs\Web_Phan_Mem_Ma_Nguon_Mo\vendor\codeigniter4\framework\system\CodeIgniter.php(928): App\Controllers\admin\AdminUserController->createUser()
#6 D:\Bai_Tap\Dai_Hoc\Hoc_Ky_7\PHP\htdocs\Web_Phan_Mem_Ma_Nguon_Mo\vendor\codeigniter4\framework\system\CodeIgniter.php(436): CodeIgniter\CodeIgniter->runController(Object(App\Controllers\admin\AdminUserController))
#7 D:\Bai_Tap\Dai_Hoc\Hoc_Ky_7\PHP\htdocs\Web_Phan_Mem_Ma_Nguon_Mo\vendor\codeigniter4\framework\system\CodeIgniter.php(336): CodeIgniter\CodeIgniter->handleRequest(NULL, Object(Config\Cache), false)
#8 D:\Bai_Tap\Dai_Hoc\Hoc_Ky_7\PHP\htdocs\Web_Phan_Mem_Ma_Nguon_Mo\public\index.php(38): CodeIgniter\CodeIgniter->run()
#9 D:\Bai_Tap\Dai_Hoc\Hoc_Ky_7\PHP\htdocs\Web_Phan_Mem_Ma_Nguon_Mo\vendor\codeigniter4\framework\system\Commands\Server\rewrite.php(45): require_once('D:\\Bai_Tap\\Dai_...')
#10 {main}
CRITICAL - 2021-07-19 02:11:24 --> valid_email  is not a valid rule.
#0 D:\Bai_Tap\Dai_Hoc\Hoc_Ky_7\PHP\htdocs\Web_Phan_Mem_Ma_Nguon_Mo\vendor\codeigniter4\framework\system\Validation\Validation.php(321): CodeIgniter\Validation\Exceptions\ValidationException::forRuleNotFound('valid_email ')
#1 D:\Bai_Tap\Dai_Hoc\Hoc_Ky_7\PHP\htdocs\Web_Phan_Mem_Ma_Nguon_Mo\vendor\codeigniter4\framework\system\Validation\Validation.php(159): CodeIgniter\Validation\Validation->processRules('email', 'email', 'dinhtienbo2000@...', Array, Array)
#2 D:\Bai_Tap\Dai_Hoc\Hoc_Ky_7\PHP\htdocs\Web_Phan_Mem_Ma_Nguon_Mo\app\Service\user\UserService.php(68): CodeIgniter\Validation\Validation->run()
#3 D:\Bai_Tap\Dai_Hoc\Hoc_Ky_7\PHP\htdocs\Web_Phan_Mem_Ma_Nguon_Mo\app\Service\user\UserService.php(27): App\Service\user\UserService->validateAddUser(Object(CodeIgniter\HTTP\IncomingRequest))
#4 D:\Bai_Tap\Dai_Hoc\Hoc_Ky_7\PHP\htdocs\Web_Phan_Mem_Ma_Nguon_Mo\app\Controllers\admin\AdminUserController.php(38): App\Service\user\UserService->addUser(Object(CodeIgniter\HTTP\IncomingRequest))
#5 D:\Bai_Tap\Dai_Hoc\Hoc_Ky_7\PHP\htdocs\Web_Phan_Mem_Ma_Nguon_Mo\vendor\codeigniter4\framework\system\CodeIgniter.php(928): App\Controllers\admin\AdminUserController->createUser()
#6 D:\Bai_Tap\Dai_Hoc\Hoc_Ky_7\PHP\htdocs\Web_Phan_Mem_Ma_Nguon_Mo\vendor\codeigniter4\framework\system\CodeIgniter.php(436): CodeIgniter\CodeIgniter->runController(Object(App\Controllers\admin\AdminUserController))
#7 D:\Bai_Tap\Dai_Hoc\Hoc_Ky_7\PHP\htdocs\Web_Phan_Mem_Ma_Nguon_Mo\vendor\codeigniter4\framework\system\CodeIgniter.php(336): CodeIgniter\CodeIgniter->handleRequest(NULL, Object(Config\Cache), false)
#8 D:\Bai_Tap\Dai_Hoc\Hoc_Ky_7\PHP\htdocs\Web_Phan_Mem_Ma_Nguon_Mo\public\index.php(38): CodeIgniter\CodeIgniter->run()
#9 D:\Bai_Tap\Dai_Hoc\Hoc_Ky_7\PHP\htdocs\Web_Phan_Mem_Ma_Nguon_Mo\vendor\codeigniter4\framework\system\Commands\Server\rewrite.php(45): require_once('D:\\Bai_Tap\\Dai_...')
#10 {main}
CRITICAL - 2021-07-19 02:11:49 --> valid_email  is not a valid rule.
#0 D:\Bai_Tap\Dai_Hoc\Hoc_Ky_7\PHP\htdocs\Web_Phan_Mem_Ma_Nguon_Mo\vendor\codeigniter4\framework\system\Validation\Validation.php(321): CodeIgniter\Validation\Exceptions\ValidationException::forRuleNotFound('valid_email ')
#1 D:\Bai_Tap\Dai_Hoc\Hoc_Ky_7\PHP\htdocs\Web_Phan_Mem_Ma_Nguon_Mo\vendor\codeigniter4\framework\system\Validation\Validation.php(159): CodeIgniter\Validation\Validation->processRules('email', 'email', 'dinhtienbo2000@...', Array, Array)
#2 D:\Bai_Tap\Dai_Hoc\Hoc_Ky_7\PHP\htdocs\Web_Phan_Mem_Ma_Nguon_Mo\app\Service\user\UserService.php(68): CodeIgniter\Validation\Validation->run()
#3 D:\Bai_Tap\Dai_Hoc\Hoc_Ky_7\PHP\htdocs\Web_Phan_Mem_Ma_Nguon_Mo\app\Service\user\UserService.php(27): App\Service\user\UserService->validateAddUser(Object(CodeIgniter\HTTP\IncomingRequest))
#4 D:\Bai_Tap\Dai_Hoc\Hoc_Ky_7\PHP\htdocs\Web_Phan_Mem_Ma_Nguon_Mo\app\Controllers\admin\AdminUserController.php(38): App\Service\user\UserService->addUser(Object(CodeIgniter\HTTP\IncomingRequest))
#5 D:\Bai_Tap\Dai_Hoc\Hoc_Ky_7\PHP\htdocs\Web_Phan_Mem_Ma_Nguon_Mo\vendor\codeigniter4\framework\system\CodeIgniter.php(928): App\Controllers\admin\AdminUserController->createUser()
#6 D:\Bai_Tap\Dai_Hoc\Hoc_Ky_7\PHP\htdocs\Web_Phan_Mem_Ma_Nguon_Mo\vendor\codeigniter4\framework\system\CodeIgniter.php(436): CodeIgniter\CodeIgniter->runController(Object(App\Controllers\admin\AdminUserController))
#7 D:\Bai_Tap\Dai_Hoc\Hoc_Ky_7\PHP\htdocs\Web_Phan_Mem_Ma_Nguon_Mo\vendor\codeigniter4\framework\system\CodeIgniter.php(336): CodeIgniter\CodeIgniter->handleRequest(NULL, Object(Config\Cache), false)
#8 D:\Bai_Tap\Dai_Hoc\Hoc_Ky_7\PHP\htdocs\Web_Phan_Mem_Ma_Nguon_Mo\public\index.php(38): CodeIgniter\CodeIgniter->run()
#9 D:\Bai_Tap\Dai_Hoc\Hoc_Ky_7\PHP\htdocs\Web_Phan_Mem_Ma_Nguon_Mo\vendor\codeigniter4\framework\system\Commands\Server\rewrite.php(45): require_once('D:\\Bai_Tap\\Dai_...')
#10 {main}
CRITICAL - 2021-07-19 02:12:01 --> valid_email  is not a valid rule.
#0 D:\Bai_Tap\Dai_Hoc\Hoc_Ky_7\PHP\htdocs\Web_Phan_Mem_Ma_Nguon_Mo\vendor\codeigniter4\framework\system\Validation\Validation.php(321): CodeIgniter\Validation\Exceptions\ValidationException::forRuleNotFound('valid_email ')
#1 D:\Bai_Tap\Dai_Hoc\Hoc_Ky_7\PHP\htdocs\Web_Phan_Mem_Ma_Nguon_Mo\vendor\codeigniter4\framework\system\Validation\Validation.php(159): CodeIgniter\Validation\Validation->processRules('email', 'email', 'dinhtienbo2000@...', Array, Array)
#2 D:\Bai_Tap\Dai_Hoc\Hoc_Ky_7\PHP\htdocs\Web_Phan_Mem_Ma_Nguon_Mo\app\Service\user\UserService.php(68): CodeIgniter\Validation\Validation->run()
#3 D:\Bai_Tap\Dai_Hoc\Hoc_Ky_7\PHP\htdocs\Web_Phan_Mem_Ma_Nguon_Mo\app\Service\user\UserService.php(27): App\Service\user\UserService->validateAddUser(Object(CodeIgniter\HTTP\IncomingRequest))
#4 D:\Bai_Tap\Dai_Hoc\Hoc_Ky_7\PHP\htdocs\Web_Phan_Mem_Ma_Nguon_Mo\app\Controllers\admin\AdminUserController.php(38): App\Service\user\UserService->addUser(Object(CodeIgniter\HTTP\IncomingRequest))
#5 D:\Bai_Tap\Dai_Hoc\Hoc_Ky_7\PHP\htdocs\Web_Phan_Mem_Ma_Nguon_Mo\vendor\codeigniter4\framework\system\CodeIgniter.php(928): App\Controllers\admin\AdminUserController->createUser()
#6 D:\Bai_Tap\Dai_Hoc\Hoc_Ky_7\PHP\htdocs\Web_Phan_Mem_Ma_Nguon_Mo\vendor\codeigniter4\framework\system\CodeIgniter.php(436): CodeIgniter\CodeIgniter->runController(Object(App\Controllers\admin\AdminUserController))
#7 D:\Bai_Tap\Dai_Hoc\Hoc_Ky_7\PHP\htdocs\Web_Phan_Mem_Ma_Nguon_Mo\vendor\codeigniter4\framework\system\CodeIgniter.php(336): CodeIgniter\CodeIgniter->handleRequest(NULL, Object(Config\Cache), false)
#8 D:\Bai_Tap\Dai_Hoc\Hoc_Ky_7\PHP\htdocs\Web_Phan_Mem_Ma_Nguon_Mo\public\index.php(38): CodeIgniter\CodeIgniter->run()
#9 D:\Bai_Tap\Dai_Hoc\Hoc_Ky_7\PHP\htdocs\Web_Phan_Mem_Ma_Nguon_Mo\vendor\codeigniter4\framework\system\Commands\Server\rewrite.php(45): require_once('D:\\Bai_Tap\\Dai_...')
#10 {main}
CRITICAL - 2021-07-19 03:31:19 --> Undefined variable $errosMsg
#0 D:\Bai_Tap\Dai_Hoc\Hoc_Ky_7\PHP\htdocs\Web_Phan_Mem_Ma_Nguon_Mo\app\Views\admin\pages\add-user.php(99): CodeIgniter\Debug\Exceptions->errorHandler(2, 'Undefined varia...', 'D:\\Bai_Tap\\Dai_...', 99)
#1 D:\Bai_Tap\Dai_Hoc\Hoc_Ky_7\PHP\htdocs\Web_Phan_Mem_Ma_Nguon_Mo\vendor\codeigniter4\framework\system\View\View.php(230): include('D:\\Bai_Tap\\Dai_...')
#2 D:\Bai_Tap\Dai_Hoc\Hoc_Ky_7\PHP\htdocs\Web_Phan_Mem_Ma_Nguon_Mo\vendor\codeigniter4\framework\system\View\View.php(232): CodeIgniter\View\View->CodeIgniter\View\{closure}()
#3 D:\Bai_Tap\Dai_Hoc\Hoc_Ky_7\PHP\htdocs\Web_Phan_Mem_Ma_Nguon_Mo\vendor\codeigniter4\framework\system\Common.php(1271): CodeIgniter\View\View->render('admin/pages/add...', Array, true)
#4 D:\Bai_Tap\Dai_Hoc\Hoc_Ky_7\PHP\htdocs\Web_Phan_Mem_Ma_Nguon_Mo\app\Controllers\BaseController.php(88): view('admin/pages/add...', Array)
#5 D:\Bai_Tap\Dai_Hoc\Hoc_Ky_7\PHP\htdocs\Web_Phan_Mem_Ma_Nguon_Mo\app\Controllers\admin\AdminUserController.php(32): App\Controllers\BaseController->loadMastLayout(Array, 'Th\xC3\xAAm ng\xC6\xB0\xE1\xBB\x9Di ...', 'admin/pages/add...', Array)
#6 D:\Bai_Tap\Dai_Hoc\Hoc_Ky_7\PHP\htdocs\Web_Phan_Mem_Ma_Nguon_Mo\vendor\codeigniter4\framework\system\CodeIgniter.php(928): App\Controllers\admin\AdminUserController->addUser()
#7 D:\Bai_Tap\Dai_Hoc\Hoc_Ky_7\PHP\htdocs\Web_Phan_Mem_Ma_Nguon_Mo\vendor\codeigniter4\framework\system\CodeIgniter.php(436): CodeIgniter\CodeIgniter->runController(Object(App\Controllers\admin\AdminUserController))
#8 D:\Bai_Tap\Dai_Hoc\Hoc_Ky_7\PHP\htdocs\Web_Phan_Mem_Ma_Nguon_Mo\vendor\codeigniter4\framework\system\CodeIgniter.php(336): CodeIgniter\CodeIgniter->handleRequest(NULL, Object(Config\Cache), false)
#9 D:\Bai_Tap\Dai_Hoc\Hoc_Ky_7\PHP\htdocs\Web_Phan_Mem_Ma_Nguon_Mo\public\index.php(38): CodeIgniter\CodeIgniter->run()
#10 D:\Bai_Tap\Dai_Hoc\Hoc_Ky_7\PHP\htdocs\Web_Phan_Mem_Ma_Nguon_Mo\vendor\codeigniter4\framework\system\Commands\Server\rewrite.php(45): require_once('D:\\Bai_Tap\\Dai_...')
#11 {main}
CRITICAL - 2021-07-19 03:31:21 --> Undefined variable $errosMsg
#0 D:\Bai_Tap\Dai_Hoc\Hoc_Ky_7\PHP\htdocs\Web_Phan_Mem_Ma_Nguon_Mo\app\Views\admin\pages\add-user.php(99): CodeIgniter\Debug\Exceptions->errorHandler(2, 'Undefined varia...', 'D:\\Bai_Tap\\Dai_...', 99)
#1 D:\Bai_Tap\Dai_Hoc\Hoc_Ky_7\PHP\htdocs\Web_Phan_Mem_Ma_Nguon_Mo\vendor\codeigniter4\framework\system\View\View.php(230): include('D:\\Bai_Tap\\Dai_...')
#2 D:\Bai_Tap\Dai_Hoc\Hoc_Ky_7\PHP\htdocs\Web_Phan_Mem_Ma_Nguon_Mo\vendor\codeigniter4\framework\system\View\View.php(232): CodeIgniter\View\View->CodeIgniter\View\{closure}()
#3 D:\Bai_Tap\Dai_Hoc\Hoc_Ky_7\PHP\htdocs\Web_Phan_Mem_Ma_Nguon_Mo\vendor\codeigniter4\framework\system\Common.php(1271): CodeIgniter\View\View->render('admin/pages/add...', Array, true)
#4 D:\Bai_Tap\Dai_Hoc\Hoc_Ky_7\PHP\htdocs\Web_Phan_Mem_Ma_Nguon_Mo\app\Controllers\BaseController.php(88): view('admin/pages/add...', Array)
#5 D:\Bai_Tap\Dai_Hoc\Hoc_Ky_7\PHP\htdocs\Web_Phan_Mem_Ma_Nguon_Mo\app\Controllers\admin\AdminUserController.php(32): App\Controllers\BaseController->loadMastLayout(Array, 'Th\xC3\xAAm ng\xC6\xB0\xE1\xBB\x9Di ...', 'admin/pages/add...', Array)
#6 D:\Bai_Tap\Dai_Hoc\Hoc_Ky_7\PHP\htdocs\Web_Phan_Mem_Ma_Nguon_Mo\vendor\codeigniter4\framework\system\CodeIgniter.php(928): App\Controllers\admin\AdminUserController->addUser()
#7 D:\Bai_Tap\Dai_Hoc\Hoc_Ky_7\PHP\htdocs\Web_Phan_Mem_Ma_Nguon_Mo\vendor\codeigniter4\framework\system\CodeIgniter.php(436): CodeIgniter\CodeIgniter->runController(Object(App\Controllers\admin\AdminUserController))
#8 D:\Bai_Tap\Dai_Hoc\Hoc_Ky_7\PHP\htdocs\Web_Phan_Mem_Ma_Nguon_Mo\vendor\codeigniter4\framework\system\CodeIgniter.php(336): CodeIgniter\CodeIgniter->handleRequest(NULL, Object(Config\Cache), false)
#9 D:\Bai_Tap\Dai_Hoc\Hoc_Ky_7\PHP\htdocs\Web_Phan_Mem_Ma_Nguon_Mo\public\index.php(38): CodeIgniter\CodeIgniter->run()
#10 D:\Bai_Tap\Dai_Hoc\Hoc_Ky_7\PHP\htdocs\Web_Phan_Mem_Ma_Nguon_Mo\vendor\codeigniter4\framework\system\Commands\Server\rewrite.php(45): require_once('D:\\Bai_Tap\\Dai_...')
#11 {main}
CRITICAL - 2021-07-19 03:31:22 --> Undefined variable $errosMsg
#0 D:\Bai_Tap\Dai_Hoc\Hoc_Ky_7\PHP\htdocs\Web_Phan_Mem_Ma_Nguon_Mo\app\Views\admin\pages\add-user.php(99): CodeIgniter\Debug\Exceptions->errorHandler(2, 'Undefined varia...', 'D:\\Bai_Tap\\Dai_...', 99)
#1 D:\Bai_Tap\Dai_Hoc\Hoc_Ky_7\PHP\htdocs\Web_Phan_Mem_Ma_Nguon_Mo\vendor\codeigniter4\framework\system\View\View.php(230): include('D:\\Bai_Tap\\Dai_...')
#2 D:\Bai_Tap\Dai_Hoc\Hoc_Ky_7\PHP\htdocs\Web_Phan_Mem_Ma_Nguon_Mo\vendor\codeigniter4\framework\system\View\View.php(232): CodeIgniter\View\View->CodeIgniter\View\{closure}()
#3 D:\Bai_Tap\Dai_Hoc\Hoc_Ky_7\PHP\htdocs\Web_Phan_Mem_Ma_Nguon_Mo\vendor\codeigniter4\framework\system\Common.php(1271): CodeIgniter\View\View->render('admin/pages/add...', Array, true)
#4 D:\Bai_Tap\Dai_Hoc\Hoc_Ky_7\PHP\htdocs\Web_Phan_Mem_Ma_Nguon_Mo\app\Controllers\BaseController.php(88): view('admin/pages/add...', Array)
#5 D:\Bai_Tap\Dai_Hoc\Hoc_Ky_7\PHP\htdocs\Web_Phan_Mem_Ma_Nguon_Mo\app\Controllers\admin\AdminUserController.php(32): App\Controllers\BaseController->loadMastLayout(Array, 'Th\xC3\xAAm ng\xC6\xB0\xE1\xBB\x9Di ...', 'admin/pages/add...', Array)
#6 D:\Bai_Tap\Dai_Hoc\Hoc_Ky_7\PHP\htdocs\Web_Phan_Mem_Ma_Nguon_Mo\vendor\codeigniter4\framework\system\CodeIgniter.php(928): App\Controllers\admin\AdminUserController->addUser()
#7 D:\Bai_Tap\Dai_Hoc\Hoc_Ky_7\PHP\htdocs\Web_Phan_Mem_Ma_Nguon_Mo\vendor\codeigniter4\framework\system\CodeIgniter.php(436): CodeIgniter\CodeIgniter->runController(Object(App\Controllers\admin\AdminUserController))
#8 D:\Bai_Tap\Dai_Hoc\Hoc_Ky_7\PHP\htdocs\Web_Phan_Mem_Ma_Nguon_Mo\vendor\codeigniter4\framework\system\CodeIgniter.php(336): CodeIgniter\CodeIgniter->handleRequest(NULL, Object(Config\Cache), false)
#9 D:\Bai_Tap\Dai_Hoc\Hoc_Ky_7\PHP\htdocs\Web_Phan_Mem_Ma_Nguon_Mo\public\index.php(38): CodeIgniter\CodeIgniter->run()
#10 D:\Bai_Tap\Dai_Hoc\Hoc_Ky_7\PHP\htdocs\Web_Phan_Mem_Ma_Nguon_Mo\vendor\codeigniter4\framework\system\Commands\Server\rewrite.php(45): require_once('D:\\Bai_Tap\\Dai_...')
#11 {main}
CRITICAL - 2021-07-19 03:32:36 --> Undefined variable $messages
#0 D:\Bai_Tap\Dai_Hoc\Hoc_Ky_7\PHP\htdocs\Web_Phan_Mem_Ma_Nguon_Mo\app\Views\admin\pages\add-user.php(99): CodeIgniter\Debug\Exceptions->errorHandler(2, 'Undefined varia...', 'D:\\Bai_Tap\\Dai_...', 99)
#1 D:\Bai_Tap\Dai_Hoc\Hoc_Ky_7\PHP\htdocs\Web_Phan_Mem_Ma_Nguon_Mo\vendor\codeigniter4\framework\system\View\View.php(230): include('D:\\Bai_Tap\\Dai_...')
#2 D:\Bai_Tap\Dai_Hoc\Hoc_Ky_7\PHP\htdocs\Web_Phan_Mem_Ma_Nguon_Mo\vendor\codeigniter4\framework\system\View\View.php(232): CodeIgniter\View\View->CodeIgniter\View\{closure}()
#3 D:\Bai_Tap\Dai_Hoc\Hoc_Ky_7\PHP\htdocs\Web_Phan_Mem_Ma_Nguon_Mo\vendor\codeigniter4\framework\system\Common.php(1271): CodeIgniter\View\View->render('admin/pages/add...', Array, true)
#4 D:\Bai_Tap\Dai_Hoc\Hoc_Ky_7\PHP\htdocs\Web_Phan_Mem_Ma_Nguon_Mo\app\Controllers\BaseController.php(88): view('admin/pages/add...', Array)
#5 D:\Bai_Tap\Dai_Hoc\Hoc_Ky_7\PHP\htdocs\Web_Phan_Mem_Ma_Nguon_Mo\app\Controllers\admin\AdminUserController.php(32): App\Controllers\BaseController->loadMastLayout(Array, 'Th\xC3\xAAm ng\xC6\xB0\xE1\xBB\x9Di ...', 'admin/pages/add...', Array)
#6 D:\Bai_Tap\Dai_Hoc\Hoc_Ky_7\PHP\htdocs\Web_Phan_Mem_Ma_Nguon_Mo\vendor\codeigniter4\framework\system\CodeIgniter.php(928): App\Controllers\admin\AdminUserController->addUser()
#7 D:\Bai_Tap\Dai_Hoc\Hoc_Ky_7\PHP\htdocs\Web_Phan_Mem_Ma_Nguon_Mo\vendor\codeigniter4\framework\system\CodeIgniter.php(436): CodeIgniter\CodeIgniter->runController(Object(App\Controllers\admin\AdminUserController))
#8 D:\Bai_Tap\Dai_Hoc\Hoc_Ky_7\PHP\htdocs\Web_Phan_Mem_Ma_Nguon_Mo\vendor\codeigniter4\framework\system\CodeIgniter.php(336): CodeIgniter\CodeIgniter->handleRequest(NULL, Object(Config\Cache), false)
#9 D:\Bai_Tap\Dai_Hoc\Hoc_Ky_7\PHP\htdocs\Web_Phan_Mem_Ma_Nguon_Mo\public\index.php(38): CodeIgniter\CodeIgniter->run()
#10 D:\Bai_Tap\Dai_Hoc\Hoc_Ky_7\PHP\htdocs\Web_Phan_Mem_Ma_Nguon_Mo\vendor\codeigniter4\framework\system\Commands\Server\rewrite.php(45): require_once('D:\\Bai_Tap\\Dai_...')
#11 {main}
CRITICAL - 2021-07-19 03:32:37 --> Undefined variable $messages
#0 D:\Bai_Tap\Dai_Hoc\Hoc_Ky_7\PHP\htdocs\Web_Phan_Mem_Ma_Nguon_Mo\app\Views\admin\pages\add-user.php(99): CodeIgniter\Debug\Exceptions->errorHandler(2, 'Undefined varia...', 'D:\\Bai_Tap\\Dai_...', 99)
#1 D:\Bai_Tap\Dai_Hoc\Hoc_Ky_7\PHP\htdocs\Web_Phan_Mem_Ma_Nguon_Mo\vendor\codeigniter4\framework\system\View\View.php(230): include('D:\\Bai_Tap\\Dai_...')
#2 D:\Bai_Tap\Dai_Hoc\Hoc_Ky_7\PHP\htdocs\Web_Phan_Mem_Ma_Nguon_Mo\vendor\codeigniter4\framework\system\View\View.php(232): CodeIgniter\View\View->CodeIgniter\View\{closure}()
#3 D:\Bai_Tap\Dai_Hoc\Hoc_Ky_7\PHP\htdocs\Web_Phan_Mem_Ma_Nguon_Mo\vendor\codeigniter4\framework\system\Common.php(1271): CodeIgniter\View\View->render('admin/pages/add...', Array, true)
#4 D:\Bai_Tap\Dai_Hoc\Hoc_Ky_7\PHP\htdocs\Web_Phan_Mem_Ma_Nguon_Mo\app\Controllers\BaseController.php(88): view('admin/pages/add...', Array)
#5 D:\Bai_Tap\Dai_Hoc\Hoc_Ky_7\PHP\htdocs\Web_Phan_Mem_Ma_Nguon_Mo\app\Controllers\admin\AdminUserController.php(32): App\Controllers\BaseController->loadMastLayout(Array, 'Th\xC3\xAAm ng\xC6\xB0\xE1\xBB\x9Di ...', 'admin/pages/add...', Array)
#6 D:\Bai_Tap\Dai_Hoc\Hoc_Ky_7\PHP\htdocs\Web_Phan_Mem_Ma_Nguon_Mo\vendor\codeigniter4\framework\system\CodeIgniter.php(928): App\Controllers\admin\AdminUserController->addUser()
#7 D:\Bai_Tap\Dai_Hoc\Hoc_Ky_7\PHP\htdocs\Web_Phan_Mem_Ma_Nguon_Mo\vendor\codeigniter4\framework\system\CodeIgniter.php(436): CodeIgniter\CodeIgniter->runController(Object(App\Controllers\admin\AdminUserController))
#8 D:\Bai_Tap\Dai_Hoc\Hoc_Ky_7\PHP\htdocs\Web_Phan_Mem_Ma_Nguon_Mo\vendor\codeigniter4\framework\system\CodeIgniter.php(336): CodeIgniter\CodeIgniter->handleRequest(NULL, Object(Config\Cache), false)
#9 D:\Bai_Tap\Dai_Hoc\Hoc_Ky_7\PHP\htdocs\Web_Phan_Mem_Ma_Nguon_Mo\public\index.php(38): CodeIgniter\CodeIgniter->run()
#10 D:\Bai_Tap\Dai_Hoc\Hoc_Ky_7\PHP\htdocs\Web_Phan_Mem_Ma_Nguon_Mo\vendor\codeigniter4\framework\system\Commands\Server\rewrite.php(45): require_once('D:\\Bai_Tap\\Dai_...')
#11 {main}
CRITICAL - 2021-07-19 03:32:37 --> Undefined variable $messages
#0 D:\Bai_Tap\Dai_Hoc\Hoc_Ky_7\PHP\htdocs\Web_Phan_Mem_Ma_Nguon_Mo\app\Views\admin\pages\add-user.php(99): CodeIgniter\Debug\Exceptions->errorHandler(2, 'Undefined varia...', 'D:\\Bai_Tap\\Dai_...', 99)
#1 D:\Bai_Tap\Dai_Hoc\Hoc_Ky_7\PHP\htdocs\Web_Phan_Mem_Ma_Nguon_Mo\vendor\codeigniter4\framework\system\View\View.php(230): include('D:\\Bai_Tap\\Dai_...')
#2 D:\Bai_Tap\Dai_Hoc\Hoc_Ky_7\PHP\htdocs\Web_Phan_Mem_Ma_Nguon_Mo\vendor\codeigniter4\framework\system\View\View.php(232): CodeIgniter\View\View->CodeIgniter\View\{closure}()
#3 D:\Bai_Tap\Dai_Hoc\Hoc_Ky_7\PHP\htdocs\Web_Phan_Mem_Ma_Nguon_Mo\vendor\codeigniter4\framework\system\Common.php(1271): CodeIgniter\View\View->render('admin/pages/add...', Array, true)
#4 D:\Bai_Tap\Dai_Hoc\Hoc_Ky_7\PHP\htdocs\Web_Phan_Mem_Ma_Nguon_Mo\app\Controllers\BaseController.php(88): view('admin/pages/add...', Array)
#5 D:\Bai_Tap\Dai_Hoc\Hoc_Ky_7\PHP\htdocs\Web_Phan_Mem_Ma_Nguon_Mo\app\Controllers\admin\AdminUserController.php(32): App\Controllers\BaseController->loadMastLayout(Array, 'Th\xC3\xAAm ng\xC6\xB0\xE1\xBB\x9Di ...', 'admin/pages/add...', Array)
#6 D:\Bai_Tap\Dai_Hoc\Hoc_Ky_7\PHP\htdocs\Web_Phan_Mem_Ma_Nguon_Mo\vendor\codeigniter4\framework\system\CodeIgniter.php(928): App\Controllers\admin\AdminUserController->addUser()
#7 D:\Bai_Tap\Dai_Hoc\Hoc_Ky_7\PHP\htdocs\Web_Phan_Mem_Ma_Nguon_Mo\vendor\codeigniter4\framework\system\CodeIgniter.php(436): CodeIgniter\CodeIgniter->runController(Object(App\Controllers\admin\AdminUserController))
#8 D:\Bai_Tap\Dai_Hoc\Hoc_Ky_7\PHP\htdocs\Web_Phan_Mem_Ma_Nguon_Mo\vendor\codeigniter4\framework\system\CodeIgniter.php(336): CodeIgniter\CodeIgniter->handleRequest(NULL, Object(Config\Cache), false)
#9 D:\Bai_Tap\Dai_Hoc\Hoc_Ky_7\PHP\htdocs\Web_Phan_Mem_Ma_Nguon_Mo\public\index.php(38): CodeIgniter\CodeIgniter->run()
#10 D:\Bai_Tap\Dai_Hoc\Hoc_Ky_7\PHP\htdocs\Web_Phan_Mem_Ma_Nguon_Mo\vendor\codeigniter4\framework\system\Commands\Server\rewrite.php(45): require_once('D:\\Bai_Tap\\Dai_...')
#11 {main}
CRITICAL - 2021-07-19 03:32:37 --> Undefined variable $messages
#0 D:\Bai_Tap\Dai_Hoc\Hoc_Ky_7\PHP\htdocs\Web_Phan_Mem_Ma_Nguon_Mo\app\Views\admin\pages\add-user.php(99): CodeIgniter\Debug\Exceptions->errorHandler(2, 'Undefined varia...', 'D:\\Bai_Tap\\Dai_...', 99)
#1 D:\Bai_Tap\Dai_Hoc\Hoc_Ky_7\PHP\htdocs\Web_Phan_Mem_Ma_Nguon_Mo\vendor\codeigniter4\framework\system\View\View.php(230): include('D:\\Bai_Tap\\Dai_...')
#2 D:\Bai_Tap\Dai_Hoc\Hoc_Ky_7\PHP\htdocs\Web_Phan_Mem_Ma_Nguon_Mo\vendor\codeigniter4\framework\system\View\View.php(232): CodeIgniter\View\View->CodeIgniter\View\{closure}()
#3 D:\Bai_Tap\Dai_Hoc\Hoc_Ky_7\PHP\htdocs\Web_Phan_Mem_Ma_Nguon_Mo\vendor\codeigniter4\framework\system\Common.php(1271): CodeIgniter\View\View->render('admin/pages/add...', Array, true)
#4 D:\Bai_Tap\Dai_Hoc\Hoc_Ky_7\PHP\htdocs\Web_Phan_Mem_Ma_Nguon_Mo\app\Controllers\BaseController.php(88): view('admin/pages/add...', Array)
#5 D:\Bai_Tap\Dai_Hoc\Hoc_Ky_7\PHP\htdocs\Web_Phan_Mem_Ma_Nguon_Mo\app\Controllers\admin\AdminUserController.php(32): App\Controllers\BaseController->loadMastLayout(Array, 'Th\xC3\xAAm ng\xC6\xB0\xE1\xBB\x9Di ...', 'admin/pages/add...', Array)
#6 D:\Bai_Tap\Dai_Hoc\Hoc_Ky_7\PHP\htdocs\Web_Phan_Mem_Ma_Nguon_Mo\vendor\codeigniter4\framework\system\CodeIgniter.php(928): App\Controllers\admin\AdminUserController->addUser()
#7 D:\Bai_Tap\Dai_Hoc\Hoc_Ky_7\PHP\htdocs\Web_Phan_Mem_Ma_Nguon_Mo\vendor\codeigniter4\framework\system\CodeIgniter.php(436): CodeIgniter\CodeIgniter->runController(Object(App\Controllers\admin\AdminUserController))
#8 D:\Bai_Tap\Dai_Hoc\Hoc_Ky_7\PHP\htdocs\Web_Phan_Mem_Ma_Nguon_Mo\vendor\codeigniter4\framework\system\CodeIgniter.php(336): CodeIgniter\CodeIgniter->handleRequest(NULL, Object(Config\Cache), false)
#9 D:\Bai_Tap\Dai_Hoc\Hoc_Ky_7\PHP\htdocs\Web_Phan_Mem_Ma_Nguon_Mo\public\index.php(38): CodeIgniter\CodeIgniter->run()
#10 D:\Bai_Tap\Dai_Hoc\Hoc_Ky_7\PHP\htdocs\Web_Phan_Mem_Ma_Nguon_Mo\vendor\codeigniter4\framework\system\Commands\Server\rewrite.php(45): require_once('D:\\Bai_Tap\\Dai_...')
#11 {main}
CRITICAL - 2021-07-19 03:32:38 --> Undefined variable $messages
#0 D:\Bai_Tap\Dai_Hoc\Hoc_Ky_7\PHP\htdocs\Web_Phan_Mem_Ma_Nguon_Mo\app\Views\admin\pages\add-user.php(99): CodeIgniter\Debug\Exceptions->errorHandler(2, 'Undefined varia...', 'D:\\Bai_Tap\\Dai_...', 99)
#1 D:\Bai_Tap\Dai_Hoc\Hoc_Ky_7\PHP\htdocs\Web_Phan_Mem_Ma_Nguon_Mo\vendor\codeigniter4\framework\system\View\View.php(230): include('D:\\Bai_Tap\\Dai_...')
#2 D:\Bai_Tap\Dai_Hoc\Hoc_Ky_7\PHP\htdocs\Web_Phan_Mem_Ma_Nguon_Mo\vendor\codeigniter4\framework\system\View\View.php(232): CodeIgniter\View\View->CodeIgniter\View\{closure}()
#3 D:\Bai_Tap\Dai_Hoc\Hoc_Ky_7\PHP\htdocs\Web_Phan_Mem_Ma_Nguon_Mo\vendor\codeigniter4\framework\system\Common.php(1271): CodeIgniter\View\View->render('admin/pages/add...', Array, true)
#4 D:\Bai_Tap\Dai_Hoc\Hoc_Ky_7\PHP\htdocs\Web_Phan_Mem_Ma_Nguon_Mo\app\Controllers\BaseController.php(88): view('admin/pages/add...', Array)
#5 D:\Bai_Tap\Dai_Hoc\Hoc_Ky_7\PHP\htdocs\Web_Phan_Mem_Ma_Nguon_Mo\app\Controllers\admin\AdminUserController.php(32): App\Controllers\BaseController->loadMastLayout(Array, 'Th\xC3\xAAm ng\xC6\xB0\xE1\xBB\x9Di ...', 'admin/pages/add...', Array)
#6 D:\Bai_Tap\Dai_Hoc\Hoc_Ky_7\PHP\htdocs\Web_Phan_Mem_Ma_Nguon_Mo\vendor\codeigniter4\framework\system\CodeIgniter.php(928): App\Controllers\admin\AdminUserController->addUser()
#7 D:\Bai_Tap\Dai_Hoc\Hoc_Ky_7\PHP\htdocs\Web_Phan_Mem_Ma_Nguon_Mo\vendor\codeigniter4\framework\system\CodeIgniter.php(436): CodeIgniter\CodeIgniter->runController(Object(App\Controllers\admin\AdminUserController))
#8 D:\Bai_Tap\Dai_Hoc\Hoc_Ky_7\PHP\htdocs\Web_Phan_Mem_Ma_Nguon_Mo\vendor\codeigniter4\framework\system\CodeIgniter.php(336): CodeIgniter\CodeIgniter->handleRequest(NULL, Object(Config\Cache), false)
#9 D:\Bai_Tap\Dai_Hoc\Hoc_Ky_7\PHP\htdocs\Web_Phan_Mem_Ma_Nguon_Mo\public\index.php(38): CodeIgniter\CodeIgniter->run()
#10 D:\Bai_Tap\Dai_Hoc\Hoc_Ky_7\PHP\htdocs\Web_Phan_Mem_Ma_Nguon_Mo\vendor\codeigniter4\framework\system\Commands\Server\rewrite.php(45): require_once('D:\\Bai_Tap\\Dai_...')
#11 {main}
CRITICAL - 2021-07-19 03:32:38 --> Undefined variable $messages
#0 D:\Bai_Tap\Dai_Hoc\Hoc_Ky_7\PHP\htdocs\Web_Phan_Mem_Ma_Nguon_Mo\app\Views\admin\pages\add-user.php(99): CodeIgniter\Debug\Exceptions->errorHandler(2, 'Undefined varia...', 'D:\\Bai_Tap\\Dai_...', 99)
#1 D:\Bai_Tap\Dai_Hoc\Hoc_Ky_7\PHP\htdocs\Web_Phan_Mem_Ma_Nguon_Mo\vendor\codeigniter4\framework\system\View\View.php(230): include('D:\\Bai_Tap\\Dai_...')
#2 D:\Bai_Tap\Dai_Hoc\Hoc_Ky_7\PHP\htdocs\Web_Phan_Mem_Ma_Nguon_Mo\vendor\codeigniter4\framework\system\View\View.php(232): CodeIgniter\View\View->CodeIgniter\View\{closure}()
#3 D:\Bai_Tap\Dai_Hoc\Hoc_Ky_7\PHP\htdocs\Web_Phan_Mem_Ma_Nguon_Mo\vendor\codeigniter4\framework\system\Common.php(1271): CodeIgniter\View\View->render('admin/pages/add...', Array, true)
#4 D:\Bai_Tap\Dai_Hoc\Hoc_Ky_7\PHP\htdocs\Web_Phan_Mem_Ma_Nguon_Mo\app\Controllers\BaseController.php(88): view('admin/pages/add...', Array)
#5 D:\Bai_Tap\Dai_Hoc\Hoc_Ky_7\PHP\htdocs\Web_Phan_Mem_Ma_Nguon_Mo\app\Controllers\admin\AdminUserController.php(32): App\Controllers\BaseController->loadMastLayout(Array, 'Th\xC3\xAAm ng\xC6\xB0\xE1\xBB\x9Di ...', 'admin/pages/add...', Array)
#6 D:\Bai_Tap\Dai_Hoc\Hoc_Ky_7\PHP\htdocs\Web_Phan_Mem_Ma_Nguon_Mo\vendor\codeigniter4\framework\system\CodeIgniter.php(928): App\Controllers\admin\AdminUserController->addUser()
#7 D:\Bai_Tap\Dai_Hoc\Hoc_Ky_7\PHP\htdocs\Web_Phan_Mem_Ma_Nguon_Mo\vendor\codeigniter4\framework\system\CodeIgniter.php(436): CodeIgniter\CodeIgniter->runController(Object(App\Controllers\admin\AdminUserController))
#8 D:\Bai_Tap\Dai_Hoc\Hoc_Ky_7\PHP\htdocs\Web_Phan_Mem_Ma_Nguon_Mo\vendor\codeigniter4\framework\system\CodeIgniter.php(336): CodeIgniter\CodeIgniter->handleRequest(NULL, Object(Config\Cache), false)
#9 D:\Bai_Tap\Dai_Hoc\Hoc_Ky_7\PHP\htdocs\Web_Phan_Mem_Ma_Nguon_Mo\public\index.php(38): CodeIgniter\CodeIgniter->run()
#10 D:\Bai_Tap\Dai_Hoc\Hoc_Ky_7\PHP\htdocs\Web_Phan_Mem_Ma_Nguon_Mo\vendor\codeigniter4\framework\system\Commands\Server\rewrite.php(45): require_once('D:\\Bai_Tap\\Dai_...')
#11 {main}
CRITICAL - 2021-07-19 03:32:38 --> Undefined variable $messages
#0 D:\Bai_Tap\Dai_Hoc\Hoc_Ky_7\PHP\htdocs\Web_Phan_Mem_Ma_Nguon_Mo\app\Views\admin\pages\add-user.php(99): CodeIgniter\Debug\Exceptions->errorHandler(2, 'Undefined varia...', 'D:\\Bai_Tap\\Dai_...', 99)
#1 D:\Bai_Tap\Dai_Hoc\Hoc_Ky_7\PHP\htdocs\Web_Phan_Mem_Ma_Nguon_Mo\vendor\codeigniter4\framework\system\View\View.php(230): include('D:\\Bai_Tap\\Dai_...')
#2 D:\Bai_Tap\Dai_Hoc\Hoc_Ky_7\PHP\htdocs\Web_Phan_Mem_Ma_Nguon_Mo\vendor\codeigniter4\framework\system\View\View.php(232): CodeIgniter\View\View->CodeIgniter\View\{closure}()
#3 D:\Bai_Tap\Dai_Hoc\Hoc_Ky_7\PHP\htdocs\Web_Phan_Mem_Ma_Nguon_Mo\vendor\codeigniter4\framework\system\Common.php(1271): CodeIgniter\View\View->render('admin/pages/add...', Array, true)
#4 D:\Bai_Tap\Dai_Hoc\Hoc_Ky_7\PHP\htdocs\Web_Phan_Mem_Ma_Nguon_Mo\app\Controllers\BaseController.php(88): view('admin/pages/add...', Array)
#5 D:\Bai_Tap\Dai_Hoc\Hoc_Ky_7\PHP\htdocs\Web_Phan_Mem_Ma_Nguon_Mo\app\Controllers\admin\AdminUserController.php(32): App\Controllers\BaseController->loadMastLayout(Array, 'Th\xC3\xAAm ng\xC6\xB0\xE1\xBB\x9Di ...', 'admin/pages/add...', Array)
#6 D:\Bai_Tap\Dai_Hoc\Hoc_Ky_7\PHP\htdocs\Web_Phan_Mem_Ma_Nguon_Mo\vendor\codeigniter4\framework\system\CodeIgniter.php(928): App\Controllers\admin\AdminUserController->addUser()
#7 D:\Bai_Tap\Dai_Hoc\Hoc_Ky_7\PHP\htdocs\Web_Phan_Mem_Ma_Nguon_Mo\vendor\codeigniter4\framework\system\CodeIgniter.php(436): CodeIgniter\CodeIgniter->runController(Object(App\Controllers\admin\AdminUserController))
#8 D:\Bai_Tap\Dai_Hoc\Hoc_Ky_7\PHP\htdocs\Web_Phan_Mem_Ma_Nguon_Mo\vendor\codeigniter4\framework\system\CodeIgniter.php(336): CodeIgniter\CodeIgniter->handleRequest(NULL, Object(Config\Cache), false)
#9 D:\Bai_Tap\Dai_Hoc\Hoc_Ky_7\PHP\htdocs\Web_Phan_Mem_Ma_Nguon_Mo\public\index.php(38): CodeIgniter\CodeIgniter->run()
#10 D:\Bai_Tap\Dai_Hoc\Hoc_Ky_7\PHP\htdocs\Web_Phan_Mem_Ma_Nguon_Mo\vendor\codeigniter4\framework\system\Commands\Server\rewrite.php(45): require_once('D:\\Bai_Tap\\Dai_...')
#11 {main}
CRITICAL - 2021-07-19 03:40:08 --> syntax error, unexpected end of file, expecting "elseif" or "else" or "endif"
#0 D:\Bai_Tap\Dai_Hoc\Hoc_Ky_7\PHP\htdocs\Web_Phan_Mem_Ma_Nguon_Mo\vendor\codeigniter4\framework\system\View\View.php(232): CodeIgniter\View\View->CodeIgniter\View\{closure}()
#1 D:\Bai_Tap\Dai_Hoc\Hoc_Ky_7\PHP\htdocs\Web_Phan_Mem_Ma_Nguon_Mo\vendor\codeigniter4\framework\system\Common.php(1271): CodeIgniter\View\View->render('admin/pages/add...', Array, true)
#2 D:\Bai_Tap\Dai_Hoc\Hoc_Ky_7\PHP\htdocs\Web_Phan_Mem_Ma_Nguon_Mo\app\Controllers\BaseController.php(88): view('admin/pages/add...', Array)
#3 D:\Bai_Tap\Dai_Hoc\Hoc_Ky_7\PHP\htdocs\Web_Phan_Mem_Ma_Nguon_Mo\app\Controllers\admin\AdminUserController.php(32): App\Controllers\BaseController->loadMastLayout(Array, 'Th\xC3\xAAm ng\xC6\xB0\xE1\xBB\x9Di ...', 'admin/pages/add...', Array)
#4 D:\Bai_Tap\Dai_Hoc\Hoc_Ky_7\PHP\htdocs\Web_Phan_Mem_Ma_Nguon_Mo\vendor\codeigniter4\framework\system\CodeIgniter.php(928): App\Controllers\admin\AdminUserController->addUser()
#5 D:\Bai_Tap\Dai_Hoc\Hoc_Ky_7\PHP\htdocs\Web_Phan_Mem_Ma_Nguon_Mo\vendor\codeigniter4\framework\system\CodeIgniter.php(436): CodeIgniter\CodeIgniter->runController(Object(App\Controllers\admin\AdminUserController))
#6 D:\Bai_Tap\Dai_Hoc\Hoc_Ky_7\PHP\htdocs\Web_Phan_Mem_Ma_Nguon_Mo\vendor\codeigniter4\framework\system\CodeIgniter.php(336): CodeIgniter\CodeIgniter->handleRequest(NULL, Object(Config\Cache), false)
#7 D:\Bai_Tap\Dai_Hoc\Hoc_Ky_7\PHP\htdocs\Web_Phan_Mem_Ma_Nguon_Mo\public\index.php(38): CodeIgniter\CodeIgniter->run()
#8 D:\Bai_Tap\Dai_Hoc\Hoc_Ky_7\PHP\htdocs\Web_Phan_Mem_Ma_Nguon_Mo\vendor\codeigniter4\framework\system\Commands\Server\rewrite.php(45): require_once('D:\\Bai_Tap\\Dai_...')
#9 {main}
CRITICAL - 2021-07-19 03:41:42 --> Cannot access offset of type string on string
#0 D:\Bai_Tap\Dai_Hoc\Hoc_Ky_7\PHP\htdocs\Web_Phan_Mem_Ma_Nguon_Mo\vendor\codeigniter4\framework\system\View\View.php(230): include()
#1 D:\Bai_Tap\Dai_Hoc\Hoc_Ky_7\PHP\htdocs\Web_Phan_Mem_Ma_Nguon_Mo\vendor\codeigniter4\framework\system\View\View.php(232): CodeIgniter\View\View->CodeIgniter\View\{closure}()
#2 D:\Bai_Tap\Dai_Hoc\Hoc_Ky_7\PHP\htdocs\Web_Phan_Mem_Ma_Nguon_Mo\vendor\codeigniter4\framework\system\Common.php(1271): CodeIgniter\View\View->render('admin/pages/add...', Array, true)
#3 D:\Bai_Tap\Dai_Hoc\Hoc_Ky_7\PHP\htdocs\Web_Phan_Mem_Ma_Nguon_Mo\app\Controllers\BaseController.php(88): view('admin/pages/add...', Array)
#4 D:\Bai_Tap\Dai_Hoc\Hoc_Ky_7\PHP\htdocs\Web_Phan_Mem_Ma_Nguon_Mo\app\Controllers\admin\AdminUserController.php(32): App\Controllers\BaseController->loadMastLayout(Array, 'Th\xC3\xAAm ng\xC6\xB0\xE1\xBB\x9Di ...', 'admin/pages/add...', Array)
#5 D:\Bai_Tap\Dai_Hoc\Hoc_Ky_7\PHP\htdocs\Web_Phan_Mem_Ma_Nguon_Mo\vendor\codeigniter4\framework\system\CodeIgniter.php(928): App\Controllers\admin\AdminUserController->addUser()
#6 D:\Bai_Tap\Dai_Hoc\Hoc_Ky_7\PHP\htdocs\Web_Phan_Mem_Ma_Nguon_Mo\vendor\codeigniter4\framework\system\CodeIgniter.php(436): CodeIgniter\CodeIgniter->runController(Object(App\Controllers\admin\AdminUserController))
#7 D:\Bai_Tap\Dai_Hoc\Hoc_Ky_7\PHP\htdocs\Web_Phan_Mem_Ma_Nguon_Mo\vendor\codeigniter4\framework\system\CodeIgniter.php(336): CodeIgniter\CodeIgniter->handleRequest(NULL, Object(Config\Cache), false)
#8 D:\Bai_Tap\Dai_Hoc\Hoc_Ky_7\PHP\htdocs\Web_Phan_Mem_Ma_Nguon_Mo\public\index.php(38): CodeIgniter\CodeIgniter->run()
#9 D:\Bai_Tap\Dai_Hoc\Hoc_Ky_7\PHP\htdocs\Web_Phan_Mem_Ma_Nguon_Mo\vendor\codeigniter4\framework\system\Commands\Server\rewrite.php(45): require_once('D:\\Bai_Tap\\Dai_...')
#10 {main}
CRITICAL - 2021-07-19 03:42:40 --> Call to undefined function Password quá ngắn, vui lòng nhập 6 ký tự!()
#0 D:\Bai_Tap\Dai_Hoc\Hoc_Ky_7\PHP\htdocs\Web_Phan_Mem_Ma_Nguon_Mo\vendor\codeigniter4\framework\system\View\View.php(230): include()
#1 D:\Bai_Tap\Dai_Hoc\Hoc_Ky_7\PHP\htdocs\Web_Phan_Mem_Ma_Nguon_Mo\vendor\codeigniter4\framework\system\View\View.php(232): CodeIgniter\View\View->CodeIgniter\View\{closure}()
#2 D:\Bai_Tap\Dai_Hoc\Hoc_Ky_7\PHP\htdocs\Web_Phan_Mem_Ma_Nguon_Mo\vendor\codeigniter4\framework\system\Common.php(1271): CodeIgniter\View\View->render('admin/pages/add...', Array, true)
#3 D:\Bai_Tap\Dai_Hoc\Hoc_Ky_7\PHP\htdocs\Web_Phan_Mem_Ma_Nguon_Mo\app\Controllers\BaseController.php(88): view('admin/pages/add...', Array)
#4 D:\Bai_Tap\Dai_Hoc\Hoc_Ky_7\PHP\htdocs\Web_Phan_Mem_Ma_Nguon_Mo\app\Controllers\admin\AdminUserController.php(32): App\Controllers\BaseController->loadMastLayout(Array, 'Th\xC3\xAAm ng\xC6\xB0\xE1\xBB\x9Di ...', 'admin/pages/add...', Array)
#5 D:\Bai_Tap\Dai_Hoc\Hoc_Ky_7\PHP\htdocs\Web_Phan_Mem_Ma_Nguon_Mo\vendor\codeigniter4\framework\system\CodeIgniter.php(928): App\Controllers\admin\AdminUserController->addUser()
#6 D:\Bai_Tap\Dai_Hoc\Hoc_Ky_7\PHP\htdocs\Web_Phan_Mem_Ma_Nguon_Mo\vendor\codeigniter4\framework\system\CodeIgniter.php(436): CodeIgniter\CodeIgniter->runController(Object(App\Controllers\admin\AdminUserController))
#7 D:\Bai_Tap\Dai_Hoc\Hoc_Ky_7\PHP\htdocs\Web_Phan_Mem_Ma_Nguon_Mo\vendor\codeigniter4\framework\system\CodeIgniter.php(336): CodeIgniter\CodeIgniter->handleRequest(NULL, Object(Config\Cache), false)
#8 D:\Bai_Tap\Dai_Hoc\Hoc_Ky_7\PHP\htdocs\Web_Phan_Mem_Ma_Nguon_Mo\public\index.php(38): CodeIgniter\CodeIgniter->run()
#9 D:\Bai_Tap\Dai_Hoc\Hoc_Ky_7\PHP\htdocs\Web_Phan_Mem_Ma_Nguon_Mo\vendor\codeigniter4\framework\system\Commands\Server\rewrite.php(45): require_once('D:\\Bai_Tap\\Dai_...')
#10 {main}
CRITICAL - 2021-07-19 03:43:00 --> Call to undefined function Password quá ngắn, vui lòng nhập 6 ký tự!()
#0 D:\Bai_Tap\Dai_Hoc\Hoc_Ky_7\PHP\htdocs\Web_Phan_Mem_Ma_Nguon_Mo\vendor\codeigniter4\framework\system\View\View.php(230): include()
#1 D:\Bai_Tap\Dai_Hoc\Hoc_Ky_7\PHP\htdocs\Web_Phan_Mem_Ma_Nguon_Mo\vendor\codeigniter4\framework\system\View\View.php(232): CodeIgniter\View\View->CodeIgniter\View\{closure}()
#2 D:\Bai_Tap\Dai_Hoc\Hoc_Ky_7\PHP\htdocs\Web_Phan_Mem_Ma_Nguon_Mo\vendor\codeigniter4\framework\system\Common.php(1271): CodeIgniter\View\View->render('admin/pages/add...', Array, true)
#3 D:\Bai_Tap\Dai_Hoc\Hoc_Ky_7\PHP\htdocs\Web_Phan_Mem_Ma_Nguon_Mo\app\Controllers\BaseController.php(88): view('admin/pages/add...', Array)
#4 D:\Bai_Tap\Dai_Hoc\Hoc_Ky_7\PHP\htdocs\Web_Phan_Mem_Ma_Nguon_Mo\app\Controllers\admin\AdminUserController.php(32): App\Controllers\BaseController->loadMastLayout(Array, 'Th\xC3\xAAm ng\xC6\xB0\xE1\xBB\x9Di ...', 'admin/pages/add...', Array)
#5 D:\Bai_Tap\Dai_Hoc\Hoc_Ky_7\PHP\htdocs\Web_Phan_Mem_Ma_Nguon_Mo\vendor\codeigniter4\framework\system\CodeIgniter.php(928): App\Controllers\admin\AdminUserController->addUser()
#6 D:\Bai_Tap\Dai_Hoc\Hoc_Ky_7\PHP\htdocs\Web_Phan_Mem_Ma_Nguon_Mo\vendor\codeigniter4\framework\system\CodeIgniter.php(436): CodeIgniter\CodeIgniter->runController(Object(App\Controllers\admin\AdminUserController))
#7 D:\Bai_Tap\Dai_Hoc\Hoc_Ky_7\PHP\htdocs\Web_Phan_Mem_Ma_Nguon_Mo\vendor\codeigniter4\framework\system\CodeIgniter.php(336): CodeIgniter\CodeIgniter->handleRequest(NULL, Object(Config\Cache), false)
#8 D:\Bai_Tap\Dai_Hoc\Hoc_Ky_7\PHP\htdocs\Web_Phan_Mem_Ma_Nguon_Mo\public\index.php(38): CodeIgniter\CodeIgniter->run()
#9 D:\Bai_Tap\Dai_Hoc\Hoc_Ky_7\PHP\htdocs\Web_Phan_Mem_Ma_Nguon_Mo\vendor\codeigniter4\framework\system\Commands\Server\rewrite.php(45): require_once('D:\\Bai_Tap\\Dai_...')
#10 {main}
CRITICAL - 2021-07-19 03:43:23 --> Cannot access offset of type string on string
#0 D:\Bai_Tap\Dai_Hoc\Hoc_Ky_7\PHP\htdocs\Web_Phan_Mem_Ma_Nguon_Mo\vendor\codeigniter4\framework\system\View\View.php(230): include()
#1 D:\Bai_Tap\Dai_Hoc\Hoc_Ky_7\PHP\htdocs\Web_Phan_Mem_Ma_Nguon_Mo\vendor\codeigniter4\framework\system\View\View.php(232): CodeIgniter\View\View->CodeIgniter\View\{closure}()
#2 D:\Bai_Tap\Dai_Hoc\Hoc_Ky_7\PHP\htdocs\Web_Phan_Mem_Ma_Nguon_Mo\vendor\codeigniter4\framework\system\Common.php(1271): CodeIgniter\View\View->render('admin/pages/add...', Array, true)
#3 D:\Bai_Tap\Dai_Hoc\Hoc_Ky_7\PHP\htdocs\Web_Phan_Mem_Ma_Nguon_Mo\app\Controllers\BaseController.php(88): view('admin/pages/add...', Array)
#4 D:\Bai_Tap\Dai_Hoc\Hoc_Ky_7\PHP\htdocs\Web_Phan_Mem_Ma_Nguon_Mo\app\Controllers\admin\AdminUserController.php(32): App\Controllers\BaseController->loadMastLayout(Array, 'Th\xC3\xAAm ng\xC6\xB0\xE1\xBB\x9Di ...', 'admin/pages/add...', Array)
#5 D:\Bai_Tap\Dai_Hoc\Hoc_Ky_7\PHP\htdocs\Web_Phan_Mem_Ma_Nguon_Mo\vendor\codeigniter4\framework\system\CodeIgniter.php(928): App\Controllers\admin\AdminUserController->addUser()
#6 D:\Bai_Tap\Dai_Hoc\Hoc_Ky_7\PHP\htdocs\Web_Phan_Mem_Ma_Nguon_Mo\vendor\codeigniter4\framework\system\CodeIgniter.php(436): CodeIgniter\CodeIgniter->runController(Object(App\Controllers\admin\AdminUserController))
#7 D:\Bai_Tap\Dai_Hoc\Hoc_Ky_7\PHP\htdocs\Web_Phan_Mem_Ma_Nguon_Mo\vendor\codeigniter4\framework\system\CodeIgniter.php(336): CodeIgniter\CodeIgniter->handleRequest(NULL, Object(Config\Cache), false)
#8 D:\Bai_Tap\Dai_Hoc\Hoc_Ky_7\PHP\htdocs\Web_Phan_Mem_Ma_Nguon_Mo\public\index.php(38): CodeIgniter\CodeIgniter->run()
#9 D:\Bai_Tap\Dai_Hoc\Hoc_Ky_7\PHP\htdocs\Web_Phan_Mem_Ma_Nguon_Mo\vendor\codeigniter4\framework\system\Commands\Server\rewrite.php(45): require_once('D:\\Bai_Tap\\Dai_...')
#10 {main}
CRITICAL - 2021-07-19 03:43:43 --> Cannot access offset of type string on string
#0 D:\Bai_Tap\Dai_Hoc\Hoc_Ky_7\PHP\htdocs\Web_Phan_Mem_Ma_Nguon_Mo\vendor\codeigniter4\framework\system\View\View.php(230): include()
#1 D:\Bai_Tap\Dai_Hoc\Hoc_Ky_7\PHP\htdocs\Web_Phan_Mem_Ma_Nguon_Mo\vendor\codeigniter4\framework\system\View\View.php(232): CodeIgniter\View\View->CodeIgniter\View\{closure}()
#2 D:\Bai_Tap\Dai_Hoc\Hoc_Ky_7\PHP\htdocs\Web_Phan_Mem_Ma_Nguon_Mo\vendor\codeigniter4\framework\system\Common.php(1271): CodeIgniter\View\View->render('admin/pages/add...', Array, true)
#3 D:\Bai_Tap\Dai_Hoc\Hoc_Ky_7\PHP\htdocs\Web_Phan_Mem_Ma_Nguon_Mo\app\Controllers\BaseController.php(88): view('admin/pages/add...', Array)
#4 D:\Bai_Tap\Dai_Hoc\Hoc_Ky_7\PHP\htdocs\Web_Phan_Mem_Ma_Nguon_Mo\app\Controllers\admin\AdminUserController.php(32): App\Controllers\BaseController->loadMastLayout(Array, 'Th\xC3\xAAm ng\xC6\xB0\xE1\xBB\x9Di ...', 'admin/pages/add...', Array)
#5 D:\Bai_Tap\Dai_Hoc\Hoc_Ky_7\PHP\htdocs\Web_Phan_Mem_Ma_Nguon_Mo\vendor\codeigniter4\framework\system\CodeIgniter.php(928): App\Controllers\admin\AdminUserController->addUser()
#6 D:\Bai_Tap\Dai_Hoc\Hoc_Ky_7\PHP\htdocs\Web_Phan_Mem_Ma_Nguon_Mo\vendor\codeigniter4\framework\system\CodeIgniter.php(436): CodeIgniter\CodeIgniter->runController(Object(App\Controllers\admin\AdminUserController))
#7 D:\Bai_Tap\Dai_Hoc\Hoc_Ky_7\PHP\htdocs\Web_Phan_Mem_Ma_Nguon_Mo\vendor\codeigniter4\framework\system\CodeIgniter.php(336): CodeIgniter\CodeIgniter->handleRequest(NULL, Object(Config\Cache), false)
#8 D:\Bai_Tap\Dai_Hoc\Hoc_Ky_7\PHP\htdocs\Web_Phan_Mem_Ma_Nguon_Mo\public\index.php(38): CodeIgniter\CodeIgniter->run()
#9 D:\Bai_Tap\Dai_Hoc\Hoc_Ky_7\PHP\htdocs\Web_Phan_Mem_Ma_Nguon_Mo\vendor\codeigniter4\framework\system\Commands\Server\rewrite.php(45): require_once('D:\\Bai_Tap\\Dai_...')
#10 {main}
CRITICAL - 2021-07-19 03:47:34 --> foreach() argument must be of type array|object, null given
#0 D:\Bai_Tap\Dai_Hoc\Hoc_Ky_7\PHP\htdocs\Web_Phan_Mem_Ma_Nguon_Mo\app\Views\admin\pages\add-user.php(93): CodeIgniter\Debug\Exceptions->errorHandler(2, 'foreach() argum...', 'D:\\Bai_Tap\\Dai_...', 93)
#1 D:\Bai_Tap\Dai_Hoc\Hoc_Ky_7\PHP\htdocs\Web_Phan_Mem_Ma_Nguon_Mo\vendor\codeigniter4\framework\system\View\View.php(230): include('D:\\Bai_Tap\\Dai_...')
#2 D:\Bai_Tap\Dai_Hoc\Hoc_Ky_7\PHP\htdocs\Web_Phan_Mem_Ma_Nguon_Mo\vendor\codeigniter4\framework\system\View\View.php(232): CodeIgniter\View\View->CodeIgniter\View\{closure}()
#3 D:\Bai_Tap\Dai_Hoc\Hoc_Ky_7\PHP\htdocs\Web_Phan_Mem_Ma_Nguon_Mo\vendor\codeigniter4\framework\system\Common.php(1271): CodeIgniter\View\View->render('admin/pages/add...', Array, true)
#4 D:\Bai_Tap\Dai_Hoc\Hoc_Ky_7\PHP\htdocs\Web_Phan_Mem_Ma_Nguon_Mo\app\Controllers\BaseController.php(88): view('admin/pages/add...', Array)
#5 D:\Bai_Tap\Dai_Hoc\Hoc_Ky_7\PHP\htdocs\Web_Phan_Mem_Ma_Nguon_Mo\app\Controllers\admin\AdminUserController.php(32): App\Controllers\BaseController->loadMastLayout(Array, 'Th\xC3\xAAm ng\xC6\xB0\xE1\xBB\x9Di ...', 'admin/pages/add...', Array)
#6 D:\Bai_Tap\Dai_Hoc\Hoc_Ky_7\PHP\htdocs\Web_Phan_Mem_Ma_Nguon_Mo\vendor\codeigniter4\framework\system\CodeIgniter.php(928): App\Controllers\admin\AdminUserController->addUser()
#7 D:\Bai_Tap\Dai_Hoc\Hoc_Ky_7\PHP\htdocs\Web_Phan_Mem_Ma_Nguon_Mo\vendor\codeigniter4\framework\system\CodeIgniter.php(436): CodeIgniter\CodeIgniter->runController(Object(App\Controllers\admin\AdminUserController))
#8 D:\Bai_Tap\Dai_Hoc\Hoc_Ky_7\PHP\htdocs\Web_Phan_Mem_Ma_Nguon_Mo\vendor\codeigniter4\framework\system\CodeIgniter.php(336): CodeIgniter\CodeIgniter->handleRequest(NULL, Object(Config\Cache), false)
#9 D:\Bai_Tap\Dai_Hoc\Hoc_Ky_7\PHP\htdocs\Web_Phan_Mem_Ma_Nguon_Mo\public\index.php(38): CodeIgniter\CodeIgniter->run()
#10 D:\Bai_Tap\Dai_Hoc\Hoc_Ky_7\PHP\htdocs\Web_Phan_Mem_Ma_Nguon_Mo\vendor\codeigniter4\framework\system\Commands\Server\rewrite.php(45): require_once('D:\\Bai_Tap\\Dai_...')
#11 {main}
CRITICAL - 2021-07-19 03:53:00 --> Undefined property: App\Service\user\UserService::$load
#0 D:\Bai_Tap\Dai_Hoc\Hoc_Ky_7\PHP\htdocs\Web_Phan_Mem_Ma_Nguon_Mo\app\Service\user\UserService.php(43): CodeIgniter\Debug\Exceptions->errorHandler(2, 'Undefined prope...', 'D:\\Bai_Tap\\Dai_...', 43)
#1 D:\Bai_Tap\Dai_Hoc\Hoc_Ky_7\PHP\htdocs\Web_Phan_Mem_Ma_Nguon_Mo\app\Service\user\UserService.php(28): App\Service\user\UserService->validateAddUser(Object(CodeIgniter\HTTP\IncomingRequest))
#2 D:\Bai_Tap\Dai_Hoc\Hoc_Ky_7\PHP\htdocs\Web_Phan_Mem_Ma_Nguon_Mo\app\Controllers\admin\AdminUserController.php(38): App\Service\user\UserService->addUser(Object(CodeIgniter\HTTP\IncomingRequest))
#3 D:\Bai_Tap\Dai_Hoc\Hoc_Ky_7\PHP\htdocs\Web_Phan_Mem_Ma_Nguon_Mo\vendor\codeigniter4\framework\system\CodeIgniter.php(928): App\Controllers\admin\AdminUserController->createUser()
#4 D:\Bai_Tap\Dai_Hoc\Hoc_Ky_7\PHP\htdocs\Web_Phan_Mem_Ma_Nguon_Mo\vendor\codeigniter4\framework\system\CodeIgniter.php(436): CodeIgniter\CodeIgniter->runController(Object(App\Controllers\admin\AdminUserController))
#5 D:\Bai_Tap\Dai_Hoc\Hoc_Ky_7\PHP\htdocs\Web_Phan_Mem_Ma_Nguon_Mo\vendor\codeigniter4\framework\system\CodeIgniter.php(336): CodeIgniter\CodeIgniter->handleRequest(NULL, Object(Config\Cache), false)
#6 D:\Bai_Tap\Dai_Hoc\Hoc_Ky_7\PHP\htdocs\Web_Phan_Mem_Ma_Nguon_Mo\public\index.php(38): CodeIgniter\CodeIgniter->run()
#7 D:\Bai_Tap\Dai_Hoc\Hoc_Ky_7\PHP\htdocs\Web_Phan_Mem_Ma_Nguon_Mo\vendor\codeigniter4\framework\system\Commands\Server\rewrite.php(45): require_once('D:\\Bai_Tap\\Dai_...')
#8 {main}
CRITICAL - 2021-07-19 04:31:23 --> Call to undefined method App\Models\UserModel::protected
#0 D:\Bai_Tap\Dai_Hoc\Hoc_Ky_7\PHP\htdocs\Web_Phan_Mem_Ma_Nguon_Mo\app\Service\user\UserService.php(18): CodeIgniter\Model->__call('protected', Array)
#1 D:\Bai_Tap\Dai_Hoc\Hoc_Ky_7\PHP\htdocs\Web_Phan_Mem_Ma_Nguon_Mo\app\Controllers\admin\AdminUserController.php(17): App\Service\user\UserService->__construct()
#2 D:\Bai_Tap\Dai_Hoc\Hoc_Ky_7\PHP\htdocs\Web_Phan_Mem_Ma_Nguon_Mo\vendor\codeigniter4\framework\system\CodeIgniter.php(900): App\Controllers\admin\AdminUserController->__construct()
#3 D:\Bai_Tap\Dai_Hoc\Hoc_Ky_7\PHP\htdocs\Web_Phan_Mem_Ma_Nguon_Mo\vendor\codeigniter4\framework\system\CodeIgniter.php(426): CodeIgniter\CodeIgniter->createController()
#4 D:\Bai_Tap\Dai_Hoc\Hoc_Ky_7\PHP\htdocs\Web_Phan_Mem_Ma_Nguon_Mo\vendor\codeigniter4\framework\system\CodeIgniter.php(336): CodeIgniter\CodeIgniter->handleRequest(NULL, Object(Config\Cache), false)
#5 D:\Bai_Tap\Dai_Hoc\Hoc_Ky_7\PHP\htdocs\Web_Phan_Mem_Ma_Nguon_Mo\public\index.php(38): CodeIgniter\CodeIgniter->run()
#6 D:\Bai_Tap\Dai_Hoc\Hoc_Ky_7\PHP\htdocs\Web_Phan_Mem_Ma_Nguon_Mo\vendor\codeigniter4\framework\system\Commands\Server\rewrite.php(45): require_once('D:\\Bai_Tap\\Dai_...')
#7 {main}
CRITICAL - 2021-07-19 05:58:36 --> Undefined variable $user
#0 D:\Bai_Tap\Dai_Hoc\Hoc_Ky_7\PHP\htdocs\Web_Phan_Mem_Ma_Nguon_Mo\app\Views\admin\pages\edit-user.php(97): CodeIgniter\Debug\Exceptions->errorHandler(2, 'Undefined varia...', 'D:\\Bai_Tap\\Dai_...', 97)
#1 D:\Bai_Tap\Dai_Hoc\Hoc_Ky_7\PHP\htdocs\Web_Phan_Mem_Ma_Nguon_Mo\vendor\codeigniter4\framework\system\View\View.php(230): include('D:\\Bai_Tap\\Dai_...')
#2 D:\Bai_Tap\Dai_Hoc\Hoc_Ky_7\PHP\htdocs\Web_Phan_Mem_Ma_Nguon_Mo\vendor\codeigniter4\framework\system\View\View.php(232): CodeIgniter\View\View->CodeIgniter\View\{closure}()
#3 D:\Bai_Tap\Dai_Hoc\Hoc_Ky_7\PHP\htdocs\Web_Phan_Mem_Ma_Nguon_Mo\vendor\codeigniter4\framework\system\Common.php(1271): CodeIgniter\View\View->render('admin/pages/edi...', Array, true)
#4 D:\Bai_Tap\Dai_Hoc\Hoc_Ky_7\PHP\htdocs\Web_Phan_Mem_Ma_Nguon_Mo\app\Controllers\BaseController.php(88): view('admin/pages/edi...', Array)
#5 D:\Bai_Tap\Dai_Hoc\Hoc_Ky_7\PHP\htdocs\Web_Phan_Mem_Ma_Nguon_Mo\app\Controllers\admin\AdminUserController.php(51): App\Controllers\BaseController->loadMastLayout(Array, 'S\xE1\xBB\xADa ng\xC6\xB0\xE1\xBB\x9Di ...', 'admin/pages/edi...', Array)
#6 D:\Bai_Tap\Dai_Hoc\Hoc_Ky_7\PHP\htdocs\Web_Phan_Mem_Ma_Nguon_Mo\vendor\codeigniter4\framework\system\CodeIgniter.php(928): App\Controllers\admin\AdminUserController->editUser('16')
#7 D:\Bai_Tap\Dai_Hoc\Hoc_Ky_7\PHP\htdocs\Web_Phan_Mem_Ma_Nguon_Mo\vendor\codeigniter4\framework\system\CodeIgniter.php(436): CodeIgniter\CodeIgniter->runController(Object(App\Controllers\admin\AdminUserController))
#8 D:\Bai_Tap\Dai_Hoc\Hoc_Ky_7\PHP\htdocs\Web_Phan_Mem_Ma_Nguon_Mo\vendor\codeigniter4\framework\system\CodeIgniter.php(336): CodeIgniter\CodeIgniter->handleRequest(NULL, Object(Config\Cache), false)
#9 D:\Bai_Tap\Dai_Hoc\Hoc_Ky_7\PHP\htdocs\Web_Phan_Mem_Ma_Nguon_Mo\public\index.php(38): CodeIgniter\CodeIgniter->run()
#10 D:\Bai_Tap\Dai_Hoc\Hoc_Ky_7\PHP\htdocs\Web_Phan_Mem_Ma_Nguon_Mo\vendor\codeigniter4\framework\system\Commands\Server\rewrite.php(45): require_once('D:\\Bai_Tap\\Dai_...')
#11 {main}
CRITICAL - 2021-07-19 20:48:21 --> Required parameter $cssFiles follows optional parameter $dataLayout
#0 D:\Bai_Tap\Dai_Hoc\Hoc_Ky_7\PHP\htdocs\Web_Phan_Mem_Ma_Nguon_Mo\vendor\codeigniter4\framework\system\Autoloader\Autoloader.php(300): CodeIgniter\Debug\Exceptions->errorHandler(8192, 'Required parame...', 'D:\\Bai_Tap\\Dai_...', 83)
#1 D:\Bai_Tap\Dai_Hoc\Hoc_Ky_7\PHP\htdocs\Web_Phan_Mem_Ma_Nguon_Mo\vendor\codeigniter4\framework\system\Autoloader\Autoloader.php(300): include_once()
#2 D:\Bai_Tap\Dai_Hoc\Hoc_Ky_7\PHP\htdocs\Web_Phan_Mem_Ma_Nguon_Mo\vendor\codeigniter4\framework\system\Autoloader\Autoloader.php(273): CodeIgniter\Autoloader\Autoloader->includeFile('D:\\Bai_Tap\\Dai_...')
#3 D:\Bai_Tap\Dai_Hoc\Hoc_Ky_7\PHP\htdocs\Web_Phan_Mem_Ma_Nguon_Mo\vendor\codeigniter4\framework\system\Autoloader\Autoloader.php(247): CodeIgniter\Autoloader\Autoloader->loadInNamespace('App\\Controllers...')
#4 D:\Bai_Tap\Dai_Hoc\Hoc_Ky_7\PHP\htdocs\Web_Phan_Mem_Ma_Nguon_Mo\app\Controllers\user\HomeController.php(6): CodeIgniter\Autoloader\Autoloader->loadClass('App\\Controllers...')
#5 D:\Bai_Tap\Dai_Hoc\Hoc_Ky_7\PHP\htdocs\Web_Phan_Mem_Ma_Nguon_Mo\vendor\codeigniter4\framework\system\Autoloader\Autoloader.php(300): include_once('D:\\Bai_Tap\\Dai_...')
#6 D:\Bai_Tap\Dai_Hoc\Hoc_Ky_7\PHP\htdocs\Web_Phan_Mem_Ma_Nguon_Mo\vendor\codeigniter4\framework\system\Autoloader\Autoloader.php(273): CodeIgniter\Autoloader\Autoloader->includeFile('D:\\Bai_Tap\\Dai_...')
#7 D:\Bai_Tap\Dai_Hoc\Hoc_Ky_7\PHP\htdocs\Web_Phan_Mem_Ma_Nguon_Mo\vendor\codeigniter4\framework\system\Autoloader\Autoloader.php(247): CodeIgniter\Autoloader\Autoloader->loadInNamespace('App\\Controllers...')
#8 [internal function]: CodeIgniter\Autoloader\Autoloader->loadClass('App\\Controllers...')
#9 D:\Bai_Tap\Dai_Hoc\Hoc_Ky_7\PHP\htdocs\Web_Phan_Mem_Ma_Nguon_Mo\vendor\codeigniter4\framework\system\CodeIgniter.php(885): class_exists('\\App\\Controller...', true)
#10 D:\Bai_Tap\Dai_Hoc\Hoc_Ky_7\PHP\htdocs\Web_Phan_Mem_Ma_Nguon_Mo\vendor\codeigniter4\framework\system\CodeIgniter.php(421): CodeIgniter\CodeIgniter->startController()
#11 D:\Bai_Tap\Dai_Hoc\Hoc_Ky_7\PHP\htdocs\Web_Phan_Mem_Ma_Nguon_Mo\vendor\codeigniter4\framework\system\CodeIgniter.php(336): CodeIgniter\CodeIgniter->handleRequest(NULL, Object(Config\Cache), false)
#12 D:\Bai_Tap\Dai_Hoc\Hoc_Ky_7\PHP\htdocs\Web_Phan_Mem_Ma_Nguon_Mo\public\index.php(38): CodeIgniter\CodeIgniter->run()
#13 D:\Bai_Tap\Dai_Hoc\Hoc_Ky_7\PHP\htdocs\Web_Phan_Mem_Ma_Nguon_Mo\vendor\codeigniter4\framework\system\Commands\Server\rewrite.php(45): require_once('D:\\Bai_Tap\\Dai_...')
#14 {main}
CRITICAL - 2021-07-19 22:17:54 --> Undefined property: App\Controllers\admin\AdminController::$load
#0 D:\Bai_Tap\Dai_Hoc\Hoc_Ky_7\PHP\htdocs\Web_Phan_Mem_Ma_Nguon_Mo\app\Controllers\admin\AdminController.php(17): CodeIgniter\Debug\Exceptions->errorHandler(2, 'Undefined prope...', 'D:\\Bai_Tap\\Dai_...', 17)
#1 D:\Bai_Tap\Dai_Hoc\Hoc_Ky_7\PHP\htdocs\Web_Phan_Mem_Ma_Nguon_Mo\vendor\codeigniter4\framework\system\CodeIgniter.php(928): App\Controllers\admin\AdminController->Create()
#2 D:\Bai_Tap\Dai_Hoc\Hoc_Ky_7\PHP\htdocs\Web_Phan_Mem_Ma_Nguon_Mo\vendor\codeigniter4\framework\system\CodeIgniter.php(436): CodeIgniter\CodeIgniter->runController(Object(App\Controllers\admin\AdminController))
#3 D:\Bai_Tap\Dai_Hoc\Hoc_Ky_7\PHP\htdocs\Web_Phan_Mem_Ma_Nguon_Mo\vendor\codeigniter4\framework\system\CodeIgniter.php(336): CodeIgniter\CodeIgniter->handleRequest(NULL, Object(Config\Cache), false)
#4 D:\Bai_Tap\Dai_Hoc\Hoc_Ky_7\PHP\htdocs\Web_Phan_Mem_Ma_Nguon_Mo\public\index.php(38): CodeIgniter\CodeIgniter->run()
#5 D:\Bai_Tap\Dai_Hoc\Hoc_Ky_7\PHP\htdocs\Web_Phan_Mem_Ma_Nguon_Mo\vendor\codeigniter4\framework\system\Commands\Server\rewrite.php(45): require_once('D:\\Bai_Tap\\Dai_...')
#6 {main}
CRITICAL - 2021-07-19 22:29:31 --> Undefined property: App\Controllers\admin\AdminController::$load
#0 D:\Bai_Tap\Dai_Hoc\Hoc_Ky_7\PHP\htdocs\Web_Phan_Mem_Ma_Nguon_Mo\app\Controllers\admin\AdminController.php(21): CodeIgniter\Debug\Exceptions->errorHandler(2, 'Undefined prope...', 'D:\\Bai_Tap\\Dai_...', 21)
#1 D:\Bai_Tap\Dai_Hoc\Hoc_Ky_7\PHP\htdocs\Web_Phan_Mem_Ma_Nguon_Mo\vendor\codeigniter4\framework\system\CodeIgniter.php(928): App\Controllers\admin\AdminController->Create()
#2 D:\Bai_Tap\Dai_Hoc\Hoc_Ky_7\PHP\htdocs\Web_Phan_Mem_Ma_Nguon_Mo\vendor\codeigniter4\framework\system\CodeIgniter.php(436): CodeIgniter\CodeIgniter->runController(Object(App\Controllers\admin\AdminController))
#3 D:\Bai_Tap\Dai_Hoc\Hoc_Ky_7\PHP\htdocs\Web_Phan_Mem_Ma_Nguon_Mo\vendor\codeigniter4\framework\system\CodeIgniter.php(336): CodeIgniter\CodeIgniter->handleRequest(NULL, Object(Config\Cache), false)
#4 D:\Bai_Tap\Dai_Hoc\Hoc_Ky_7\PHP\htdocs\Web_Phan_Mem_Ma_Nguon_Mo\public\index.php(38): CodeIgniter\CodeIgniter->run()
#5 D:\Bai_Tap\Dai_Hoc\Hoc_Ky_7\PHP\htdocs\Web_Phan_Mem_Ma_Nguon_Mo\vendor\codeigniter4\framework\system\Commands\Server\rewrite.php(45): require_once('D:\\Bai_Tap\\Dai_...')
#6 {main}
CRITICAL - 2021-07-19 22:29:32 --> Undefined property: App\Controllers\admin\AdminController::$load
#0 D:\Bai_Tap\Dai_Hoc\Hoc_Ky_7\PHP\htdocs\Web_Phan_Mem_Ma_Nguon_Mo\app\Controllers\admin\AdminController.php(21): CodeIgniter\Debug\Exceptions->errorHandler(2, 'Undefined prope...', 'D:\\Bai_Tap\\Dai_...', 21)
#1 D:\Bai_Tap\Dai_Hoc\Hoc_Ky_7\PHP\htdocs\Web_Phan_Mem_Ma_Nguon_Mo\vendor\codeigniter4\framework\system\CodeIgniter.php(928): App\Controllers\admin\AdminController->Create()
#2 D:\Bai_Tap\Dai_Hoc\Hoc_Ky_7\PHP\htdocs\Web_Phan_Mem_Ma_Nguon_Mo\vendor\codeigniter4\framework\system\CodeIgniter.php(436): CodeIgniter\CodeIgniter->runController(Object(App\Controllers\admin\AdminController))
#3 D:\Bai_Tap\Dai_Hoc\Hoc_Ky_7\PHP\htdocs\Web_Phan_Mem_Ma_Nguon_Mo\vendor\codeigniter4\framework\system\CodeIgniter.php(336): CodeIgniter\CodeIgniter->handleRequest(NULL, Object(Config\Cache), false)
#4 D:\Bai_Tap\Dai_Hoc\Hoc_Ky_7\PHP\htdocs\Web_Phan_Mem_Ma_Nguon_Mo\public\index.php(38): CodeIgniter\CodeIgniter->run()
#5 D:\Bai_Tap\Dai_Hoc\Hoc_Ky_7\PHP\htdocs\Web_Phan_Mem_Ma_Nguon_Mo\vendor\codeigniter4\framework\system\Commands\Server\rewrite.php(45): require_once('D:\\Bai_Tap\\Dai_...')
#6 {main}
CRITICAL - 2021-07-19 22:31:28 --> Undefined property: App\Controllers\admin\AdminController::$load
#0 D:\Bai_Tap\Dai_Hoc\Hoc_Ky_7\PHP\htdocs\Web_Phan_Mem_Ma_Nguon_Mo\app\Controllers\admin\AdminController.php(21): CodeIgniter\Debug\Exceptions->errorHandler(2, 'Undefined prope...', 'D:\\Bai_Tap\\Dai_...', 21)
#1 D:\Bai_Tap\Dai_Hoc\Hoc_Ky_7\PHP\htdocs\Web_Phan_Mem_Ma_Nguon_Mo\vendor\codeigniter4\framework\system\CodeIgniter.php(928): App\Controllers\admin\AdminController->Create()
#2 D:\Bai_Tap\Dai_Hoc\Hoc_Ky_7\PHP\htdocs\Web_Phan_Mem_Ma_Nguon_Mo\vendor\codeigniter4\framework\system\CodeIgniter.php(436): CodeIgniter\CodeIgniter->runController(Object(App\Controllers\admin\AdminController))
#3 D:\Bai_Tap\Dai_Hoc\Hoc_Ky_7\PHP\htdocs\Web_Phan_Mem_Ma_Nguon_Mo\vendor\codeigniter4\framework\system\CodeIgniter.php(336): CodeIgniter\CodeIgniter->handleRequest(NULL, Object(Config\Cache), false)
#4 D:\Bai_Tap\Dai_Hoc\Hoc_Ky_7\PHP\htdocs\Web_Phan_Mem_Ma_Nguon_Mo\public\index.php(38): CodeIgniter\CodeIgniter->run()
#5 D:\Bai_Tap\Dai_Hoc\Hoc_Ky_7\PHP\htdocs\Web_Phan_Mem_Ma_Nguon_Mo\vendor\codeigniter4\framework\system\Commands\Server\rewrite.php(45): require_once('D:\\Bai_Tap\\Dai_...')
#6 {main}
CRITICAL - 2021-07-19 22:31:29 --> Undefined property: App\Controllers\admin\AdminController::$load
#0 D:\Bai_Tap\Dai_Hoc\Hoc_Ky_7\PHP\htdocs\Web_Phan_Mem_Ma_Nguon_Mo\app\Controllers\admin\AdminController.php(21): CodeIgniter\Debug\Exceptions->errorHandler(2, 'Undefined prope...', 'D:\\Bai_Tap\\Dai_...', 21)
#1 D:\Bai_Tap\Dai_Hoc\Hoc_Ky_7\PHP\htdocs\Web_Phan_Mem_Ma_Nguon_Mo\vendor\codeigniter4\framework\system\CodeIgniter.php(928): App\Controllers\admin\AdminController->Create()
#2 D:\Bai_Tap\Dai_Hoc\Hoc_Ky_7\PHP\htdocs\Web_Phan_Mem_Ma_Nguon_Mo\vendor\codeigniter4\framework\system\CodeIgniter.php(436): CodeIgniter\CodeIgniter->runController(Object(App\Controllers\admin\AdminController))
#3 D:\Bai_Tap\Dai_Hoc\Hoc_Ky_7\PHP\htdocs\Web_Phan_Mem_Ma_Nguon_Mo\vendor\codeigniter4\framework\system\CodeIgniter.php(336): CodeIgniter\CodeIgniter->handleRequest(NULL, Object(Config\Cache), false)
#4 D:\Bai_Tap\Dai_Hoc\Hoc_Ky_7\PHP\htdocs\Web_Phan_Mem_Ma_Nguon_Mo\public\index.php(38): CodeIgniter\CodeIgniter->run()
#5 D:\Bai_Tap\Dai_Hoc\Hoc_Ky_7\PHP\htdocs\Web_Phan_Mem_Ma_Nguon_Mo\vendor\codeigniter4\framework\system\Commands\Server\rewrite.php(45): require_once('D:\\Bai_Tap\\Dai_...')
#6 {main}
CRITICAL - 2021-07-19 22:31:50 --> Undefined property: App\Controllers\admin\AdminController::$load
#0 D:\Bai_Tap\Dai_Hoc\Hoc_Ky_7\PHP\htdocs\Web_Phan_Mem_Ma_Nguon_Mo\app\Controllers\admin\AdminController.php(21): CodeIgniter\Debug\Exceptions->errorHandler(2, 'Undefined prope...', 'D:\\Bai_Tap\\Dai_...', 21)
#1 D:\Bai_Tap\Dai_Hoc\Hoc_Ky_7\PHP\htdocs\Web_Phan_Mem_Ma_Nguon_Mo\vendor\codeigniter4\framework\system\CodeIgniter.php(928): App\Controllers\admin\AdminController->Create()
#2 D:\Bai_Tap\Dai_Hoc\Hoc_Ky_7\PHP\htdocs\Web_Phan_Mem_Ma_Nguon_Mo\vendor\codeigniter4\framework\system\CodeIgniter.php(436): CodeIgniter\CodeIgniter->runController(Object(App\Controllers\admin\AdminController))
#3 D:\Bai_Tap\Dai_Hoc\Hoc_Ky_7\PHP\htdocs\Web_Phan_Mem_Ma_Nguon_Mo\vendor\codeigniter4\framework\system\CodeIgniter.php(336): CodeIgniter\CodeIgniter->handleRequest(NULL, Object(Config\Cache), false)
#4 D:\Bai_Tap\Dai_Hoc\Hoc_Ky_7\PHP\htdocs\Web_Phan_Mem_Ma_Nguon_Mo\public\index.php(38): CodeIgniter\CodeIgniter->run()
#5 D:\Bai_Tap\Dai_Hoc\Hoc_Ky_7\PHP\htdocs\Web_Phan_Mem_Ma_Nguon_Mo\vendor\codeigniter4\framework\system\Commands\Server\rewrite.php(45): require_once('D:\\Bai_Tap\\Dai_...')
#6 {main}
CRITICAL - 2021-07-19 22:32:19 --> Object of class CodeIgniter\Database\MySQLi\Connection could not be converted to string
#0 D:\Bai_Tap\Dai_Hoc\Hoc_Ky_7\PHP\htdocs\Web_Phan_Mem_Ma_Nguon_Mo\app\Controllers\admin\AdminController.php(27): App\Models\BaseModel->create(Array)
#1 D:\Bai_Tap\Dai_Hoc\Hoc_Ky_7\PHP\htdocs\Web_Phan_Mem_Ma_Nguon_Mo\vendor\codeigniter4\framework\system\CodeIgniter.php(928): App\Controllers\admin\AdminController->Create()
#2 D:\Bai_Tap\Dai_Hoc\Hoc_Ky_7\PHP\htdocs\Web_Phan_Mem_Ma_Nguon_Mo\vendor\codeigniter4\framework\system\CodeIgniter.php(436): CodeIgniter\CodeIgniter->runController(Object(App\Controllers\admin\AdminController))
#3 D:\Bai_Tap\Dai_Hoc\Hoc_Ky_7\PHP\htdocs\Web_Phan_Mem_Ma_Nguon_Mo\vendor\codeigniter4\framework\system\CodeIgniter.php(336): CodeIgniter\CodeIgniter->handleRequest(NULL, Object(Config\Cache), false)
#4 D:\Bai_Tap\Dai_Hoc\Hoc_Ky_7\PHP\htdocs\Web_Phan_Mem_Ma_Nguon_Mo\public\index.php(38): CodeIgniter\CodeIgniter->run()
#5 D:\Bai_Tap\Dai_Hoc\Hoc_Ky_7\PHP\htdocs\Web_Phan_Mem_Ma_Nguon_Mo\vendor\codeigniter4\framework\system\Commands\Server\rewrite.php(45): require_once('D:\\Bai_Tap\\Dai_...')
#6 {main}
CRITICAL - 2021-07-19 22:36:32 --> Object of class CodeIgniter\Database\MySQLi\Connection could not be converted to string
#0 D:\Bai_Tap\Dai_Hoc\Hoc_Ky_7\PHP\htdocs\Web_Phan_Mem_Ma_Nguon_Mo\app\Controllers\admin\AdminController.php(27): App\Models\BaseModel->create(Array)
#1 D:\Bai_Tap\Dai_Hoc\Hoc_Ky_7\PHP\htdocs\Web_Phan_Mem_Ma_Nguon_Mo\vendor\codeigniter4\framework\system\CodeIgniter.php(928): App\Controllers\admin\AdminController->Create()
#2 D:\Bai_Tap\Dai_Hoc\Hoc_Ky_7\PHP\htdocs\Web_Phan_Mem_Ma_Nguon_Mo\vendor\codeigniter4\framework\system\CodeIgniter.php(436): CodeIgniter\CodeIgniter->runController(Object(App\Controllers\admin\AdminController))
#3 D:\Bai_Tap\Dai_Hoc\Hoc_Ky_7\PHP\htdocs\Web_Phan_Mem_Ma_Nguon_Mo\vendor\codeigniter4\framework\system\CodeIgniter.php(336): CodeIgniter\CodeIgniter->handleRequest(NULL, Object(Config\Cache), false)
#4 D:\Bai_Tap\Dai_Hoc\Hoc_Ky_7\PHP\htdocs\Web_Phan_Mem_Ma_Nguon_Mo\public\index.php(38): CodeIgniter\CodeIgniter->run()
#5 D:\Bai_Tap\Dai_Hoc\Hoc_Ky_7\PHP\htdocs\Web_Phan_Mem_Ma_Nguon_Mo\vendor\codeigniter4\framework\system\Commands\Server\rewrite.php(45): require_once('D:\\Bai_Tap\\Dai_...')
#6 {main}
CRITICAL - 2021-07-19 22:36:39 --> Object of class CodeIgniter\Database\MySQLi\Connection could not be converted to string
#0 D:\Bai_Tap\Dai_Hoc\Hoc_Ky_7\PHP\htdocs\Web_Phan_Mem_Ma_Nguon_Mo\app\Controllers\admin\AdminController.php(27): App\Models\BaseModel->create(Array)
#1 D:\Bai_Tap\Dai_Hoc\Hoc_Ky_7\PHP\htdocs\Web_Phan_Mem_Ma_Nguon_Mo\vendor\codeigniter4\framework\system\CodeIgniter.php(928): App\Controllers\admin\AdminController->Create()
#2 D:\Bai_Tap\Dai_Hoc\Hoc_Ky_7\PHP\htdocs\Web_Phan_Mem_Ma_Nguon_Mo\vendor\codeigniter4\framework\system\CodeIgniter.php(436): CodeIgniter\CodeIgniter->runController(Object(App\Controllers\admin\AdminController))
#3 D:\Bai_Tap\Dai_Hoc\Hoc_Ky_7\PHP\htdocs\Web_Phan_Mem_Ma_Nguon_Mo\vendor\codeigniter4\framework\system\CodeIgniter.php(336): CodeIgniter\CodeIgniter->handleRequest(NULL, Object(Config\Cache), false)
#4 D:\Bai_Tap\Dai_Hoc\Hoc_Ky_7\PHP\htdocs\Web_Phan_Mem_Ma_Nguon_Mo\public\index.php(38): CodeIgniter\CodeIgniter->run()
#5 D:\Bai_Tap\Dai_Hoc\Hoc_Ky_7\PHP\htdocs\Web_Phan_Mem_Ma_Nguon_Mo\vendor\codeigniter4\framework\system\Commands\Server\rewrite.php(45): require_once('D:\\Bai_Tap\\Dai_...')
#6 {main}
