CRITICAL - 2021-08-10 03:05:36 --> array_values(): Argument #1 ($array) must be of type array, null given
#0 D:\PHP\htdocs\Web_Phan_Mem_Ma_Nguon_Mo\app\Controllers\user\CartController.php(25): array_values(NULL)
#1 D:\PHP\htdocs\Web_Phan_Mem_Ma_Nguon_Mo\vendor\codeigniter4\framework\system\CodeIgniter.php(928): App\Controllers\user\CartController->cart()
#2 D:\PHP\htdocs\Web_Phan_Mem_Ma_Nguon_Mo\vendor\codeigniter4\framework\system\CodeIgniter.php(436): CodeIgniter\CodeIgniter->runController(Object(App\Controllers\user\CartController))
#3 D:\PHP\htdocs\Web_Phan_Mem_Ma_Nguon_Mo\vendor\codeigniter4\framework\system\CodeIgniter.php(336): CodeIgniter\CodeIgniter->handleRequest(NULL, Object(Config\Cache), false)
#4 D:\PHP\htdocs\Web_Phan_Mem_Ma_Nguon_Mo\public\index.php(38): CodeIgniter\CodeIgniter->run()
#5 D:\PHP\htdocs\Web_Phan_Mem_Ma_Nguon_Mo\vendor\codeigniter4\framework\system\Commands\Server\rewrite.php(45): require_once('D:\\PHP\\htdocs\\W...')
#6 {main}
CRITICAL - 2021-08-10 03:06:43 --> array_values(): Argument #1 ($array) must be of type array, null given
#0 D:\PHP\htdocs\Web_Phan_Mem_Ma_Nguon_Mo\app\Controllers\user\CartController.php(25): array_values(NULL)
#1 D:\PHP\htdocs\Web_Phan_Mem_Ma_Nguon_Mo\vendor\codeigniter4\framework\system\CodeIgniter.php(928): App\Controllers\user\CartController->cart()
#2 D:\PHP\htdocs\Web_Phan_Mem_Ma_Nguon_Mo\vendor\codeigniter4\framework\system\CodeIgniter.php(436): CodeIgniter\CodeIgniter->runController(Object(App\Controllers\user\CartController))
#3 D:\PHP\htdocs\Web_Phan_Mem_Ma_Nguon_Mo\vendor\codeigniter4\framework\system\CodeIgniter.php(336): CodeIgniter\CodeIgniter->handleRequest(NULL, Object(Config\Cache), false)
#4 D:\PHP\htdocs\Web_Phan_Mem_Ma_Nguon_Mo\public\index.php(38): CodeIgniter\CodeIgniter->run()
#5 D:\PHP\htdocs\Web_Phan_Mem_Ma_Nguon_Mo\vendor\codeigniter4\framework\system\Commands\Server\rewrite.php(45): require_once('D:\\PHP\\htdocs\\W...')
#6 {main}
CRITICAL - 2021-08-10 03:08:06 --> array_values(): Argument #1 ($array) must be of type array, null given
#0 D:\PHP\htdocs\Web_Phan_Mem_Ma_Nguon_Mo\app\Controllers\user\CartController.php(25): array_values(NULL)
#1 D:\PHP\htdocs\Web_Phan_Mem_Ma_Nguon_Mo\vendor\codeigniter4\framework\system\CodeIgniter.php(928): App\Controllers\user\CartController->cart()
#2 D:\PHP\htdocs\Web_Phan_Mem_Ma_Nguon_Mo\vendor\codeigniter4\framework\system\CodeIgniter.php(436): CodeIgniter\CodeIgniter->runController(Object(App\Controllers\user\CartController))
#3 D:\PHP\htdocs\Web_Phan_Mem_Ma_Nguon_Mo\vendor\codeigniter4\framework\system\CodeIgniter.php(336): CodeIgniter\CodeIgniter->handleRequest(NULL, Object(Config\Cache), false)
#4 D:\PHP\htdocs\Web_Phan_Mem_Ma_Nguon_Mo\public\index.php(38): CodeIgniter\CodeIgniter->run()
#5 D:\PHP\htdocs\Web_Phan_Mem_Ma_Nguon_Mo\vendor\codeigniter4\framework\system\Commands\Server\rewrite.php(45): require_once('D:\\PHP\\htdocs\\W...')
#6 {main}
CRITICAL - 2021-08-10 03:10:30 --> Undefined variable $items
#0 D:\PHP\htdocs\Web_Phan_Mem_Ma_Nguon_Mo\app\Views\user\pages\cart.php(23): CodeIgniter\Debug\Exceptions->errorHandler(2, 'Undefined varia...', 'D:\\PHP\\htdocs\\W...', 23)
#1 D:\PHP\htdocs\Web_Phan_Mem_Ma_Nguon_Mo\vendor\codeigniter4\framework\system\View\View.php(230): include('D:\\PHP\\htdocs\\W...')
#2 D:\PHP\htdocs\Web_Phan_Mem_Ma_Nguon_Mo\vendor\codeigniter4\framework\system\View\View.php(232): CodeIgniter\View\View->CodeIgniter\View\{closure}()
#3 D:\PHP\htdocs\Web_Phan_Mem_Ma_Nguon_Mo\vendor\codeigniter4\framework\system\Common.php(1271): CodeIgniter\View\View->render('user/pages/cart', Array, true)
#4 D:\PHP\htdocs\Web_Phan_Mem_Ma_Nguon_Mo\app\Controllers\BaseController.php(78): view('user/pages/cart', Array)
#5 D:\PHP\htdocs\Web_Phan_Mem_Ma_Nguon_Mo\app\Controllers\user\CartController.php(29): App\Controllers\BaseController->loadUserLayout(Array, 'Gi\xE1\xBB\x8F h\xC3\xA0ng', 'user/pages/cart', '', '', Array)
#6 D:\PHP\htdocs\Web_Phan_Mem_Ma_Nguon_Mo\vendor\codeigniter4\framework\system\CodeIgniter.php(928): App\Controllers\user\CartController->cart()
#7 D:\PHP\htdocs\Web_Phan_Mem_Ma_Nguon_Mo\vendor\codeigniter4\framework\system\CodeIgniter.php(436): CodeIgniter\CodeIgniter->runController(Object(App\Controllers\user\CartController))
#8 D:\PHP\htdocs\Web_Phan_Mem_Ma_Nguon_Mo\vendor\codeigniter4\framework\system\CodeIgniter.php(336): CodeIgniter\CodeIgniter->handleRequest(NULL, Object(Config\Cache), false)
#9 D:\PHP\htdocs\Web_Phan_Mem_Ma_Nguon_Mo\public\index.php(38): CodeIgniter\CodeIgniter->run()
#10 D:\PHP\htdocs\Web_Phan_Mem_Ma_Nguon_Mo\vendor\codeigniter4\framework\system\Commands\Server\rewrite.php(45): require_once('D:\\PHP\\htdocs\\W...')
#11 {main}
CRITICAL - 2021-08-10 03:27:01 --> Call to undefined method CodeIgniter\Router\RouteCollection::upload()
#0 D:\PHP\htdocs\Web_Phan_Mem_Ma_Nguon_Mo\vendor\codeigniter4\framework\system\Router\RouteCollection.php(748): CodeIgniter\CodeIgniter->Config\{closure}(Object(CodeIgniter\Router\RouteCollection))
#1 D:\PHP\htdocs\Web_Phan_Mem_Ma_Nguon_Mo\app\Config\Routes.php(52): CodeIgniter\Router\RouteCollection->group('cart', Object(Closure))
#2 D:\PHP\htdocs\Web_Phan_Mem_Ma_Nguon_Mo\vendor\codeigniter4\framework\system\Router\RouteCollection.php(748): CodeIgniter\CodeIgniter->Config\{closure}(Object(CodeIgniter\Router\RouteCollection))
#3 D:\PHP\htdocs\Web_Phan_Mem_Ma_Nguon_Mo\app\Config\Routes.php(60): CodeIgniter\Router\RouteCollection->group('/', Array, Object(Closure))
#4 D:\PHP\htdocs\Web_Phan_Mem_Ma_Nguon_Mo\vendor\codeigniter4\framework\system\CodeIgniter.php(796): require('D:\\PHP\\htdocs\\W...')
#5 D:\PHP\htdocs\Web_Phan_Mem_Ma_Nguon_Mo\vendor\codeigniter4\framework\system\CodeIgniter.php(389): CodeIgniter\CodeIgniter->tryToRouteIt(Object(CodeIgniter\Router\RouteCollection))
#6 D:\PHP\htdocs\Web_Phan_Mem_Ma_Nguon_Mo\vendor\codeigniter4\framework\system\CodeIgniter.php(336): CodeIgniter\CodeIgniter->handleRequest(NULL, Object(Config\Cache), false)
#7 D:\PHP\htdocs\Web_Phan_Mem_Ma_Nguon_Mo\public\index.php(38): CodeIgniter\CodeIgniter->run()
#8 D:\PHP\htdocs\Web_Phan_Mem_Ma_Nguon_Mo\vendor\codeigniter4\framework\system\Commands\Server\rewrite.php(45): require_once('D:\\PHP\\htdocs\\W...')
#9 {main}
CRITICAL - 2021-08-10 04:06:25 --> Undefined array key "id"
#0 D:\PHP\htdocs\Web_Phan_Mem_Ma_Nguon_Mo\app\Controllers\user\CartController.php(73): CodeIgniter\Debug\Exceptions->errorHandler(2, 'Undefined array...', 'D:\\PHP\\htdocs\\W...', 73)
#1 D:\PHP\htdocs\Web_Phan_Mem_Ma_Nguon_Mo\vendor\codeigniter4\framework\system\CodeIgniter.php(928): App\Controllers\user\CartController->minus('50')
#2 D:\PHP\htdocs\Web_Phan_Mem_Ma_Nguon_Mo\vendor\codeigniter4\framework\system\CodeIgniter.php(436): CodeIgniter\CodeIgniter->runController(Object(App\Controllers\user\CartController))
#3 D:\PHP\htdocs\Web_Phan_Mem_Ma_Nguon_Mo\vendor\codeigniter4\framework\system\CodeIgniter.php(336): CodeIgniter\CodeIgniter->handleRequest(NULL, Object(Config\Cache), false)
#4 D:\PHP\htdocs\Web_Phan_Mem_Ma_Nguon_Mo\public\index.php(38): CodeIgniter\CodeIgniter->run()
#5 D:\PHP\htdocs\Web_Phan_Mem_Ma_Nguon_Mo\vendor\codeigniter4\framework\system\Commands\Server\rewrite.php(45): require_once('D:\\PHP\\htdocs\\W...')
#6 {main}
CRITICAL - 2021-08-10 04:13:45 --> array_values(): Argument #1 ($array) must be of type array, null given
#0 D:\PHP\htdocs\Web_Phan_Mem_Ma_Nguon_Mo\app\Controllers\user\CheckoutController.php(30): array_values(NULL)
#1 D:\PHP\htdocs\Web_Phan_Mem_Ma_Nguon_Mo\vendor\codeigniter4\framework\system\CodeIgniter.php(928): App\Controllers\user\CheckoutController->checkout()
#2 D:\PHP\htdocs\Web_Phan_Mem_Ma_Nguon_Mo\vendor\codeigniter4\framework\system\CodeIgniter.php(436): CodeIgniter\CodeIgniter->runController(Object(App\Controllers\user\CheckoutController))
#3 D:\PHP\htdocs\Web_Phan_Mem_Ma_Nguon_Mo\vendor\codeigniter4\framework\system\CodeIgniter.php(336): CodeIgniter\CodeIgniter->handleRequest(NULL, Object(Config\Cache), false)
#4 D:\PHP\htdocs\Web_Phan_Mem_Ma_Nguon_Mo\public\index.php(38): CodeIgniter\CodeIgniter->run()
#5 D:\PHP\htdocs\Web_Phan_Mem_Ma_Nguon_Mo\vendor\codeigniter4\framework\system\Commands\Server\rewrite.php(45): require_once('D:\\PHP\\htdocs\\W...')
#6 {main}
CRITICAL - 2021-08-10 04:15:27 --> array_values(): Argument #1 ($array) must be of type array, null given
#0 D:\PHP\htdocs\Web_Phan_Mem_Ma_Nguon_Mo\app\Controllers\user\CheckoutController.php(38): array_values(NULL)
#1 D:\PHP\htdocs\Web_Phan_Mem_Ma_Nguon_Mo\vendor\codeigniter4\framework\system\CodeIgniter.php(928): App\Controllers\user\CheckoutController->checkout()
#2 D:\PHP\htdocs\Web_Phan_Mem_Ma_Nguon_Mo\vendor\codeigniter4\framework\system\CodeIgniter.php(436): CodeIgniter\CodeIgniter->runController(Object(App\Controllers\user\CheckoutController))
#3 D:\PHP\htdocs\Web_Phan_Mem_Ma_Nguon_Mo\vendor\codeigniter4\framework\system\CodeIgniter.php(336): CodeIgniter\CodeIgniter->handleRequest(NULL, Object(Config\Cache), false)
#4 D:\PHP\htdocs\Web_Phan_Mem_Ma_Nguon_Mo\public\index.php(38): CodeIgniter\CodeIgniter->run()
#5 D:\PHP\htdocs\Web_Phan_Mem_Ma_Nguon_Mo\vendor\codeigniter4\framework\system\Commands\Server\rewrite.php(45): require_once('D:\\PHP\\htdocs\\W...')
#6 {main}
CRITICAL - 2021-08-10 04:16:29 --> Undefined variable $items
#0 D:\PHP\htdocs\Web_Phan_Mem_Ma_Nguon_Mo\app\Views\user\pages\checkout.php(71): CodeIgniter\Debug\Exceptions->errorHandler(2, 'Undefined varia...', 'D:\\PHP\\htdocs\\W...', 71)
#1 D:\PHP\htdocs\Web_Phan_Mem_Ma_Nguon_Mo\vendor\codeigniter4\framework\system\View\View.php(230): include('D:\\PHP\\htdocs\\W...')
#2 D:\PHP\htdocs\Web_Phan_Mem_Ma_Nguon_Mo\vendor\codeigniter4\framework\system\View\View.php(232): CodeIgniter\View\View->CodeIgniter\View\{closure}()
#3 D:\PHP\htdocs\Web_Phan_Mem_Ma_Nguon_Mo\vendor\codeigniter4\framework\system\Common.php(1271): CodeIgniter\View\View->render('user/pages/chec...', Array, true)
#4 D:\PHP\htdocs\Web_Phan_Mem_Ma_Nguon_Mo\app\Controllers\BaseController.php(78): view('user/pages/chec...', Array)
#5 D:\PHP\htdocs\Web_Phan_Mem_Ma_Nguon_Mo\app\Controllers\user\CheckoutController.php(42): App\Controllers\BaseController->loadUserLayout(Array, 'Th\xE1\xBB\xA7 t\xE1\xBB\xA5c tha...', 'user/pages/chec...', '', '', Array)
#6 D:\PHP\htdocs\Web_Phan_Mem_Ma_Nguon_Mo\vendor\codeigniter4\framework\system\CodeIgniter.php(928): App\Controllers\user\CheckoutController->checkout()
#7 D:\PHP\htdocs\Web_Phan_Mem_Ma_Nguon_Mo\vendor\codeigniter4\framework\system\CodeIgniter.php(436): CodeIgniter\CodeIgniter->runController(Object(App\Controllers\user\CheckoutController))
#8 D:\PHP\htdocs\Web_Phan_Mem_Ma_Nguon_Mo\vendor\codeigniter4\framework\system\CodeIgniter.php(336): CodeIgniter\CodeIgniter->handleRequest(NULL, Object(Config\Cache), false)
#9 D:\PHP\htdocs\Web_Phan_Mem_Ma_Nguon_Mo\public\index.php(38): CodeIgniter\CodeIgniter->run()
#10 D:\PHP\htdocs\Web_Phan_Mem_Ma_Nguon_Mo\vendor\codeigniter4\framework\system\Commands\Server\rewrite.php(45): require_once('D:\\PHP\\htdocs\\W...')
#11 {main}
CRITICAL - 2021-08-10 04:17:09 --> Array to string conversion
#0 D:\PHP\htdocs\Web_Phan_Mem_Ma_Nguon_Mo\app\Views\user\pages\checkout.php(104): CodeIgniter\Debug\Exceptions->errorHandler(2, 'Array to string...', 'D:\\PHP\\htdocs\\W...', 104)
#1 D:\PHP\htdocs\Web_Phan_Mem_Ma_Nguon_Mo\vendor\codeigniter4\framework\system\View\View.php(230): include('D:\\PHP\\htdocs\\W...')
#2 D:\PHP\htdocs\Web_Phan_Mem_Ma_Nguon_Mo\vendor\codeigniter4\framework\system\View\View.php(232): CodeIgniter\View\View->CodeIgniter\View\{closure}()
#3 D:\PHP\htdocs\Web_Phan_Mem_Ma_Nguon_Mo\vendor\codeigniter4\framework\system\Common.php(1271): CodeIgniter\View\View->render('user/pages/chec...', Array, true)
#4 D:\PHP\htdocs\Web_Phan_Mem_Ma_Nguon_Mo\app\Controllers\BaseController.php(78): view('user/pages/chec...', Array)
#5 D:\PHP\htdocs\Web_Phan_Mem_Ma_Nguon_Mo\app\Controllers\user\CheckoutController.php(43): App\Controllers\BaseController->loadUserLayout(Array, 'Th\xE1\xBB\xA7 t\xE1\xBB\xA5c tha...', 'user/pages/chec...', '', '', Array)
#6 D:\PHP\htdocs\Web_Phan_Mem_Ma_Nguon_Mo\vendor\codeigniter4\framework\system\CodeIgniter.php(928): App\Controllers\user\CheckoutController->checkout()
#7 D:\PHP\htdocs\Web_Phan_Mem_Ma_Nguon_Mo\vendor\codeigniter4\framework\system\CodeIgniter.php(436): CodeIgniter\CodeIgniter->runController(Object(App\Controllers\user\CheckoutController))
#8 D:\PHP\htdocs\Web_Phan_Mem_Ma_Nguon_Mo\vendor\codeigniter4\framework\system\CodeIgniter.php(336): CodeIgniter\CodeIgniter->handleRequest(NULL, Object(Config\Cache), false)
#9 D:\PHP\htdocs\Web_Phan_Mem_Ma_Nguon_Mo\public\index.php(38): CodeIgniter\CodeIgniter->run()
#10 D:\PHP\htdocs\Web_Phan_Mem_Ma_Nguon_Mo\vendor\codeigniter4\framework\system\Commands\Server\rewrite.php(45): require_once('D:\\PHP\\htdocs\\W...')
#11 {main}
