CRITICAL - 2021-07-28 00:25:11 --> unlink(upload/product3_1.jpg): No such file or directory
#0 [internal function]: CodeIgniter\Debug\Exceptions->errorHandler(2, 'unlink(upload/p...', 'D:\\PHP\\htdocs\\W...', 343)
#1 D:\PHP\htdocs\Web_Phan_Mem_Ma_Nguon_Mo\app\Controllers\admin\AdminProductController.php(343): unlink('upload/product3...')
#2 D:\PHP\htdocs\Web_Phan_Mem_Ma_Nguon_Mo\vendor\codeigniter4\framework\system\CodeIgniter.php(928): App\Controllers\admin\AdminProductController->Delete('26')
#3 D:\PHP\htdocs\Web_Phan_Mem_Ma_Nguon_Mo\vendor\codeigniter4\framework\system\CodeIgniter.php(436): CodeIgniter\CodeIgniter->runController(Object(App\Controllers\admin\AdminProductController))
#4 D:\PHP\htdocs\Web_Phan_Mem_Ma_Nguon_Mo\vendor\codeigniter4\framework\system\CodeIgniter.php(336): CodeIgniter\CodeIgniter->handleRequest(NULL, Object(Config\Cache), false)
#5 D:\PHP\htdocs\Web_Phan_Mem_Ma_Nguon_Mo\public\index.php(38): CodeIgniter\CodeIgniter->run()
#6 D:\PHP\htdocs\Web_Phan_Mem_Ma_Nguon_Mo\vendor\codeigniter4\framework\system\Commands\Server\rewrite.php(45): require_once('D:\\PHP\\htdocs\\W...')
#7 {main}
ERROR - 2021-07-28 01:15:33 --> You have an error in your SQL syntax; check the manual that corresponds to your MariaDB server version for the right syntax to use near '= 'Tivi Samsung'' at line 3
CRITICAL - 2021-07-28 01:15:33 --> You have an error in your SQL syntax; check the manual that corresponds to your MariaDB server version for the right syntax to use near '= 'Tivi Samsung'' at line 3
#0 D:\PHP\htdocs\Web_Phan_Mem_Ma_Nguon_Mo\vendor\codeigniter4\framework\system\Database\MySQLi\Connection.php(329): mysqli->query('SELECT *\nFROM `...')
#1 D:\PHP\htdocs\Web_Phan_Mem_Ma_Nguon_Mo\vendor\codeigniter4\framework\system\Database\BaseConnection.php(732): CodeIgniter\Database\MySQLi\Connection->execute('SELECT *\nFROM `...')
#2 D:\PHP\htdocs\Web_Phan_Mem_Ma_Nguon_Mo\vendor\codeigniter4\framework\system\Database\BaseConnection.php(647): CodeIgniter\Database\BaseConnection->simpleQuery('SELECT *\nFROM `...')
#3 D:\PHP\htdocs\Web_Phan_Mem_Ma_Nguon_Mo\vendor\codeigniter4\framework\system\Database\BaseBuilder.php(1881): CodeIgniter\Database\BaseConnection->query('SELECT *\nFROM `...', Array, false)
#4 D:\PHP\htdocs\Web_Phan_Mem_Ma_Nguon_Mo\app\Models\ProductModel.php(18): CodeIgniter\Database\BaseBuilder->get()
#5 D:\PHP\htdocs\Web_Phan_Mem_Ma_Nguon_Mo\app\Controllers\admin\AdminProductController.php(60): App\Models\ProductModel->search('', 'Tivi Samsung', '')
#6 D:\PHP\htdocs\Web_Phan_Mem_Ma_Nguon_Mo\vendor\codeigniter4\framework\system\CodeIgniter.php(928): App\Controllers\admin\AdminProductController->Search()
#7 D:\PHP\htdocs\Web_Phan_Mem_Ma_Nguon_Mo\vendor\codeigniter4\framework\system\CodeIgniter.php(436): CodeIgniter\CodeIgniter->runController(Object(App\Controllers\admin\AdminProductController))
#8 D:\PHP\htdocs\Web_Phan_Mem_Ma_Nguon_Mo\vendor\codeigniter4\framework\system\CodeIgniter.php(336): CodeIgniter\CodeIgniter->handleRequest(NULL, Object(Config\Cache), false)
#9 D:\PHP\htdocs\Web_Phan_Mem_Ma_Nguon_Mo\public\index.php(38): CodeIgniter\CodeIgniter->run()
#10 D:\PHP\htdocs\Web_Phan_Mem_Ma_Nguon_Mo\vendor\codeigniter4\framework\system\Commands\Server\rewrite.php(45): require_once('D:\\PHP\\htdocs\\W...')
#11 {main}
CRITICAL - 2021-07-28 01:22:48 --> unlink(upload/product/): Is a directory
#0 [internal function]: CodeIgniter\Debug\Exceptions->errorHandler(2, 'unlink(upload/p...', 'D:\\PHP\\htdocs\\W...', 343)
#1 D:\PHP\htdocs\Web_Phan_Mem_Ma_Nguon_Mo\app\Controllers\admin\AdminProductController.php(343): unlink('upload/product/')
#2 D:\PHP\htdocs\Web_Phan_Mem_Ma_Nguon_Mo\vendor\codeigniter4\framework\system\CodeIgniter.php(928): App\Controllers\admin\AdminProductController->Delete('25')
#3 D:\PHP\htdocs\Web_Phan_Mem_Ma_Nguon_Mo\vendor\codeigniter4\framework\system\CodeIgniter.php(436): CodeIgniter\CodeIgniter->runController(Object(App\Controllers\admin\AdminProductController))
#4 D:\PHP\htdocs\Web_Phan_Mem_Ma_Nguon_Mo\vendor\codeigniter4\framework\system\CodeIgniter.php(336): CodeIgniter\CodeIgniter->handleRequest(NULL, Object(Config\Cache), false)
#5 D:\PHP\htdocs\Web_Phan_Mem_Ma_Nguon_Mo\public\index.php(38): CodeIgniter\CodeIgniter->run()
#6 D:\PHP\htdocs\Web_Phan_Mem_Ma_Nguon_Mo\vendor\codeigniter4\framework\system\Commands\Server\rewrite.php(45): require_once('D:\\PHP\\htdocs\\W...')
#7 {main}
CRITICAL - 2021-07-28 01:34:06 --> unlink(upload/product/): Is a directory
#0 [internal function]: CodeIgniter\Debug\Exceptions->errorHandler(2, 'unlink(upload/p...', 'D:\\PHP\\htdocs\\W...', 343)
#1 D:\PHP\htdocs\Web_Phan_Mem_Ma_Nguon_Mo\app\Controllers\admin\AdminProductController.php(343): unlink('upload/product/')
#2 D:\PHP\htdocs\Web_Phan_Mem_Ma_Nguon_Mo\vendor\codeigniter4\framework\system\CodeIgniter.php(928): App\Controllers\admin\AdminProductController->Delete('25')
#3 D:\PHP\htdocs\Web_Phan_Mem_Ma_Nguon_Mo\vendor\codeigniter4\framework\system\CodeIgniter.php(436): CodeIgniter\CodeIgniter->runController(Object(App\Controllers\admin\AdminProductController))
#4 D:\PHP\htdocs\Web_Phan_Mem_Ma_Nguon_Mo\vendor\codeigniter4\framework\system\CodeIgniter.php(336): CodeIgniter\CodeIgniter->handleRequest(NULL, Object(Config\Cache), false)
#5 D:\PHP\htdocs\Web_Phan_Mem_Ma_Nguon_Mo\public\index.php(38): CodeIgniter\CodeIgniter->run()
#6 D:\PHP\htdocs\Web_Phan_Mem_Ma_Nguon_Mo\vendor\codeigniter4\framework\system\Commands\Server\rewrite.php(45): require_once('D:\\PHP\\htdocs\\W...')
#7 {main}
