CRITICAL - 2021-08-23 10:34:37 --> count(): Argument #1 ($var) must be of type Countable|array, null given
#0 D:\PHP\htdocs\Web_Phan_Mem_Ma_Nguon_Mo\vendor\codeigniter4\framework\system\View\View.php(230): include()
#1 D:\PHP\htdocs\Web_Phan_Mem_Ma_Nguon_Mo\vendor\codeigniter4\framework\system\View\View.php(232): CodeIgniter\View\View->CodeIgniter\View\{closure}()
#2 D:\PHP\htdocs\Web_Phan_Mem_Ma_Nguon_Mo\vendor\codeigniter4\framework\system\Common.php(1271): CodeIgniter\View\View->render('admin/pages/lis...', Array, true)
#3 D:\PHP\htdocs\Web_Phan_Mem_Ma_Nguon_Mo\app\Controllers\BaseController.php(89): view('admin/pages/lis...', Array)
#4 D:\PHP\htdocs\Web_Phan_Mem_Ma_Nguon_Mo\app\Controllers\admin\AdminTransactionController.php(53): App\Controllers\BaseController->loadMastLayout(Array, 'Trang qu\xE1\xBA\xA3n l\xC3...', 'admin/pages/lis...', Array, Array, Array)
#5 D:\PHP\htdocs\Web_Phan_Mem_Ma_Nguon_Mo\vendor\codeigniter4\framework\system\CodeIgniter.php(928): App\Controllers\admin\AdminTransactionController->Process1('30')
#6 D:\PHP\htdocs\Web_Phan_Mem_Ma_Nguon_Mo\vendor\codeigniter4\framework\system\CodeIgniter.php(436): CodeIgniter\CodeIgniter->runController(Object(App\Controllers\admin\AdminTransactionController))
#7 D:\PHP\htdocs\Web_Phan_Mem_Ma_Nguon_Mo\vendor\codeigniter4\framework\system\CodeIgniter.php(336): CodeIgniter\CodeIgniter->handleRequest(NULL, Object(Config\Cache), false)
#8 D:\PHP\htdocs\Web_Phan_Mem_Ma_Nguon_Mo\public\index.php(38): CodeIgniter\CodeIgniter->run()
#9 D:\PHP\htdocs\Web_Phan_Mem_Ma_Nguon_Mo\vendor\codeigniter4\framework\system\Commands\Server\rewrite.php(45): require_once('D:\\PHP\\htdocs\\W...')
#10 {main}
CRITICAL - 2021-08-23 10:35:27 --> count(): Argument #1 ($var) must be of type Countable|array, null given
#0 D:\PHP\htdocs\Web_Phan_Mem_Ma_Nguon_Mo\vendor\codeigniter4\framework\system\View\View.php(230): include()
#1 D:\PHP\htdocs\Web_Phan_Mem_Ma_Nguon_Mo\vendor\codeigniter4\framework\system\View\View.php(232): CodeIgniter\View\View->CodeIgniter\View\{closure}()
#2 D:\PHP\htdocs\Web_Phan_Mem_Ma_Nguon_Mo\vendor\codeigniter4\framework\system\Common.php(1271): CodeIgniter\View\View->render('admin/pages/lis...', Array, true)
#3 D:\PHP\htdocs\Web_Phan_Mem_Ma_Nguon_Mo\app\Controllers\BaseController.php(89): view('admin/pages/lis...', Array)
#4 D:\PHP\htdocs\Web_Phan_Mem_Ma_Nguon_Mo\app\Controllers\admin\AdminTransactionController.php(53): App\Controllers\BaseController->loadMastLayout(Array, 'Trang qu\xE1\xBA\xA3n l\xC3...', 'admin/pages/lis...', Array, Array, Array)
#5 D:\PHP\htdocs\Web_Phan_Mem_Ma_Nguon_Mo\vendor\codeigniter4\framework\system\CodeIgniter.php(928): App\Controllers\admin\AdminTransactionController->Process1('31')
#6 D:\PHP\htdocs\Web_Phan_Mem_Ma_Nguon_Mo\vendor\codeigniter4\framework\system\CodeIgniter.php(436): CodeIgniter\CodeIgniter->runController(Object(App\Controllers\admin\AdminTransactionController))
#7 D:\PHP\htdocs\Web_Phan_Mem_Ma_Nguon_Mo\vendor\codeigniter4\framework\system\CodeIgniter.php(336): CodeIgniter\CodeIgniter->handleRequest(NULL, Object(Config\Cache), false)
#8 D:\PHP\htdocs\Web_Phan_Mem_Ma_Nguon_Mo\public\index.php(38): CodeIgniter\CodeIgniter->run()
#9 D:\PHP\htdocs\Web_Phan_Mem_Ma_Nguon_Mo\vendor\codeigniter4\framework\system\Commands\Server\rewrite.php(45): require_once('D:\\PHP\\htdocs\\W...')
#10 {main}
CRITICAL - 2021-08-23 10:37:17 --> count(): Argument #1 ($var) must be of type Countable|array, null given
#0 D:\PHP\htdocs\Web_Phan_Mem_Ma_Nguon_Mo\vendor\codeigniter4\framework\system\View\View.php(230): include()
#1 D:\PHP\htdocs\Web_Phan_Mem_Ma_Nguon_Mo\vendor\codeigniter4\framework\system\View\View.php(232): CodeIgniter\View\View->CodeIgniter\View\{closure}()
#2 D:\PHP\htdocs\Web_Phan_Mem_Ma_Nguon_Mo\vendor\codeigniter4\framework\system\Common.php(1271): CodeIgniter\View\View->render('admin/pages/lis...', Array, true)
#3 D:\PHP\htdocs\Web_Phan_Mem_Ma_Nguon_Mo\app\Controllers\BaseController.php(89): view('admin/pages/lis...', Array)
#4 D:\PHP\htdocs\Web_Phan_Mem_Ma_Nguon_Mo\app\Controllers\admin\AdminTransactionController.php(53): App\Controllers\BaseController->loadMastLayout(Array, 'Trang qu\xE1\xBA\xA3n l\xC3...', 'admin/pages/lis...', Array, Array, Array)
#5 D:\PHP\htdocs\Web_Phan_Mem_Ma_Nguon_Mo\vendor\codeigniter4\framework\system\CodeIgniter.php(928): App\Controllers\admin\AdminTransactionController->Process1('33')
#6 D:\PHP\htdocs\Web_Phan_Mem_Ma_Nguon_Mo\vendor\codeigniter4\framework\system\CodeIgniter.php(436): CodeIgniter\CodeIgniter->runController(Object(App\Controllers\admin\AdminTransactionController))
#7 D:\PHP\htdocs\Web_Phan_Mem_Ma_Nguon_Mo\vendor\codeigniter4\framework\system\CodeIgniter.php(336): CodeIgniter\CodeIgniter->handleRequest(NULL, Object(Config\Cache), false)
#8 D:\PHP\htdocs\Web_Phan_Mem_Ma_Nguon_Mo\public\index.php(38): CodeIgniter\CodeIgniter->run()
#9 D:\PHP\htdocs\Web_Phan_Mem_Ma_Nguon_Mo\vendor\codeigniter4\framework\system\Commands\Server\rewrite.php(45): require_once('D:\\PHP\\htdocs\\W...')
#10 {main}
CRITICAL - 2021-08-23 10:40:40 --> count(): Argument #1 ($var) must be of type Countable|array, null given
#0 D:\PHP\htdocs\Web_Phan_Mem_Ma_Nguon_Mo\vendor\codeigniter4\framework\system\View\View.php(230): include()
#1 D:\PHP\htdocs\Web_Phan_Mem_Ma_Nguon_Mo\vendor\codeigniter4\framework\system\View\View.php(232): CodeIgniter\View\View->CodeIgniter\View\{closure}()
#2 D:\PHP\htdocs\Web_Phan_Mem_Ma_Nguon_Mo\vendor\codeigniter4\framework\system\Common.php(1271): CodeIgniter\View\View->render('admin/pages/lis...', Array, true)
#3 D:\PHP\htdocs\Web_Phan_Mem_Ma_Nguon_Mo\app\Controllers\BaseController.php(89): view('admin/pages/lis...', Array)
#4 D:\PHP\htdocs\Web_Phan_Mem_Ma_Nguon_Mo\app\Controllers\admin\AdminTransactionController.php(53): App\Controllers\BaseController->loadMastLayout(Array, 'Trang qu\xE1\xBA\xA3n l\xC3...', 'admin/pages/lis...', Array, Array, Array)
#5 D:\PHP\htdocs\Web_Phan_Mem_Ma_Nguon_Mo\vendor\codeigniter4\framework\system\CodeIgniter.php(928): App\Controllers\admin\AdminTransactionController->Process1('42')
#6 D:\PHP\htdocs\Web_Phan_Mem_Ma_Nguon_Mo\vendor\codeigniter4\framework\system\CodeIgniter.php(436): CodeIgniter\CodeIgniter->runController(Object(App\Controllers\admin\AdminTransactionController))
#7 D:\PHP\htdocs\Web_Phan_Mem_Ma_Nguon_Mo\vendor\codeigniter4\framework\system\CodeIgniter.php(336): CodeIgniter\CodeIgniter->handleRequest(NULL, Object(Config\Cache), false)
#8 D:\PHP\htdocs\Web_Phan_Mem_Ma_Nguon_Mo\public\index.php(38): CodeIgniter\CodeIgniter->run()
#9 D:\PHP\htdocs\Web_Phan_Mem_Ma_Nguon_Mo\vendor\codeigniter4\framework\system\Commands\Server\rewrite.php(45): require_once('D:\\PHP\\htdocs\\W...')
#10 {main}
CRITICAL - 2021-08-23 11:30:25 --> Invalid file: admin/pages/slide/Add-Silde.php
#0 D:\PHP\htdocs\Web_Phan_Mem_Ma_Nguon_Mo\vendor\codeigniter4\framework\system\View\View.php(213): CodeIgniter\Exceptions\FrameworkException::forInvalidFile('admin/pages/sli...')
#1 D:\PHP\htdocs\Web_Phan_Mem_Ma_Nguon_Mo\vendor\codeigniter4\framework\system\Common.php(1271): CodeIgniter\View\View->render('admin/pages/sli...', Array, true)
#2 D:\PHP\htdocs\Web_Phan_Mem_Ma_Nguon_Mo\app\Controllers\BaseController.php(89): view('admin/pages/sli...', Array)
#3 D:\PHP\htdocs\Web_Phan_Mem_Ma_Nguon_Mo\app\Controllers\admin\AdminSlideController.php(20): App\Controllers\BaseController->loadMastLayout(Array, 'Trang th\xC3\xAAm sli...', 'admin/pages/sli...', Array, Array, Array)
#4 D:\PHP\htdocs\Web_Phan_Mem_Ma_Nguon_Mo\vendor\codeigniter4\framework\system\CodeIgniter.php(928): App\Controllers\admin\AdminSlideController->Add()
#5 D:\PHP\htdocs\Web_Phan_Mem_Ma_Nguon_Mo\vendor\codeigniter4\framework\system\CodeIgniter.php(436): CodeIgniter\CodeIgniter->runController(Object(App\Controllers\admin\AdminSlideController))
#6 D:\PHP\htdocs\Web_Phan_Mem_Ma_Nguon_Mo\vendor\codeigniter4\framework\system\CodeIgniter.php(336): CodeIgniter\CodeIgniter->handleRequest(NULL, Object(Config\Cache), false)
#7 D:\PHP\htdocs\Web_Phan_Mem_Ma_Nguon_Mo\public\index.php(38): CodeIgniter\CodeIgniter->run()
#8 D:\PHP\htdocs\Web_Phan_Mem_Ma_Nguon_Mo\vendor\codeigniter4\framework\system\Commands\Server\rewrite.php(45): require_once('D:\\PHP\\htdocs\\W...')
#9 {main}
ERROR - 2021-08-23 11:50:33 --> Unknown column 'sort-order' in 'field list'
CRITICAL - 2021-08-23 11:50:33 --> Unknown column 'sort-order' in 'field list'
#0 D:\PHP\htdocs\Web_Phan_Mem_Ma_Nguon_Mo\vendor\codeigniter4\framework\system\Database\MySQLi\Connection.php(329): mysqli->query('INSERT INTO `sl...')
#1 D:\PHP\htdocs\Web_Phan_Mem_Ma_Nguon_Mo\vendor\codeigniter4\framework\system\Database\BaseConnection.php(732): CodeIgniter\Database\MySQLi\Connection->execute('INSERT INTO `sl...')
#2 D:\PHP\htdocs\Web_Phan_Mem_Ma_Nguon_Mo\vendor\codeigniter4\framework\system\Database\BaseConnection.php(647): CodeIgniter\Database\BaseConnection->simpleQuery('INSERT INTO `sl...')
#3 D:\PHP\htdocs\Web_Phan_Mem_Ma_Nguon_Mo\vendor\codeigniter4\framework\system\Database\BaseBuilder.php(2277): CodeIgniter\Database\BaseConnection->query('INSERT INTO `sl...', Array, false)
#4 D:\PHP\htdocs\Web_Phan_Mem_Ma_Nguon_Mo\app\Models\BaseModel.php(30): CodeIgniter\Database\BaseBuilder->insert(Array)
#5 D:\PHP\htdocs\Web_Phan_Mem_Ma_Nguon_Mo\app\Controllers\admin\AdminSlideController.php(56): App\Models\BaseModel->create(Array)
#6 D:\PHP\htdocs\Web_Phan_Mem_Ma_Nguon_Mo\vendor\codeigniter4\framework\system\CodeIgniter.php(928): App\Controllers\admin\AdminSlideController->Create()
#7 D:\PHP\htdocs\Web_Phan_Mem_Ma_Nguon_Mo\vendor\codeigniter4\framework\system\CodeIgniter.php(436): CodeIgniter\CodeIgniter->runController(Object(App\Controllers\admin\AdminSlideController))
#8 D:\PHP\htdocs\Web_Phan_Mem_Ma_Nguon_Mo\vendor\codeigniter4\framework\system\CodeIgniter.php(336): CodeIgniter\CodeIgniter->handleRequest(NULL, Object(Config\Cache), false)
#9 D:\PHP\htdocs\Web_Phan_Mem_Ma_Nguon_Mo\public\index.php(38): CodeIgniter\CodeIgniter->run()
#10 D:\PHP\htdocs\Web_Phan_Mem_Ma_Nguon_Mo\vendor\codeigniter4\framework\system\Commands\Server\rewrite.php(45): require_once('D:\\PHP\\htdocs\\W...')
#11 {main}
CRITICAL - 2021-08-23 12:00:01 --> Undefined variable $total_rows
#0 D:\PHP\htdocs\Web_Phan_Mem_Ma_Nguon_Mo\app\Views\admin\pages\slide\List-Silde.php(14): CodeIgniter\Debug\Exceptions->errorHandler(2, 'Undefined varia...', 'D:\\PHP\\htdocs\\W...', 14)
#1 D:\PHP\htdocs\Web_Phan_Mem_Ma_Nguon_Mo\vendor\codeigniter4\framework\system\View\View.php(230): include('D:\\PHP\\htdocs\\W...')
#2 D:\PHP\htdocs\Web_Phan_Mem_Ma_Nguon_Mo\vendor\codeigniter4\framework\system\View\View.php(232): CodeIgniter\View\View->CodeIgniter\View\{closure}()
#3 D:\PHP\htdocs\Web_Phan_Mem_Ma_Nguon_Mo\vendor\codeigniter4\framework\system\Common.php(1271): CodeIgniter\View\View->render('admin/pages/sli...', Array, true)
#4 D:\PHP\htdocs\Web_Phan_Mem_Ma_Nguon_Mo\app\Controllers\BaseController.php(89): view('admin/pages/sli...', Array)
#5 D:\PHP\htdocs\Web_Phan_Mem_Ma_Nguon_Mo\app\Controllers\admin\AdminSlideController.php(26): App\Controllers\BaseController->loadMastLayout(Array, 'Trang qu\xE1\xBA\xA3n l\xC3...', 'admin/pages/sli...', Array, Array, Array)
#6 D:\PHP\htdocs\Web_Phan_Mem_Ma_Nguon_Mo\vendor\codeigniter4\framework\system\CodeIgniter.php(928): App\Controllers\admin\AdminSlideController->index()
#7 D:\PHP\htdocs\Web_Phan_Mem_Ma_Nguon_Mo\vendor\codeigniter4\framework\system\CodeIgniter.php(436): CodeIgniter\CodeIgniter->runController(Object(App\Controllers\admin\AdminSlideController))
#8 D:\PHP\htdocs\Web_Phan_Mem_Ma_Nguon_Mo\vendor\codeigniter4\framework\system\CodeIgniter.php(336): CodeIgniter\CodeIgniter->handleRequest(NULL, Object(Config\Cache), false)
#9 D:\PHP\htdocs\Web_Phan_Mem_Ma_Nguon_Mo\public\index.php(38): CodeIgniter\CodeIgniter->run()
#10 D:\PHP\htdocs\Web_Phan_Mem_Ma_Nguon_Mo\vendor\codeigniter4\framework\system\Commands\Server\rewrite.php(45): require_once('D:\\PHP\\htdocs\\W...')
#11 {main}
CRITICAL - 2021-08-23 12:00:23 --> Attempt to read property "id" on array
#0 D:\PHP\htdocs\Web_Phan_Mem_Ma_Nguon_Mo\app\Views\admin\pages\slide\List-Silde.php(47): CodeIgniter\Debug\Exceptions->errorHandler(2, 'Attempt to read...', 'D:\\PHP\\htdocs\\W...', 47)
#1 D:\PHP\htdocs\Web_Phan_Mem_Ma_Nguon_Mo\vendor\codeigniter4\framework\system\View\View.php(230): include('D:\\PHP\\htdocs\\W...')
#2 D:\PHP\htdocs\Web_Phan_Mem_Ma_Nguon_Mo\vendor\codeigniter4\framework\system\View\View.php(232): CodeIgniter\View\View->CodeIgniter\View\{closure}()
#3 D:\PHP\htdocs\Web_Phan_Mem_Ma_Nguon_Mo\vendor\codeigniter4\framework\system\Common.php(1271): CodeIgniter\View\View->render('admin/pages/sli...', Array, true)
#4 D:\PHP\htdocs\Web_Phan_Mem_Ma_Nguon_Mo\app\Controllers\BaseController.php(89): view('admin/pages/sli...', Array)
#5 D:\PHP\htdocs\Web_Phan_Mem_Ma_Nguon_Mo\app\Controllers\admin\AdminSlideController.php(26): App\Controllers\BaseController->loadMastLayout(Array, 'Trang qu\xE1\xBA\xA3n l\xC3...', 'admin/pages/sli...', Array, Array, Array)
#6 D:\PHP\htdocs\Web_Phan_Mem_Ma_Nguon_Mo\vendor\codeigniter4\framework\system\CodeIgniter.php(928): App\Controllers\admin\AdminSlideController->index()
#7 D:\PHP\htdocs\Web_Phan_Mem_Ma_Nguon_Mo\vendor\codeigniter4\framework\system\CodeIgniter.php(436): CodeIgniter\CodeIgniter->runController(Object(App\Controllers\admin\AdminSlideController))
#8 D:\PHP\htdocs\Web_Phan_Mem_Ma_Nguon_Mo\vendor\codeigniter4\framework\system\CodeIgniter.php(336): CodeIgniter\CodeIgniter->handleRequest(NULL, Object(Config\Cache), false)
#9 D:\PHP\htdocs\Web_Phan_Mem_Ma_Nguon_Mo\public\index.php(38): CodeIgniter\CodeIgniter->run()
#10 D:\PHP\htdocs\Web_Phan_Mem_Ma_Nguon_Mo\vendor\codeigniter4\framework\system\Commands\Server\rewrite.php(45): require_once('D:\\PHP\\htdocs\\W...')
#11 {main}
CRITICAL - 2021-08-23 12:00:53 --> Attempt to read property "link" on array
#0 D:\PHP\htdocs\Web_Phan_Mem_Ma_Nguon_Mo\app\Views\admin\pages\slide\List-Silde.php(63): CodeIgniter\Debug\Exceptions->errorHandler(2, 'Attempt to read...', 'D:\\PHP\\htdocs\\W...', 63)
#1 D:\PHP\htdocs\Web_Phan_Mem_Ma_Nguon_Mo\vendor\codeigniter4\framework\system\View\View.php(230): include('D:\\PHP\\htdocs\\W...')
#2 D:\PHP\htdocs\Web_Phan_Mem_Ma_Nguon_Mo\vendor\codeigniter4\framework\system\View\View.php(232): CodeIgniter\View\View->CodeIgniter\View\{closure}()
#3 D:\PHP\htdocs\Web_Phan_Mem_Ma_Nguon_Mo\vendor\codeigniter4\framework\system\Common.php(1271): CodeIgniter\View\View->render('admin/pages/sli...', Array, true)
#4 D:\PHP\htdocs\Web_Phan_Mem_Ma_Nguon_Mo\app\Controllers\BaseController.php(89): view('admin/pages/sli...', Array)
#5 D:\PHP\htdocs\Web_Phan_Mem_Ma_Nguon_Mo\app\Controllers\admin\AdminSlideController.php(26): App\Controllers\BaseController->loadMastLayout(Array, 'Trang qu\xE1\xBA\xA3n l\xC3...', 'admin/pages/sli...', Array, Array, Array)
#6 D:\PHP\htdocs\Web_Phan_Mem_Ma_Nguon_Mo\vendor\codeigniter4\framework\system\CodeIgniter.php(928): App\Controllers\admin\AdminSlideController->index()
#7 D:\PHP\htdocs\Web_Phan_Mem_Ma_Nguon_Mo\vendor\codeigniter4\framework\system\CodeIgniter.php(436): CodeIgniter\CodeIgniter->runController(Object(App\Controllers\admin\AdminSlideController))
#8 D:\PHP\htdocs\Web_Phan_Mem_Ma_Nguon_Mo\vendor\codeigniter4\framework\system\CodeIgniter.php(336): CodeIgniter\CodeIgniter->handleRequest(NULL, Object(Config\Cache), false)
#9 D:\PHP\htdocs\Web_Phan_Mem_Ma_Nguon_Mo\public\index.php(38): CodeIgniter\CodeIgniter->run()
#10 D:\PHP\htdocs\Web_Phan_Mem_Ma_Nguon_Mo\vendor\codeigniter4\framework\system\Commands\Server\rewrite.php(45): require_once('D:\\PHP\\htdocs\\W...')
#11 {main}
CRITICAL - 2021-08-23 12:09:30 --> unlink(slide/11.jpg): No such file or directory
#0 [internal function]: CodeIgniter\Debug\Exceptions->errorHandler(2, 'unlink(slide/11...', 'D:\\PHP\\htdocs\\W...', 67)
#1 D:\PHP\htdocs\Web_Phan_Mem_Ma_Nguon_Mo\app\Controllers\admin\AdminSlideController.php(67): unlink('slide/11.jpg')
#2 D:\PHP\htdocs\Web_Phan_Mem_Ma_Nguon_Mo\vendor\codeigniter4\framework\system\CodeIgniter.php(928): App\Controllers\admin\AdminSlideController->Delete('1')
#3 D:\PHP\htdocs\Web_Phan_Mem_Ma_Nguon_Mo\vendor\codeigniter4\framework\system\CodeIgniter.php(436): CodeIgniter\CodeIgniter->runController(Object(App\Controllers\admin\AdminSlideController))
#4 D:\PHP\htdocs\Web_Phan_Mem_Ma_Nguon_Mo\vendor\codeigniter4\framework\system\CodeIgniter.php(336): CodeIgniter\CodeIgniter->handleRequest(NULL, Object(Config\Cache), false)
#5 D:\PHP\htdocs\Web_Phan_Mem_Ma_Nguon_Mo\public\index.php(38): CodeIgniter\CodeIgniter->run()
#6 D:\PHP\htdocs\Web_Phan_Mem_Ma_Nguon_Mo\vendor\codeigniter4\framework\system\Commands\Server\rewrite.php(45): require_once('D:\\PHP\\htdocs\\W...')
#7 {main}
