ERROR - 2021-07-24 01:36:48 --> Error connecting to the database: Unknown database 'webcodeigniter'
CRITICAL - 2021-07-24 01:36:48 --> Unable to connect to the database.
Main connection [MySQLi]: Unknown database 'webcodeigniter'
#0 D:\Bai_Tap\Dai_Hoc\Hoc_Ky_7\PHP\htdocs\Web_Phan_Mem_Ma_Nguon_Mo\vendor\codeigniter4\framework\system\Database\BaseConnection.php(625): CodeIgniter\Database\BaseConnection->initialize()
#1 D:\Bai_Tap\Dai_Hoc\Hoc_Ky_7\PHP\htdocs\Web_Phan_Mem_Ma_Nguon_Mo\vendor\codeigniter4\framework\system\Database\BaseBuilder.php(1881): CodeIgniter\Database\BaseConnection->query('SELECT *\nFROM `...', Array, false)
#2 D:\Bai_Tap\Dai_Hoc\Hoc_Ky_7\PHP\htdocs\Web_Phan_Mem_Ma_Nguon_Mo\app\Models\BaseModel.php(41): CodeIgniter\Database\BaseBuilder->get()
#3 D:\Bai_Tap\Dai_Hoc\Hoc_Ky_7\PHP\htdocs\Web_Phan_Mem_Ma_Nguon_Mo\app\Controllers\admin\AdminProductController.php(29): App\Models\BaseModel->getList()
#4 D:\Bai_Tap\Dai_Hoc\Hoc_Ky_7\PHP\htdocs\Web_Phan_Mem_Ma_Nguon_Mo\vendor\codeigniter4\framework\system\CodeIgniter.php(928): App\Controllers\admin\AdminProductController->index()
#5 D:\Bai_Tap\Dai_Hoc\Hoc_Ky_7\PHP\htdocs\Web_Phan_Mem_Ma_Nguon_Mo\vendor\codeigniter4\framework\system\CodeIgniter.php(436): CodeIgniter\CodeIgniter->runController(Object(App\Controllers\admin\AdminProductController))
#6 D:\Bai_Tap\Dai_Hoc\Hoc_Ky_7\PHP\htdocs\Web_Phan_Mem_Ma_Nguon_Mo\vendor\codeigniter4\framework\system\CodeIgniter.php(336): CodeIgniter\CodeIgniter->handleRequest(NULL, Object(Config\Cache), false)
#7 D:\Bai_Tap\Dai_Hoc\Hoc_Ky_7\PHP\htdocs\Web_Phan_Mem_Ma_Nguon_Mo\public\index.php(38): CodeIgniter\CodeIgniter->run()
#8 D:\Bai_Tap\Dai_Hoc\Hoc_Ky_7\PHP\htdocs\Web_Phan_Mem_Ma_Nguon_Mo\vendor\codeigniter4\framework\system\Commands\Server\rewrite.php(45): require_once('D:\\Bai_Tap\\Dai_...')
#9 {main}
CRITICAL - 2021-07-24 01:40:14 --> CodeIgniter\Validation\Validation::withRequest(): Argument #1 ($request) must be of type CodeIgniter\HTTP\RequestInterface, array given, called in D:\Bai_Tap\Dai_Hoc\Hoc_Ky_7\PHP\htdocs\Web_Phan_Mem_Ma_Nguon_Mo\app\Controllers\admin\AdminProductController.php on line 254
#0 D:\Bai_Tap\Dai_Hoc\Hoc_Ky_7\PHP\htdocs\Web_Phan_Mem_Ma_Nguon_Mo\app\Controllers\admin\AdminProductController.php(254): CodeIgniter\Validation\Validation->withRequest(Array)
#1 D:\Bai_Tap\Dai_Hoc\Hoc_Ky_7\PHP\htdocs\Web_Phan_Mem_Ma_Nguon_Mo\app\Controllers\admin\AdminProductController.php(145): App\Controllers\admin\AdminProductController->Check(Array)
#2 D:\Bai_Tap\Dai_Hoc\Hoc_Ky_7\PHP\htdocs\Web_Phan_Mem_Ma_Nguon_Mo\app\Controllers\admin\AdminProductController.php(137): App\Controllers\admin\AdminProductController->ActionCreate(Array, Object(App\Models\ProductModel), 'create')
#3 D:\Bai_Tap\Dai_Hoc\Hoc_Ky_7\PHP\htdocs\Web_Phan_Mem_Ma_Nguon_Mo\vendor\codeigniter4\framework\system\CodeIgniter.php(928): App\Controllers\admin\AdminProductController->Create()
#4 D:\Bai_Tap\Dai_Hoc\Hoc_Ky_7\PHP\htdocs\Web_Phan_Mem_Ma_Nguon_Mo\vendor\codeigniter4\framework\system\CodeIgniter.php(436): CodeIgniter\CodeIgniter->runController(Object(App\Controllers\admin\AdminProductController))
#5 D:\Bai_Tap\Dai_Hoc\Hoc_Ky_7\PHP\htdocs\Web_Phan_Mem_Ma_Nguon_Mo\vendor\codeigniter4\framework\system\CodeIgniter.php(336): CodeIgniter\CodeIgniter->handleRequest(NULL, Object(Config\Cache), false)
#6 D:\Bai_Tap\Dai_Hoc\Hoc_Ky_7\PHP\htdocs\Web_Phan_Mem_Ma_Nguon_Mo\public\index.php(38): CodeIgniter\CodeIgniter->run()
#7 D:\Bai_Tap\Dai_Hoc\Hoc_Ky_7\PHP\htdocs\Web_Phan_Mem_Ma_Nguon_Mo\vendor\codeigniter4\framework\system\Commands\Server\rewrite.php(45): require_once('D:\\Bai_Tap\\Dai_...')
#8 {main}
CRITICAL - 2021-07-24 01:40:24 --> CodeIgniter\Validation\Validation::withRequest(): Argument #1 ($request) must be of type CodeIgniter\HTTP\RequestInterface, array given, called in D:\Bai_Tap\Dai_Hoc\Hoc_Ky_7\PHP\htdocs\Web_Phan_Mem_Ma_Nguon_Mo\app\Controllers\admin\AdminProductController.php on line 254
#0 D:\Bai_Tap\Dai_Hoc\Hoc_Ky_7\PHP\htdocs\Web_Phan_Mem_Ma_Nguon_Mo\app\Controllers\admin\AdminProductController.php(254): CodeIgniter\Validation\Validation->withRequest(Array)
#1 D:\Bai_Tap\Dai_Hoc\Hoc_Ky_7\PHP\htdocs\Web_Phan_Mem_Ma_Nguon_Mo\app\Controllers\admin\AdminProductController.php(145): App\Controllers\admin\AdminProductController->Check(Array)
#2 D:\Bai_Tap\Dai_Hoc\Hoc_Ky_7\PHP\htdocs\Web_Phan_Mem_Ma_Nguon_Mo\app\Controllers\admin\AdminProductController.php(137): App\Controllers\admin\AdminProductController->ActionCreate(Array, Object(App\Models\ProductModel), 'create')
#3 D:\Bai_Tap\Dai_Hoc\Hoc_Ky_7\PHP\htdocs\Web_Phan_Mem_Ma_Nguon_Mo\vendor\codeigniter4\framework\system\CodeIgniter.php(928): App\Controllers\admin\AdminProductController->Create()
#4 D:\Bai_Tap\Dai_Hoc\Hoc_Ky_7\PHP\htdocs\Web_Phan_Mem_Ma_Nguon_Mo\vendor\codeigniter4\framework\system\CodeIgniter.php(436): CodeIgniter\CodeIgniter->runController(Object(App\Controllers\admin\AdminProductController))
#5 D:\Bai_Tap\Dai_Hoc\Hoc_Ky_7\PHP\htdocs\Web_Phan_Mem_Ma_Nguon_Mo\vendor\codeigniter4\framework\system\CodeIgniter.php(336): CodeIgniter\CodeIgniter->handleRequest(NULL, Object(Config\Cache), false)
#6 D:\Bai_Tap\Dai_Hoc\Hoc_Ky_7\PHP\htdocs\Web_Phan_Mem_Ma_Nguon_Mo\public\index.php(38): CodeIgniter\CodeIgniter->run()
#7 D:\Bai_Tap\Dai_Hoc\Hoc_Ky_7\PHP\htdocs\Web_Phan_Mem_Ma_Nguon_Mo\vendor\codeigniter4\framework\system\Commands\Server\rewrite.php(45): require_once('D:\\Bai_Tap\\Dai_...')
#8 {main}
CRITICAL - 2021-07-24 01:42:11 --> Call to a member function getPost() on array
#0 D:\Bai_Tap\Dai_Hoc\Hoc_Ky_7\PHP\htdocs\Web_Phan_Mem_Ma_Nguon_Mo\app\Controllers\admin\AdminProductController.php(137): App\Controllers\admin\AdminProductController->ActionCreate(Array, Object(App\Models\ProductModel), 'create')
#1 D:\Bai_Tap\Dai_Hoc\Hoc_Ky_7\PHP\htdocs\Web_Phan_Mem_Ma_Nguon_Mo\vendor\codeigniter4\framework\system\CodeIgniter.php(928): App\Controllers\admin\AdminProductController->Create()
#2 D:\Bai_Tap\Dai_Hoc\Hoc_Ky_7\PHP\htdocs\Web_Phan_Mem_Ma_Nguon_Mo\vendor\codeigniter4\framework\system\CodeIgniter.php(436): CodeIgniter\CodeIgniter->runController(Object(App\Controllers\admin\AdminProductController))
#3 D:\Bai_Tap\Dai_Hoc\Hoc_Ky_7\PHP\htdocs\Web_Phan_Mem_Ma_Nguon_Mo\vendor\codeigniter4\framework\system\CodeIgniter.php(336): CodeIgniter\CodeIgniter->handleRequest(NULL, Object(Config\Cache), false)
#4 D:\Bai_Tap\Dai_Hoc\Hoc_Ky_7\PHP\htdocs\Web_Phan_Mem_Ma_Nguon_Mo\public\index.php(38): CodeIgniter\CodeIgniter->run()
#5 D:\Bai_Tap\Dai_Hoc\Hoc_Ky_7\PHP\htdocs\Web_Phan_Mem_Ma_Nguon_Mo\vendor\codeigniter4\framework\system\Commands\Server\rewrite.php(45): require_once('D:\\Bai_Tap\\Dai_...')
#6 {main}
ERROR - 2021-07-24 01:43:01 --> You have an error in your SQL syntax; check the manual that corresponds to your MariaDB server version for the right syntax to use near '), '2', '1321', '1256156', '', '', '', '', '2021-07-24 01:43:01')' at line 1
CRITICAL - 2021-07-24 01:44:33 --> CodeIgniter\Validation\Validation::withRequest(): Argument #1 ($request) must be of type CodeIgniter\HTTP\RequestInterface, array given, called in D:\Bai_Tap\Dai_Hoc\Hoc_Ky_7\PHP\htdocs\Web_Phan_Mem_Ma_Nguon_Mo\app\Controllers\admin\AdminProductController.php on line 254
#0 D:\Bai_Tap\Dai_Hoc\Hoc_Ky_7\PHP\htdocs\Web_Phan_Mem_Ma_Nguon_Mo\app\Controllers\admin\AdminProductController.php(254): CodeIgniter\Validation\Validation->withRequest(Array)
#1 D:\Bai_Tap\Dai_Hoc\Hoc_Ky_7\PHP\htdocs\Web_Phan_Mem_Ma_Nguon_Mo\app\Controllers\admin\AdminProductController.php(145): App\Controllers\admin\AdminProductController->Check(Array)
#2 D:\Bai_Tap\Dai_Hoc\Hoc_Ky_7\PHP\htdocs\Web_Phan_Mem_Ma_Nguon_Mo\app\Controllers\admin\AdminProductController.php(137): App\Controllers\admin\AdminProductController->ActionCreate(Array, Object(App\Models\ProductModel), 'create')
#3 D:\Bai_Tap\Dai_Hoc\Hoc_Ky_7\PHP\htdocs\Web_Phan_Mem_Ma_Nguon_Mo\vendor\codeigniter4\framework\system\CodeIgniter.php(928): App\Controllers\admin\AdminProductController->Create()
#4 D:\Bai_Tap\Dai_Hoc\Hoc_Ky_7\PHP\htdocs\Web_Phan_Mem_Ma_Nguon_Mo\vendor\codeigniter4\framework\system\CodeIgniter.php(436): CodeIgniter\CodeIgniter->runController(Object(App\Controllers\admin\AdminProductController))
#5 D:\Bai_Tap\Dai_Hoc\Hoc_Ky_7\PHP\htdocs\Web_Phan_Mem_Ma_Nguon_Mo\vendor\codeigniter4\framework\system\CodeIgniter.php(336): CodeIgniter\CodeIgniter->handleRequest(NULL, Object(Config\Cache), false)
#6 D:\Bai_Tap\Dai_Hoc\Hoc_Ky_7\PHP\htdocs\Web_Phan_Mem_Ma_Nguon_Mo\public\index.php(38): CodeIgniter\CodeIgniter->run()
#7 D:\Bai_Tap\Dai_Hoc\Hoc_Ky_7\PHP\htdocs\Web_Phan_Mem_Ma_Nguon_Mo\vendor\codeigniter4\framework\system\Commands\Server\rewrite.php(45): require_once('D:\\Bai_Tap\\Dai_...')
#8 {main}
CRITICAL - 2021-07-24 01:46:53 --> CodeIgniter\Database\BaseBuilder::insert(): Argument #1 ($set) must be of type ?array, CodeIgniter\HTTP\IncomingRequest given, called in D:\Bai_Tap\Dai_Hoc\Hoc_Ky_7\PHP\htdocs\Web_Phan_Mem_Ma_Nguon_Mo\app\Models\BaseModel.php on line 30
#0 D:\Bai_Tap\Dai_Hoc\Hoc_Ky_7\PHP\htdocs\Web_Phan_Mem_Ma_Nguon_Mo\app\Models\BaseModel.php(30): CodeIgniter\Database\BaseBuilder->insert(Object(CodeIgniter\HTTP\IncomingRequest))
#1 D:\Bai_Tap\Dai_Hoc\Hoc_Ky_7\PHP\htdocs\Web_Phan_Mem_Ma_Nguon_Mo\app\Controllers\admin\AdminProductController.php(156): App\Models\BaseModel->create(Object(CodeIgniter\HTTP\IncomingRequest))
#2 D:\Bai_Tap\Dai_Hoc\Hoc_Ky_7\PHP\htdocs\Web_Phan_Mem_Ma_Nguon_Mo\app\Controllers\admin\AdminProductController.php(138): App\Controllers\admin\AdminProductController->ActionCreate(Object(CodeIgniter\HTTP\IncomingRequest), Object(App\Models\ProductModel), 'create')
#3 D:\Bai_Tap\Dai_Hoc\Hoc_Ky_7\PHP\htdocs\Web_Phan_Mem_Ma_Nguon_Mo\vendor\codeigniter4\framework\system\CodeIgniter.php(928): App\Controllers\admin\AdminProductController->Create()
#4 D:\Bai_Tap\Dai_Hoc\Hoc_Ky_7\PHP\htdocs\Web_Phan_Mem_Ma_Nguon_Mo\vendor\codeigniter4\framework\system\CodeIgniter.php(436): CodeIgniter\CodeIgniter->runController(Object(App\Controllers\admin\AdminProductController))
#5 D:\Bai_Tap\Dai_Hoc\Hoc_Ky_7\PHP\htdocs\Web_Phan_Mem_Ma_Nguon_Mo\vendor\codeigniter4\framework\system\CodeIgniter.php(336): CodeIgniter\CodeIgniter->handleRequest(NULL, Object(Config\Cache), false)
#6 D:\Bai_Tap\Dai_Hoc\Hoc_Ky_7\PHP\htdocs\Web_Phan_Mem_Ma_Nguon_Mo\public\index.php(38): CodeIgniter\CodeIgniter->run()
#7 D:\Bai_Tap\Dai_Hoc\Hoc_Ky_7\PHP\htdocs\Web_Phan_Mem_Ma_Nguon_Mo\vendor\codeigniter4\framework\system\Commands\Server\rewrite.php(45): require_once('D:\\Bai_Tap\\Dai_...')
#8 {main}
ERROR - 2021-07-24 01:47:56 --> Unknown column 'catalog' in 'field list'
ERROR - 2021-07-24 01:48:04 --> Unknown column 'catalog' in 'field list'
ERROR - 2021-07-24 01:49:10 --> Unknown column 'catalog' in 'field list'
CRITICAL - 2021-07-24 01:52:48 --> CodeIgniter\Validation\Validation::withRequest(): Argument #1 ($request) must be of type CodeIgniter\HTTP\RequestInterface, array given, called in D:\Bai_Tap\Dai_Hoc\Hoc_Ky_7\PHP\htdocs\Web_Phan_Mem_Ma_Nguon_Mo\app\Controllers\admin\AdminProductController.php on line 254
#0 D:\Bai_Tap\Dai_Hoc\Hoc_Ky_7\PHP\htdocs\Web_Phan_Mem_Ma_Nguon_Mo\app\Controllers\admin\AdminProductController.php(254): CodeIgniter\Validation\Validation->withRequest(Array)
#1 D:\Bai_Tap\Dai_Hoc\Hoc_Ky_7\PHP\htdocs\Web_Phan_Mem_Ma_Nguon_Mo\app\Controllers\admin\AdminProductController.php(145): App\Controllers\admin\AdminProductController->Check(Array)
#2 D:\Bai_Tap\Dai_Hoc\Hoc_Ky_7\PHP\htdocs\Web_Phan_Mem_Ma_Nguon_Mo\app\Controllers\admin\AdminProductController.php(137): App\Controllers\admin\AdminProductController->ActionCreate(Array, Object(App\Models\ProductModel), 'create')
#3 D:\Bai_Tap\Dai_Hoc\Hoc_Ky_7\PHP\htdocs\Web_Phan_Mem_Ma_Nguon_Mo\vendor\codeigniter4\framework\system\CodeIgniter.php(928): App\Controllers\admin\AdminProductController->Create()
#4 D:\Bai_Tap\Dai_Hoc\Hoc_Ky_7\PHP\htdocs\Web_Phan_Mem_Ma_Nguon_Mo\vendor\codeigniter4\framework\system\CodeIgniter.php(436): CodeIgniter\CodeIgniter->runController(Object(App\Controllers\admin\AdminProductController))
#5 D:\Bai_Tap\Dai_Hoc\Hoc_Ky_7\PHP\htdocs\Web_Phan_Mem_Ma_Nguon_Mo\vendor\codeigniter4\framework\system\CodeIgniter.php(336): CodeIgniter\CodeIgniter->handleRequest(NULL, Object(Config\Cache), false)
#6 D:\Bai_Tap\Dai_Hoc\Hoc_Ky_7\PHP\htdocs\Web_Phan_Mem_Ma_Nguon_Mo\public\index.php(38): CodeIgniter\CodeIgniter->run()
#7 D:\Bai_Tap\Dai_Hoc\Hoc_Ky_7\PHP\htdocs\Web_Phan_Mem_Ma_Nguon_Mo\vendor\codeigniter4\framework\system\Commands\Server\rewrite.php(45): require_once('D:\\Bai_Tap\\Dai_...')
#8 {main}
ERROR - 2021-07-24 01:54:43 --> You have an error in your SQL syntax; check the manual that corresponds to your MariaDB server version for the right syntax to use near '), '2', '12', '546', '', '', '', '', '2021-07-24 01:54:43')' at line 1
CRITICAL - 2021-07-24 01:54:43 --> You have an error in your SQL syntax; check the manual that corresponds to your MariaDB server version for the right syntax to use near '), '2', '12', '546', '', '', '', '', '2021-07-24 01:54:43')' at line 1
#0 D:\Bai_Tap\Dai_Hoc\Hoc_Ky_7\PHP\htdocs\Web_Phan_Mem_Ma_Nguon_Mo\vendor\codeigniter4\framework\system\Database\MySQLi\Connection.php(329): mysqli->query('INSERT INTO `pr...')
#1 D:\Bai_Tap\Dai_Hoc\Hoc_Ky_7\PHP\htdocs\Web_Phan_Mem_Ma_Nguon_Mo\vendor\codeigniter4\framework\system\Database\BaseConnection.php(732): CodeIgniter\Database\MySQLi\Connection->execute('INSERT INTO `pr...')
#2 D:\Bai_Tap\Dai_Hoc\Hoc_Ky_7\PHP\htdocs\Web_Phan_Mem_Ma_Nguon_Mo\vendor\codeigniter4\framework\system\Database\BaseConnection.php(647): CodeIgniter\Database\BaseConnection->simpleQuery('INSERT INTO `pr...')
#3 D:\Bai_Tap\Dai_Hoc\Hoc_Ky_7\PHP\htdocs\Web_Phan_Mem_Ma_Nguon_Mo\vendor\codeigniter4\framework\system\Database\BaseBuilder.php(2277): CodeIgniter\Database\BaseConnection->query('INSERT INTO `pr...', Array, false)
#4 D:\Bai_Tap\Dai_Hoc\Hoc_Ky_7\PHP\htdocs\Web_Phan_Mem_Ma_Nguon_Mo\app\Models\BaseModel.php(30): CodeIgniter\Database\BaseBuilder->insert(Array)
#5 D:\Bai_Tap\Dai_Hoc\Hoc_Ky_7\PHP\htdocs\Web_Phan_Mem_Ma_Nguon_Mo\app\Controllers\admin\AdminProductController.php(137): App\Models\BaseModel->create(Array)
#6 D:\Bai_Tap\Dai_Hoc\Hoc_Ky_7\PHP\htdocs\Web_Phan_Mem_Ma_Nguon_Mo\vendor\codeigniter4\framework\system\CodeIgniter.php(928): App\Controllers\admin\AdminProductController->Create()
#7 D:\Bai_Tap\Dai_Hoc\Hoc_Ky_7\PHP\htdocs\Web_Phan_Mem_Ma_Nguon_Mo\vendor\codeigniter4\framework\system\CodeIgniter.php(436): CodeIgniter\CodeIgniter->runController(Object(App\Controllers\admin\AdminProductController))
#8 D:\Bai_Tap\Dai_Hoc\Hoc_Ky_7\PHP\htdocs\Web_Phan_Mem_Ma_Nguon_Mo\vendor\codeigniter4\framework\system\CodeIgniter.php(336): CodeIgniter\CodeIgniter->handleRequest(NULL, Object(Config\Cache), false)
#9 D:\Bai_Tap\Dai_Hoc\Hoc_Ky_7\PHP\htdocs\Web_Phan_Mem_Ma_Nguon_Mo\public\index.php(38): CodeIgniter\CodeIgniter->run()
#10 D:\Bai_Tap\Dai_Hoc\Hoc_Ky_7\PHP\htdocs\Web_Phan_Mem_Ma_Nguon_Mo\vendor\codeigniter4\framework\system\Commands\Server\rewrite.php(45): require_once('D:\\Bai_Tap\\Dai_...')
#11 {main}
CRITICAL - 2021-07-24 01:56:46 --> CodeIgniter\Database\BaseBuilder::insert(): Argument #1 ($set) must be of type ?array, stdClass given, called in D:\Bai_Tap\Dai_Hoc\Hoc_Ky_7\PHP\htdocs\Web_Phan_Mem_Ma_Nguon_Mo\app\Models\BaseModel.php on line 30
#0 D:\Bai_Tap\Dai_Hoc\Hoc_Ky_7\PHP\htdocs\Web_Phan_Mem_Ma_Nguon_Mo\app\Models\BaseModel.php(30): CodeIgniter\Database\BaseBuilder->insert(Object(stdClass))
#1 D:\Bai_Tap\Dai_Hoc\Hoc_Ky_7\PHP\htdocs\Web_Phan_Mem_Ma_Nguon_Mo\app\Controllers\admin\AdminProductController.php(138): App\Models\BaseModel->create(Object(stdClass))
#2 D:\Bai_Tap\Dai_Hoc\Hoc_Ky_7\PHP\htdocs\Web_Phan_Mem_Ma_Nguon_Mo\vendor\codeigniter4\framework\system\CodeIgniter.php(928): App\Controllers\admin\AdminProductController->Create()
#3 D:\Bai_Tap\Dai_Hoc\Hoc_Ky_7\PHP\htdocs\Web_Phan_Mem_Ma_Nguon_Mo\vendor\codeigniter4\framework\system\CodeIgniter.php(436): CodeIgniter\CodeIgniter->runController(Object(App\Controllers\admin\AdminProductController))
#4 D:\Bai_Tap\Dai_Hoc\Hoc_Ky_7\PHP\htdocs\Web_Phan_Mem_Ma_Nguon_Mo\vendor\codeigniter4\framework\system\CodeIgniter.php(336): CodeIgniter\CodeIgniter->handleRequest(NULL, Object(Config\Cache), false)
#5 D:\Bai_Tap\Dai_Hoc\Hoc_Ky_7\PHP\htdocs\Web_Phan_Mem_Ma_Nguon_Mo\public\index.php(38): CodeIgniter\CodeIgniter->run()
#6 D:\Bai_Tap\Dai_Hoc\Hoc_Ky_7\PHP\htdocs\Web_Phan_Mem_Ma_Nguon_Mo\vendor\codeigniter4\framework\system\Commands\Server\rewrite.php(45): require_once('D:\\Bai_Tap\\Dai_...')
#7 {main}
CRITICAL - 2021-07-24 02:01:17 --> Call to undefined method App\Models\ProductModel::sav
#0 D:\Bai_Tap\Dai_Hoc\Hoc_Ky_7\PHP\htdocs\Web_Phan_Mem_Ma_Nguon_Mo\app\Controllers\admin\AdminProductController.php(149): CodeIgniter\Model->__call('sav', Array)
#1 D:\Bai_Tap\Dai_Hoc\Hoc_Ky_7\PHP\htdocs\Web_Phan_Mem_Ma_Nguon_Mo\vendor\codeigniter4\framework\system\CodeIgniter.php(928): App\Controllers\admin\AdminProductController->Create()
#2 D:\Bai_Tap\Dai_Hoc\Hoc_Ky_7\PHP\htdocs\Web_Phan_Mem_Ma_Nguon_Mo\vendor\codeigniter4\framework\system\CodeIgniter.php(436): CodeIgniter\CodeIgniter->runController(Object(App\Controllers\admin\AdminProductController))
#3 D:\Bai_Tap\Dai_Hoc\Hoc_Ky_7\PHP\htdocs\Web_Phan_Mem_Ma_Nguon_Mo\vendor\codeigniter4\framework\system\CodeIgniter.php(336): CodeIgniter\CodeIgniter->handleRequest(NULL, Object(Config\Cache), false)
#4 D:\Bai_Tap\Dai_Hoc\Hoc_Ky_7\PHP\htdocs\Web_Phan_Mem_Ma_Nguon_Mo\public\index.php(38): CodeIgniter\CodeIgniter->run()
#5 D:\Bai_Tap\Dai_Hoc\Hoc_Ky_7\PHP\htdocs\Web_Phan_Mem_Ma_Nguon_Mo\vendor\codeigniter4\framework\system\Commands\Server\rewrite.php(45): require_once('D:\\Bai_Tap\\Dai_...')
#6 {main}
CRITICAL - 2021-07-24 02:03:20 --> CodeIgniter\Database\BaseBuilder::set(): Argument #2 ($value) must be of type ?string, array given, called in D:\Bai_Tap\Dai_Hoc\Hoc_Ky_7\PHP\htdocs\Web_Phan_Mem_Ma_Nguon_Mo\vendor\codeigniter4\framework\system\Model.php on line 256
#0 D:\Bai_Tap\Dai_Hoc\Hoc_Ky_7\PHP\htdocs\Web_Phan_Mem_Ma_Nguon_Mo\vendor\codeigniter4\framework\system\Model.php(256): CodeIgniter\Database\BaseBuilder->set('image_list', Array, NULL)
#1 D:\Bai_Tap\Dai_Hoc\Hoc_Ky_7\PHP\htdocs\Web_Phan_Mem_Ma_Nguon_Mo\vendor\codeigniter4\framework\system\BaseModel.php(774): CodeIgniter\Model->doInsert(Array)
#2 D:\Bai_Tap\Dai_Hoc\Hoc_Ky_7\PHP\htdocs\Web_Phan_Mem_Ma_Nguon_Mo\vendor\codeigniter4\framework\system\Model.php(686): CodeIgniter\BaseModel->insert(Array, false)
#3 D:\Bai_Tap\Dai_Hoc\Hoc_Ky_7\PHP\htdocs\Web_Phan_Mem_Ma_Nguon_Mo\vendor\codeigniter4\framework\system\BaseModel.php(687): CodeIgniter\Model->insert(Array, false)
#4 D:\Bai_Tap\Dai_Hoc\Hoc_Ky_7\PHP\htdocs\Web_Phan_Mem_Ma_Nguon_Mo\app\Controllers\admin\AdminProductController.php(151): CodeIgniter\BaseModel->save(Array)
#5 D:\Bai_Tap\Dai_Hoc\Hoc_Ky_7\PHP\htdocs\Web_Phan_Mem_Ma_Nguon_Mo\vendor\codeigniter4\framework\system\CodeIgniter.php(928): App\Controllers\admin\AdminProductController->Create()
#6 D:\Bai_Tap\Dai_Hoc\Hoc_Ky_7\PHP\htdocs\Web_Phan_Mem_Ma_Nguon_Mo\vendor\codeigniter4\framework\system\CodeIgniter.php(436): CodeIgniter\CodeIgniter->runController(Object(App\Controllers\admin\AdminProductController))
#7 D:\Bai_Tap\Dai_Hoc\Hoc_Ky_7\PHP\htdocs\Web_Phan_Mem_Ma_Nguon_Mo\vendor\codeigniter4\framework\system\CodeIgniter.php(336): CodeIgniter\CodeIgniter->handleRequest(NULL, Object(Config\Cache), false)
#8 D:\Bai_Tap\Dai_Hoc\Hoc_Ky_7\PHP\htdocs\Web_Phan_Mem_Ma_Nguon_Mo\public\index.php(38): CodeIgniter\CodeIgniter->run()
#9 D:\Bai_Tap\Dai_Hoc\Hoc_Ky_7\PHP\htdocs\Web_Phan_Mem_Ma_Nguon_Mo\vendor\codeigniter4\framework\system\Commands\Server\rewrite.php(45): require_once('D:\\Bai_Tap\\Dai_...')
#10 {main}
CRITICAL - 2021-07-24 02:05:18 --> CodeIgniter\Database\BaseBuilder::set(): Argument #2 ($value) must be of type ?string, array given, called in D:\Bai_Tap\Dai_Hoc\Hoc_Ky_7\PHP\htdocs\Web_Phan_Mem_Ma_Nguon_Mo\vendor\codeigniter4\framework\system\Model.php on line 256
#0 D:\Bai_Tap\Dai_Hoc\Hoc_Ky_7\PHP\htdocs\Web_Phan_Mem_Ma_Nguon_Mo\vendor\codeigniter4\framework\system\Model.php(256): CodeIgniter\Database\BaseBuilder->set('image_list', Array, NULL)
#1 D:\Bai_Tap\Dai_Hoc\Hoc_Ky_7\PHP\htdocs\Web_Phan_Mem_Ma_Nguon_Mo\vendor\codeigniter4\framework\system\BaseModel.php(774): CodeIgniter\Model->doInsert(Array)
#2 D:\Bai_Tap\Dai_Hoc\Hoc_Ky_7\PHP\htdocs\Web_Phan_Mem_Ma_Nguon_Mo\vendor\codeigniter4\framework\system\Model.php(686): CodeIgniter\BaseModel->insert(Array, false)
#3 D:\Bai_Tap\Dai_Hoc\Hoc_Ky_7\PHP\htdocs\Web_Phan_Mem_Ma_Nguon_Mo\vendor\codeigniter4\framework\system\BaseModel.php(687): CodeIgniter\Model->insert(Array, false)
#4 D:\Bai_Tap\Dai_Hoc\Hoc_Ky_7\PHP\htdocs\Web_Phan_Mem_Ma_Nguon_Mo\app\Controllers\admin\AdminProductController.php(151): CodeIgniter\BaseModel->save(Array)
#5 D:\Bai_Tap\Dai_Hoc\Hoc_Ky_7\PHP\htdocs\Web_Phan_Mem_Ma_Nguon_Mo\vendor\codeigniter4\framework\system\CodeIgniter.php(928): App\Controllers\admin\AdminProductController->Create()
#6 D:\Bai_Tap\Dai_Hoc\Hoc_Ky_7\PHP\htdocs\Web_Phan_Mem_Ma_Nguon_Mo\vendor\codeigniter4\framework\system\CodeIgniter.php(436): CodeIgniter\CodeIgniter->runController(Object(App\Controllers\admin\AdminProductController))
#7 D:\Bai_Tap\Dai_Hoc\Hoc_Ky_7\PHP\htdocs\Web_Phan_Mem_Ma_Nguon_Mo\vendor\codeigniter4\framework\system\CodeIgniter.php(336): CodeIgniter\CodeIgniter->handleRequest(NULL, Object(Config\Cache), false)
#8 D:\Bai_Tap\Dai_Hoc\Hoc_Ky_7\PHP\htdocs\Web_Phan_Mem_Ma_Nguon_Mo\public\index.php(38): CodeIgniter\CodeIgniter->run()
#9 D:\Bai_Tap\Dai_Hoc\Hoc_Ky_7\PHP\htdocs\Web_Phan_Mem_Ma_Nguon_Mo\vendor\codeigniter4\framework\system\Commands\Server\rewrite.php(45): require_once('D:\\Bai_Tap\\Dai_...')
#10 {main}
