CRITICAL - 2021-08-03 03:07:42 --> unlink(upload/product/5_1.jpg): No such file or directory
#0 [internal function]: CodeIgniter\Debug\Exceptions->errorHandler(2, 'unlink(upload/p...', 'D:\\PHP\\htdocs\\W...', 353)
#1 D:\PHP\htdocs\Web_Phan_Mem_Ma_Nguon_Mo\app\Controllers\admin\AdminProductController.php(353): unlink('upload/product/...')
#2 D:\PHP\htdocs\Web_Phan_Mem_Ma_Nguon_Mo\vendor\codeigniter4\framework\system\CodeIgniter.php(928): App\Controllers\admin\AdminProductController->Delete('42')
#3 D:\PHP\htdocs\Web_Phan_Mem_Ma_Nguon_Mo\vendor\codeigniter4\framework\system\CodeIgniter.php(436): CodeIgniter\CodeIgniter->runController(Object(App\Controllers\admin\AdminProductController))
#4 D:\PHP\htdocs\Web_Phan_Mem_Ma_Nguon_Mo\vendor\codeigniter4\framework\system\CodeIgniter.php(336): CodeIgniter\CodeIgniter->handleRequest(NULL, Object(Config\Cache), false)
#5 D:\PHP\htdocs\Web_Phan_Mem_Ma_Nguon_Mo\public\index.php(38): CodeIgniter\CodeIgniter->run()
#6 D:\PHP\htdocs\Web_Phan_Mem_Ma_Nguon_Mo\vendor\codeigniter4\framework\system\Commands\Server\rewrite.php(45): require_once('D:\\PHP\\htdocs\\W...')
#7 {main}
CRITICAL - 2021-08-03 03:07:49 --> unlink(upload/product/3_2.jpg): No such file or directory
#0 [internal function]: CodeIgniter\Debug\Exceptions->errorHandler(2, 'unlink(upload/p...', 'D:\\PHP\\htdocs\\W...', 358)
#1 D:\PHP\htdocs\Web_Phan_Mem_Ma_Nguon_Mo\app\Controllers\admin\AdminProductController.php(358): unlink('upload/product/...')
#2 D:\PHP\htdocs\Web_Phan_Mem_Ma_Nguon_Mo\vendor\codeigniter4\framework\system\CodeIgniter.php(928): App\Controllers\admin\AdminProductController->Delete('40')
#3 D:\PHP\htdocs\Web_Phan_Mem_Ma_Nguon_Mo\vendor\codeigniter4\framework\system\CodeIgniter.php(436): CodeIgniter\CodeIgniter->runController(Object(App\Controllers\admin\AdminProductController))
#4 D:\PHP\htdocs\Web_Phan_Mem_Ma_Nguon_Mo\vendor\codeigniter4\framework\system\CodeIgniter.php(336): CodeIgniter\CodeIgniter->handleRequest(NULL, Object(Config\Cache), false)
#5 D:\PHP\htdocs\Web_Phan_Mem_Ma_Nguon_Mo\public\index.php(38): CodeIgniter\CodeIgniter->run()
#6 D:\PHP\htdocs\Web_Phan_Mem_Ma_Nguon_Mo\vendor\codeigniter4\framework\system\Commands\Server\rewrite.php(45): require_once('D:\\PHP\\htdocs\\W...')
#7 {main}
CRITICAL - 2021-08-03 03:07:55 --> unlink(upload/product/2_2.jpg): No such file or directory
#0 [internal function]: CodeIgniter\Debug\Exceptions->errorHandler(2, 'unlink(upload/p...', 'D:\\PHP\\htdocs\\W...', 358)
#1 D:\PHP\htdocs\Web_Phan_Mem_Ma_Nguon_Mo\app\Controllers\admin\AdminProductController.php(358): unlink('upload/product/...')
#2 D:\PHP\htdocs\Web_Phan_Mem_Ma_Nguon_Mo\vendor\codeigniter4\framework\system\CodeIgniter.php(928): App\Controllers\admin\AdminProductController->Delete('39')
#3 D:\PHP\htdocs\Web_Phan_Mem_Ma_Nguon_Mo\vendor\codeigniter4\framework\system\CodeIgniter.php(436): CodeIgniter\CodeIgniter->runController(Object(App\Controllers\admin\AdminProductController))
#4 D:\PHP\htdocs\Web_Phan_Mem_Ma_Nguon_Mo\vendor\codeigniter4\framework\system\CodeIgniter.php(336): CodeIgniter\CodeIgniter->handleRequest(NULL, Object(Config\Cache), false)
#5 D:\PHP\htdocs\Web_Phan_Mem_Ma_Nguon_Mo\public\index.php(38): CodeIgniter\CodeIgniter->run()
#6 D:\PHP\htdocs\Web_Phan_Mem_Ma_Nguon_Mo\vendor\codeigniter4\framework\system\Commands\Server\rewrite.php(45): require_once('D:\\PHP\\htdocs\\W...')
#7 {main}
CRITICAL - 2021-08-03 03:37:04 --> array_values(): Argument #1 ($array) must be of type array, null given
#0 D:\PHP\htdocs\Web_Phan_Mem_Ma_Nguon_Mo\app\Controllers\user\CartController.php(25): array_values(NULL)
#1 D:\PHP\htdocs\Web_Phan_Mem_Ma_Nguon_Mo\vendor\codeigniter4\framework\system\CodeIgniter.php(928): App\Controllers\user\CartController->cart()
#2 D:\PHP\htdocs\Web_Phan_Mem_Ma_Nguon_Mo\vendor\codeigniter4\framework\system\CodeIgniter.php(436): CodeIgniter\CodeIgniter->runController(Object(App\Controllers\user\CartController))
#3 D:\PHP\htdocs\Web_Phan_Mem_Ma_Nguon_Mo\vendor\codeigniter4\framework\system\CodeIgniter.php(336): CodeIgniter\CodeIgniter->handleRequest(NULL, Object(Config\Cache), false)
#4 D:\PHP\htdocs\Web_Phan_Mem_Ma_Nguon_Mo\public\index.php(38): CodeIgniter\CodeIgniter->run()
#5 D:\PHP\htdocs\Web_Phan_Mem_Ma_Nguon_Mo\vendor\codeigniter4\framework\system\Commands\Server\rewrite.php(45): require_once('D:\\PHP\\htdocs\\W...')
#6 {main}
CRITICAL - 2021-08-03 03:41:16 --> array_values(): Argument #1 ($array) must be of type array, null given
#0 D:\PHP\htdocs\Web_Phan_Mem_Ma_Nguon_Mo\app\Controllers\user\CartController.php(25): array_values(NULL)
#1 D:\PHP\htdocs\Web_Phan_Mem_Ma_Nguon_Mo\vendor\codeigniter4\framework\system\CodeIgniter.php(928): App\Controllers\user\CartController->cart()
#2 D:\PHP\htdocs\Web_Phan_Mem_Ma_Nguon_Mo\vendor\codeigniter4\framework\system\CodeIgniter.php(436): CodeIgniter\CodeIgniter->runController(Object(App\Controllers\user\CartController))
#3 D:\PHP\htdocs\Web_Phan_Mem_Ma_Nguon_Mo\vendor\codeigniter4\framework\system\CodeIgniter.php(336): CodeIgniter\CodeIgniter->handleRequest(NULL, Object(Config\Cache), false)
#4 D:\PHP\htdocs\Web_Phan_Mem_Ma_Nguon_Mo\public\index.php(38): CodeIgniter\CodeIgniter->run()
#5 D:\PHP\htdocs\Web_Phan_Mem_Ma_Nguon_Mo\vendor\codeigniter4\framework\system\Commands\Server\rewrite.php(45): require_once('D:\\PHP\\htdocs\\W...')
#6 {main}
CRITICAL - 2021-08-03 04:27:08 --> array_values(): Argument #1 ($array) must be of type array, null given
#0 D:\PHP\htdocs\Web_Phan_Mem_Ma_Nguon_Mo\app\Controllers\user\CheckoutController.php(32): array_values(NULL)
#1 D:\PHP\htdocs\Web_Phan_Mem_Ma_Nguon_Mo\vendor\codeigniter4\framework\system\CodeIgniter.php(928): App\Controllers\user\CheckoutController->thanhtoan()
#2 D:\PHP\htdocs\Web_Phan_Mem_Ma_Nguon_Mo\vendor\codeigniter4\framework\system\CodeIgniter.php(436): CodeIgniter\CodeIgniter->runController(Object(App\Controllers\user\CheckoutController))
#3 D:\PHP\htdocs\Web_Phan_Mem_Ma_Nguon_Mo\vendor\codeigniter4\framework\system\CodeIgniter.php(336): CodeIgniter\CodeIgniter->handleRequest(NULL, Object(Config\Cache), false)
#4 D:\PHP\htdocs\Web_Phan_Mem_Ma_Nguon_Mo\public\index.php(38): CodeIgniter\CodeIgniter->run()
#5 D:\PHP\htdocs\Web_Phan_Mem_Ma_Nguon_Mo\vendor\codeigniter4\framework\system\Commands\Server\rewrite.php(45): require_once('D:\\PHP\\htdocs\\W...')
#6 {main}
CRITICAL - 2021-08-03 04:27:58 --> Trying to access array offset on value of type null
#0 D:\PHP\htdocs\Web_Phan_Mem_Ma_Nguon_Mo\app\Controllers\user\CheckoutController.php(32): CodeIgniter\Debug\Exceptions->errorHandler(2, 'Trying to acces...', 'D:\\PHP\\htdocs\\W...', 32)
#1 D:\PHP\htdocs\Web_Phan_Mem_Ma_Nguon_Mo\vendor\codeigniter4\framework\system\CodeIgniter.php(928): App\Controllers\user\CheckoutController->thanhtoan()
#2 D:\PHP\htdocs\Web_Phan_Mem_Ma_Nguon_Mo\vendor\codeigniter4\framework\system\CodeIgniter.php(436): CodeIgniter\CodeIgniter->runController(Object(App\Controllers\user\CheckoutController))
#3 D:\PHP\htdocs\Web_Phan_Mem_Ma_Nguon_Mo\vendor\codeigniter4\framework\system\CodeIgniter.php(336): CodeIgniter\CodeIgniter->handleRequest(NULL, Object(Config\Cache), false)
#4 D:\PHP\htdocs\Web_Phan_Mem_Ma_Nguon_Mo\public\index.php(38): CodeIgniter\CodeIgniter->run()
#5 D:\PHP\htdocs\Web_Phan_Mem_Ma_Nguon_Mo\vendor\codeigniter4\framework\system\Commands\Server\rewrite.php(45): require_once('D:\\PHP\\htdocs\\W...')
#6 {main}
CRITICAL - 2021-08-03 04:34:39 --> Trying to access array offset on value of type null
#0 D:\PHP\htdocs\Web_Phan_Mem_Ma_Nguon_Mo\app\Views\user\pages\checkout.php(29): CodeIgniter\Debug\Exceptions->errorHandler(2, 'Trying to acces...', 'D:\\PHP\\htdocs\\W...', 29)
#1 D:\PHP\htdocs\Web_Phan_Mem_Ma_Nguon_Mo\vendor\codeigniter4\framework\system\View\View.php(230): include('D:\\PHP\\htdocs\\W...')
#2 D:\PHP\htdocs\Web_Phan_Mem_Ma_Nguon_Mo\vendor\codeigniter4\framework\system\View\View.php(232): CodeIgniter\View\View->CodeIgniter\View\{closure}()
#3 D:\PHP\htdocs\Web_Phan_Mem_Ma_Nguon_Mo\vendor\codeigniter4\framework\system\Common.php(1271): CodeIgniter\View\View->render('user/pages/chec...', Array, true)
#4 D:\PHP\htdocs\Web_Phan_Mem_Ma_Nguon_Mo\app\Controllers\BaseController.php(78): view('user/pages/chec...', Array)
#5 D:\PHP\htdocs\Web_Phan_Mem_Ma_Nguon_Mo\app\Controllers\user\CheckoutController.php(20): App\Controllers\BaseController->loadUserLayout(Array, 'Th\xE1\xBB\xA7 t\xE1\xBB\xA5c tha...', 'user/pages/chec...', '', '', Array)
#6 D:\PHP\htdocs\Web_Phan_Mem_Ma_Nguon_Mo\vendor\codeigniter4\framework\system\CodeIgniter.php(928): App\Controllers\user\CheckoutController->checkout()
#7 D:\PHP\htdocs\Web_Phan_Mem_Ma_Nguon_Mo\vendor\codeigniter4\framework\system\CodeIgniter.php(436): CodeIgniter\CodeIgniter->runController(Object(App\Controllers\user\CheckoutController))
#8 D:\PHP\htdocs\Web_Phan_Mem_Ma_Nguon_Mo\vendor\codeigniter4\framework\system\CodeIgniter.php(336): CodeIgniter\CodeIgniter->handleRequest(NULL, Object(Config\Cache), false)
#9 D:\PHP\htdocs\Web_Phan_Mem_Ma_Nguon_Mo\public\index.php(38): CodeIgniter\CodeIgniter->run()
#10 D:\PHP\htdocs\Web_Phan_Mem_Ma_Nguon_Mo\vendor\codeigniter4\framework\system\Commands\Server\rewrite.php(45): require_once('D:\\PHP\\htdocs\\W...')
#11 {main}
CRITICAL - 2021-08-03 04:44:28 --> Undefined array key "login"
#0 D:\PHP\htdocs\Web_Phan_Mem_Ma_Nguon_Mo\app\Controllers\user\CheckoutController.php(32): CodeIgniter\Debug\Exceptions->errorHandler(2, 'Undefined array...', 'D:\\PHP\\htdocs\\W...', 32)
#1 D:\PHP\htdocs\Web_Phan_Mem_Ma_Nguon_Mo\vendor\codeigniter4\framework\system\CodeIgniter.php(928): App\Controllers\user\CheckoutController->thanhtoan()
#2 D:\PHP\htdocs\Web_Phan_Mem_Ma_Nguon_Mo\vendor\codeigniter4\framework\system\CodeIgniter.php(436): CodeIgniter\CodeIgniter->runController(Object(App\Controllers\user\CheckoutController))
#3 D:\PHP\htdocs\Web_Phan_Mem_Ma_Nguon_Mo\vendor\codeigniter4\framework\system\CodeIgniter.php(336): CodeIgniter\CodeIgniter->handleRequest(NULL, Object(Config\Cache), false)
#4 D:\PHP\htdocs\Web_Phan_Mem_Ma_Nguon_Mo\public\index.php(38): CodeIgniter\CodeIgniter->run()
#5 D:\PHP\htdocs\Web_Phan_Mem_Ma_Nguon_Mo\vendor\codeigniter4\framework\system\Commands\Server\rewrite.php(45): require_once('D:\\PHP\\htdocs\\W...')
#6 {main}
CRITICAL - 2021-08-03 04:44:51 --> Undefined array key "login"
#0 D:\PHP\htdocs\Web_Phan_Mem_Ma_Nguon_Mo\app\Controllers\user\CheckoutController.php(33): CodeIgniter\Debug\Exceptions->errorHandler(2, 'Undefined array...', 'D:\\PHP\\htdocs\\W...', 33)
#1 D:\PHP\htdocs\Web_Phan_Mem_Ma_Nguon_Mo\vendor\codeigniter4\framework\system\CodeIgniter.php(928): App\Controllers\user\CheckoutController->thanhtoan()
#2 D:\PHP\htdocs\Web_Phan_Mem_Ma_Nguon_Mo\vendor\codeigniter4\framework\system\CodeIgniter.php(436): CodeIgniter\CodeIgniter->runController(Object(App\Controllers\user\CheckoutController))
#3 D:\PHP\htdocs\Web_Phan_Mem_Ma_Nguon_Mo\vendor\codeigniter4\framework\system\CodeIgniter.php(336): CodeIgniter\CodeIgniter->handleRequest(NULL, Object(Config\Cache), false)
#4 D:\PHP\htdocs\Web_Phan_Mem_Ma_Nguon_Mo\public\index.php(38): CodeIgniter\CodeIgniter->run()
#5 D:\PHP\htdocs\Web_Phan_Mem_Ma_Nguon_Mo\vendor\codeigniter4\framework\system\Commands\Server\rewrite.php(45): require_once('D:\\PHP\\htdocs\\W...')
#6 {main}
CRITICAL - 2021-08-03 04:48:07 --> Undefined variable $user_id
#0 D:\PHP\htdocs\Web_Phan_Mem_Ma_Nguon_Mo\app\Controllers\user\CheckoutController.php(37): CodeIgniter\Debug\Exceptions->errorHandler(2, 'Undefined varia...', 'D:\\PHP\\htdocs\\W...', 37)
#1 D:\PHP\htdocs\Web_Phan_Mem_Ma_Nguon_Mo\vendor\codeigniter4\framework\system\CodeIgniter.php(928): App\Controllers\user\CheckoutController->thanhtoan()
#2 D:\PHP\htdocs\Web_Phan_Mem_Ma_Nguon_Mo\vendor\codeigniter4\framework\system\CodeIgniter.php(436): CodeIgniter\CodeIgniter->runController(Object(App\Controllers\user\CheckoutController))
#3 D:\PHP\htdocs\Web_Phan_Mem_Ma_Nguon_Mo\vendor\codeigniter4\framework\system\CodeIgniter.php(336): CodeIgniter\CodeIgniter->handleRequest(NULL, Object(Config\Cache), false)
#4 D:\PHP\htdocs\Web_Phan_Mem_Ma_Nguon_Mo\public\index.php(38): CodeIgniter\CodeIgniter->run()
#5 D:\PHP\htdocs\Web_Phan_Mem_Ma_Nguon_Mo\vendor\codeigniter4\framework\system\Commands\Server\rewrite.php(45): require_once('D:\\PHP\\htdocs\\W...')
#6 {main}
CRITICAL - 2021-08-03 04:48:20 --> Undefined property: App\Controllers\user\CheckoutController::$input
#0 D:\PHP\htdocs\Web_Phan_Mem_Ma_Nguon_Mo\app\Controllers\user\CheckoutController.php(38): CodeIgniter\Debug\Exceptions->errorHandler(2, 'Undefined prope...', 'D:\\PHP\\htdocs\\W...', 38)
#1 D:\PHP\htdocs\Web_Phan_Mem_Ma_Nguon_Mo\vendor\codeigniter4\framework\system\CodeIgniter.php(928): App\Controllers\user\CheckoutController->thanhtoan()
#2 D:\PHP\htdocs\Web_Phan_Mem_Ma_Nguon_Mo\vendor\codeigniter4\framework\system\CodeIgniter.php(436): CodeIgniter\CodeIgniter->runController(Object(App\Controllers\user\CheckoutController))
#3 D:\PHP\htdocs\Web_Phan_Mem_Ma_Nguon_Mo\vendor\codeigniter4\framework\system\CodeIgniter.php(336): CodeIgniter\CodeIgniter->handleRequest(NULL, Object(Config\Cache), false)
#4 D:\PHP\htdocs\Web_Phan_Mem_Ma_Nguon_Mo\public\index.php(38): CodeIgniter\CodeIgniter->run()
#5 D:\PHP\htdocs\Web_Phan_Mem_Ma_Nguon_Mo\vendor\codeigniter4\framework\system\Commands\Server\rewrite.php(45): require_once('D:\\PHP\\htdocs\\W...')
#6 {main}
CRITICAL - 2021-08-03 04:48:54 --> Call to undefined function App\Controllers\user\now()
#0 D:\PHP\htdocs\Web_Phan_Mem_Ma_Nguon_Mo\vendor\codeigniter4\framework\system\CodeIgniter.php(928): App\Controllers\user\CheckoutController->thanhtoan()
#1 D:\PHP\htdocs\Web_Phan_Mem_Ma_Nguon_Mo\vendor\codeigniter4\framework\system\CodeIgniter.php(436): CodeIgniter\CodeIgniter->runController(Object(App\Controllers\user\CheckoutController))
#2 D:\PHP\htdocs\Web_Phan_Mem_Ma_Nguon_Mo\vendor\codeigniter4\framework\system\CodeIgniter.php(336): CodeIgniter\CodeIgniter->handleRequest(NULL, Object(Config\Cache), false)
#3 D:\PHP\htdocs\Web_Phan_Mem_Ma_Nguon_Mo\public\index.php(38): CodeIgniter\CodeIgniter->run()
#4 D:\PHP\htdocs\Web_Phan_Mem_Ma_Nguon_Mo\vendor\codeigniter4\framework\system\Commands\Server\rewrite.php(45): require_once('D:\\PHP\\htdocs\\W...')
#5 {main}
CRITICAL - 2021-08-03 05:10:11 --> Call to undefined method App\Models\OrderModel::order
#0 D:\PHP\htdocs\Web_Phan_Mem_Ma_Nguon_Mo\app\Controllers\user\CheckoutController.php(21): CodeIgniter\Model->__call('order', Array)
#1 D:\PHP\htdocs\Web_Phan_Mem_Ma_Nguon_Mo\vendor\codeigniter4\framework\system\CodeIgniter.php(900): App\Controllers\user\CheckoutController->__construct()
#2 D:\PHP\htdocs\Web_Phan_Mem_Ma_Nguon_Mo\vendor\codeigniter4\framework\system\CodeIgniter.php(426): CodeIgniter\CodeIgniter->createController()
#3 D:\PHP\htdocs\Web_Phan_Mem_Ma_Nguon_Mo\vendor\codeigniter4\framework\system\CodeIgniter.php(336): CodeIgniter\CodeIgniter->handleRequest(NULL, Object(Config\Cache), false)
#4 D:\PHP\htdocs\Web_Phan_Mem_Ma_Nguon_Mo\public\index.php(38): CodeIgniter\CodeIgniter->run()
#5 D:\PHP\htdocs\Web_Phan_Mem_Ma_Nguon_Mo\vendor\codeigniter4\framework\system\Commands\Server\rewrite.php(45): require_once('D:\\PHP\\htdocs\\W...')
#6 {main}
CRITICAL - 2021-08-03 05:10:42 --> Call to undefined method App\Models\TransactionModel::transaction
#0 D:\PHP\htdocs\Web_Phan_Mem_Ma_Nguon_Mo\app\Controllers\user\CheckoutController.php(22): CodeIgniter\Model->__call('transaction', Array)
#1 D:\PHP\htdocs\Web_Phan_Mem_Ma_Nguon_Mo\vendor\codeigniter4\framework\system\CodeIgniter.php(900): App\Controllers\user\CheckoutController->__construct()
#2 D:\PHP\htdocs\Web_Phan_Mem_Ma_Nguon_Mo\vendor\codeigniter4\framework\system\CodeIgniter.php(426): CodeIgniter\CodeIgniter->createController()
#3 D:\PHP\htdocs\Web_Phan_Mem_Ma_Nguon_Mo\vendor\codeigniter4\framework\system\CodeIgniter.php(336): CodeIgniter\CodeIgniter->handleRequest(NULL, Object(Config\Cache), false)
#4 D:\PHP\htdocs\Web_Phan_Mem_Ma_Nguon_Mo\public\index.php(38): CodeIgniter\CodeIgniter->run()
#5 D:\PHP\htdocs\Web_Phan_Mem_Ma_Nguon_Mo\vendor\codeigniter4\framework\system\Commands\Server\rewrite.php(45): require_once('D:\\PHP\\htdocs\\W...')
#6 {main}
CRITICAL - 2021-08-03 05:23:55 --> array_values(): Argument #1 ($array) must be of type array, null given
#0 D:\PHP\htdocs\Web_Phan_Mem_Ma_Nguon_Mo\app\Controllers\user\CartController.php(25): array_values(NULL)
#1 D:\PHP\htdocs\Web_Phan_Mem_Ma_Nguon_Mo\vendor\codeigniter4\framework\system\CodeIgniter.php(928): App\Controllers\user\CartController->cart()
#2 D:\PHP\htdocs\Web_Phan_Mem_Ma_Nguon_Mo\vendor\codeigniter4\framework\system\CodeIgniter.php(436): CodeIgniter\CodeIgniter->runController(Object(App\Controllers\user\CartController))
#3 D:\PHP\htdocs\Web_Phan_Mem_Ma_Nguon_Mo\vendor\codeigniter4\framework\system\CodeIgniter.php(336): CodeIgniter\CodeIgniter->handleRequest(NULL, Object(Config\Cache), false)
#4 D:\PHP\htdocs\Web_Phan_Mem_Ma_Nguon_Mo\public\index.php(38): CodeIgniter\CodeIgniter->run()
#5 D:\PHP\htdocs\Web_Phan_Mem_Ma_Nguon_Mo\vendor\codeigniter4\framework\system\Commands\Server\rewrite.php(45): require_once('D:\\PHP\\htdocs\\W...')
#6 {main}
CRITICAL - 2021-08-03 05:24:02 --> array_values(): Argument #1 ($array) must be of type array, null given
#0 D:\PHP\htdocs\Web_Phan_Mem_Ma_Nguon_Mo\app\Controllers\user\CheckoutController.php(29): array_values(NULL)
#1 D:\PHP\htdocs\Web_Phan_Mem_Ma_Nguon_Mo\vendor\codeigniter4\framework\system\CodeIgniter.php(928): App\Controllers\user\CheckoutController->checkout()
#2 D:\PHP\htdocs\Web_Phan_Mem_Ma_Nguon_Mo\vendor\codeigniter4\framework\system\CodeIgniter.php(436): CodeIgniter\CodeIgniter->runController(Object(App\Controllers\user\CheckoutController))
#3 D:\PHP\htdocs\Web_Phan_Mem_Ma_Nguon_Mo\vendor\codeigniter4\framework\system\CodeIgniter.php(336): CodeIgniter\CodeIgniter->handleRequest(NULL, Object(Config\Cache), false)
#4 D:\PHP\htdocs\Web_Phan_Mem_Ma_Nguon_Mo\public\index.php(38): CodeIgniter\CodeIgniter->run()
#5 D:\PHP\htdocs\Web_Phan_Mem_Ma_Nguon_Mo\vendor\codeigniter4\framework\system\Commands\Server\rewrite.php(45): require_once('D:\\PHP\\htdocs\\W...')
#6 {main}
