CRITICAL - 2021-07-29 12:27:04 --> Invalid file: admin/pages/list-admin.php
#0 D:\PHP\htdocs\Web_Phan_Mem_Ma_Nguon_Mo\vendor\codeigniter4\framework\system\View\View.php(213): CodeIgniter\Exceptions\FrameworkException::forInvalidFile('admin/pages/lis...')
#1 D:\PHP\htdocs\Web_Phan_Mem_Ma_Nguon_Mo\vendor\codeigniter4\framework\system\Common.php(1271): CodeIgniter\View\View->render('admin/pages/lis...', Array, true)
#2 D:\PHP\htdocs\Web_Phan_Mem_Ma_Nguon_Mo\app\Controllers\BaseController.php(88): view('admin/pages/lis...', Array)
#3 D:\PHP\htdocs\Web_Phan_Mem_Ma_Nguon_Mo\app\Controllers\admin\AdminController.php(25): App\Controllers\BaseController->loadMastLayout(Array, 'Trang qu\xE1\xBA\xA3n l\xC3...', 'admin/pages/lis...', Array, Array, Array)
#4 D:\PHP\htdocs\Web_Phan_Mem_Ma_Nguon_Mo\vendor\codeigniter4\framework\system\CodeIgniter.php(928): App\Controllers\admin\AdminController->index()
#5 D:\PHP\htdocs\Web_Phan_Mem_Ma_Nguon_Mo\vendor\codeigniter4\framework\system\CodeIgniter.php(436): CodeIgniter\CodeIgniter->runController(Object(App\Controllers\admin\AdminController))
#6 D:\PHP\htdocs\Web_Phan_Mem_Ma_Nguon_Mo\vendor\codeigniter4\framework\system\CodeIgniter.php(336): CodeIgniter\CodeIgniter->handleRequest(NULL, Object(Config\Cache), false)
#7 D:\PHP\htdocs\Web_Phan_Mem_Ma_Nguon_Mo\public\index.php(38): CodeIgniter\CodeIgniter->run()
#8 D:\PHP\htdocs\Web_Phan_Mem_Ma_Nguon_Mo\vendor\codeigniter4\framework\system\Commands\Server\rewrite.php(45): require_once('D:\\PHP\\htdocs\\W...')
#9 {main}
CRITICAL - 2021-07-29 12:52:17 --> The use statement with non-compound name 'Exception' has no effect
#0 D:\PHP\htdocs\Web_Phan_Mem_Ma_Nguon_Mo\vendor\codeigniter4\framework\system\Autoloader\Autoloader.php(300): CodeIgniter\Debug\Exceptions->errorHandler(2, 'The use stateme...', 'D:\\PHP\\htdocs\\W...', 6)
#1 D:\PHP\htdocs\Web_Phan_Mem_Ma_Nguon_Mo\vendor\codeigniter4\framework\system\Autoloader\Autoloader.php(300): include_once()
#2 D:\PHP\htdocs\Web_Phan_Mem_Ma_Nguon_Mo\vendor\codeigniter4\framework\system\Autoloader\Autoloader.php(273): CodeIgniter\Autoloader\Autoloader->includeFile('D:\\PHP\\htdocs\\W...')
#3 D:\PHP\htdocs\Web_Phan_Mem_Ma_Nguon_Mo\vendor\codeigniter4\framework\system\Autoloader\Autoloader.php(247): CodeIgniter\Autoloader\Autoloader->loadInNamespace('App\\Controllers...')
#4 [internal function]: CodeIgniter\Autoloader\Autoloader->loadClass('App\\Controllers...')
#5 D:\PHP\htdocs\Web_Phan_Mem_Ma_Nguon_Mo\vendor\codeigniter4\framework\system\CodeIgniter.php(885): class_exists('\\App\\Controller...', true)
#6 D:\PHP\htdocs\Web_Phan_Mem_Ma_Nguon_Mo\vendor\codeigniter4\framework\system\CodeIgniter.php(421): CodeIgniter\CodeIgniter->startController()
#7 D:\PHP\htdocs\Web_Phan_Mem_Ma_Nguon_Mo\vendor\codeigniter4\framework\system\CodeIgniter.php(336): CodeIgniter\CodeIgniter->handleRequest(NULL, Object(Config\Cache), false)
#8 D:\PHP\htdocs\Web_Phan_Mem_Ma_Nguon_Mo\public\index.php(38): CodeIgniter\CodeIgniter->run()
#9 D:\PHP\htdocs\Web_Phan_Mem_Ma_Nguon_Mo\vendor\codeigniter4\framework\system\Commands\Server\rewrite.php(45): require_once('D:\\PHP\\htdocs\\W...')
#10 {main}
CRITICAL - 2021-07-29 12:52:45 --> Cannot declare class AdminUserController, because the name is already in use
#0 [internal function]: CodeIgniter\Debug\Exceptions->shutdownHandler()
#1 {main}
CRITICAL - 2021-07-29 12:53:04 --> count(): Argument #1 ($var) must be of type Countable|array, null given
#0 D:\PHP\htdocs\Web_Phan_Mem_Ma_Nguon_Mo\vendor\codeigniter4\framework\system\View\View.php(230): include()
#1 D:\PHP\htdocs\Web_Phan_Mem_Ma_Nguon_Mo\vendor\codeigniter4\framework\system\View\View.php(232): CodeIgniter\View\View->CodeIgniter\View\{closure}()
#2 D:\PHP\htdocs\Web_Phan_Mem_Ma_Nguon_Mo\vendor\codeigniter4\framework\system\Common.php(1271): CodeIgniter\View\View->render('admin/pages/adm...', Array, true)
#3 D:\PHP\htdocs\Web_Phan_Mem_Ma_Nguon_Mo\app\Controllers\BaseController.php(88): view('admin/pages/adm...', Array)
#4 D:\PHP\htdocs\Web_Phan_Mem_Ma_Nguon_Mo\app\Controllers\admin\AdminUserController.php(24): App\Controllers\BaseController->loadMastLayout(Array, 'Trang qu\xE1\xBA\xA3n l\xC3...', 'admin/pages/adm...', Array, Array, Array)
#5 D:\PHP\htdocs\Web_Phan_Mem_Ma_Nguon_Mo\vendor\codeigniter4\framework\system\CodeIgniter.php(928): App\Controllers\admin\AdminUserController->index()
#6 D:\PHP\htdocs\Web_Phan_Mem_Ma_Nguon_Mo\vendor\codeigniter4\framework\system\CodeIgniter.php(436): CodeIgniter\CodeIgniter->runController(Object(App\Controllers\admin\AdminUserController))
#7 D:\PHP\htdocs\Web_Phan_Mem_Ma_Nguon_Mo\vendor\codeigniter4\framework\system\CodeIgniter.php(336): CodeIgniter\CodeIgniter->handleRequest(NULL, Object(Config\Cache), false)
#8 D:\PHP\htdocs\Web_Phan_Mem_Ma_Nguon_Mo\public\index.php(38): CodeIgniter\CodeIgniter->run()
#9 D:\PHP\htdocs\Web_Phan_Mem_Ma_Nguon_Mo\vendor\codeigniter4\framework\system\Commands\Server\rewrite.php(45): require_once('D:\\PHP\\htdocs\\W...')
#10 {main}
CRITICAL - 2021-07-29 12:54:34 --> Undefined variable $user
#0 D:\PHP\htdocs\Web_Phan_Mem_Ma_Nguon_Mo\app\Views\admin\pages\user\edit-user.php(97): CodeIgniter\Debug\Exceptions->errorHandler(2, 'Undefined varia...', 'D:\\PHP\\htdocs\\W...', 97)
#1 D:\PHP\htdocs\Web_Phan_Mem_Ma_Nguon_Mo\vendor\codeigniter4\framework\system\View\View.php(230): include('D:\\PHP\\htdocs\\W...')
#2 D:\PHP\htdocs\Web_Phan_Mem_Ma_Nguon_Mo\vendor\codeigniter4\framework\system\View\View.php(232): CodeIgniter\View\View->CodeIgniter\View\{closure}()
#3 D:\PHP\htdocs\Web_Phan_Mem_Ma_Nguon_Mo\vendor\codeigniter4\framework\system\Common.php(1271): CodeIgniter\View\View->render('admin/pages/use...', Array, true)
#4 D:\PHP\htdocs\Web_Phan_Mem_Ma_Nguon_Mo\app\Controllers\BaseController.php(88): view('admin/pages/use...', Array)
#5 D:\PHP\htdocs\Web_Phan_Mem_Ma_Nguon_Mo\app\Controllers\admin\AdminUserController.php(183): App\Controllers\BaseController->loadMastLayout(Array, 'S\xE1\xBB\xADa th\xC3\xB4ng ti...', 'admin/pages/use...', Array, Array, Array)
#6 D:\PHP\htdocs\Web_Phan_Mem_Ma_Nguon_Mo\vendor\codeigniter4\framework\system\CodeIgniter.php(928): App\Controllers\admin\AdminUserController->EditAdmin('24')
#7 D:\PHP\htdocs\Web_Phan_Mem_Ma_Nguon_Mo\vendor\codeigniter4\framework\system\CodeIgniter.php(436): CodeIgniter\CodeIgniter->runController(Object(App\Controllers\admin\AdminUserController))
#8 D:\PHP\htdocs\Web_Phan_Mem_Ma_Nguon_Mo\vendor\codeigniter4\framework\system\CodeIgniter.php(336): CodeIgniter\CodeIgniter->handleRequest(NULL, Object(Config\Cache), false)
#9 D:\PHP\htdocs\Web_Phan_Mem_Ma_Nguon_Mo\public\index.php(38): CodeIgniter\CodeIgniter->run()
#10 D:\PHP\htdocs\Web_Phan_Mem_Ma_Nguon_Mo\vendor\codeigniter4\framework\system\Commands\Server\rewrite.php(45): require_once('D:\\PHP\\htdocs\\W...')
#11 {main}
CRITICAL - 2021-07-29 12:55:40 --> Undefined variable $user
#0 D:\PHP\htdocs\Web_Phan_Mem_Ma_Nguon_Mo\app\Views\admin\pages\user\edit-user.php(97): CodeIgniter\Debug\Exceptions->errorHandler(2, 'Undefined varia...', 'D:\\PHP\\htdocs\\W...', 97)
#1 D:\PHP\htdocs\Web_Phan_Mem_Ma_Nguon_Mo\vendor\codeigniter4\framework\system\View\View.php(230): include('D:\\PHP\\htdocs\\W...')
#2 D:\PHP\htdocs\Web_Phan_Mem_Ma_Nguon_Mo\vendor\codeigniter4\framework\system\View\View.php(232): CodeIgniter\View\View->CodeIgniter\View\{closure}()
#3 D:\PHP\htdocs\Web_Phan_Mem_Ma_Nguon_Mo\vendor\codeigniter4\framework\system\Common.php(1271): CodeIgniter\View\View->render('admin/pages/use...', Array, true)
#4 D:\PHP\htdocs\Web_Phan_Mem_Ma_Nguon_Mo\app\Controllers\BaseController.php(88): view('admin/pages/use...', Array)
#5 D:\PHP\htdocs\Web_Phan_Mem_Ma_Nguon_Mo\app\Controllers\admin\AdminUserController.php(183): App\Controllers\BaseController->loadMastLayout(Array, 'S\xE1\xBB\xADa th\xC3\xB4ng ti...', 'admin/pages/use...', Array, Array, Array)
#6 D:\PHP\htdocs\Web_Phan_Mem_Ma_Nguon_Mo\vendor\codeigniter4\framework\system\CodeIgniter.php(928): App\Controllers\admin\AdminUserController->EditAdmin('28')
#7 D:\PHP\htdocs\Web_Phan_Mem_Ma_Nguon_Mo\vendor\codeigniter4\framework\system\CodeIgniter.php(436): CodeIgniter\CodeIgniter->runController(Object(App\Controllers\admin\AdminUserController))
#8 D:\PHP\htdocs\Web_Phan_Mem_Ma_Nguon_Mo\vendor\codeigniter4\framework\system\CodeIgniter.php(336): CodeIgniter\CodeIgniter->handleRequest(NULL, Object(Config\Cache), false)
#9 D:\PHP\htdocs\Web_Phan_Mem_Ma_Nguon_Mo\public\index.php(38): CodeIgniter\CodeIgniter->run()
#10 D:\PHP\htdocs\Web_Phan_Mem_Ma_Nguon_Mo\vendor\codeigniter4\framework\system\Commands\Server\rewrite.php(45): require_once('D:\\PHP\\htdocs\\W...')
#11 {main}
CRITICAL - 2021-07-29 12:57:54 --> Undefined variable $user
#0 D:\PHP\htdocs\Web_Phan_Mem_Ma_Nguon_Mo\app\Views\admin\pages\user\edit-user.php(97): CodeIgniter\Debug\Exceptions->errorHandler(2, 'Undefined varia...', 'D:\\PHP\\htdocs\\W...', 97)
#1 D:\PHP\htdocs\Web_Phan_Mem_Ma_Nguon_Mo\vendor\codeigniter4\framework\system\View\View.php(230): include('D:\\PHP\\htdocs\\W...')
#2 D:\PHP\htdocs\Web_Phan_Mem_Ma_Nguon_Mo\vendor\codeigniter4\framework\system\View\View.php(232): CodeIgniter\View\View->CodeIgniter\View\{closure}()
#3 D:\PHP\htdocs\Web_Phan_Mem_Ma_Nguon_Mo\vendor\codeigniter4\framework\system\Common.php(1271): CodeIgniter\View\View->render('admin/pages/use...', Array, true)
#4 D:\PHP\htdocs\Web_Phan_Mem_Ma_Nguon_Mo\app\Controllers\BaseController.php(88): view('admin/pages/use...', Array)
#5 D:\PHP\htdocs\Web_Phan_Mem_Ma_Nguon_Mo\app\Controllers\admin\AdminUserController.php(183): App\Controllers\BaseController->loadMastLayout(Array, 'S\xE1\xBB\xADa th\xC3\xB4ng ti...', 'admin/pages/use...', Array, Array, Array)
#6 D:\PHP\htdocs\Web_Phan_Mem_Ma_Nguon_Mo\vendor\codeigniter4\framework\system\CodeIgniter.php(928): App\Controllers\admin\AdminUserController->EditAdmin('24')
#7 D:\PHP\htdocs\Web_Phan_Mem_Ma_Nguon_Mo\vendor\codeigniter4\framework\system\CodeIgniter.php(436): CodeIgniter\CodeIgniter->runController(Object(App\Controllers\admin\AdminUserController))
#8 D:\PHP\htdocs\Web_Phan_Mem_Ma_Nguon_Mo\vendor\codeigniter4\framework\system\CodeIgniter.php(336): CodeIgniter\CodeIgniter->handleRequest(NULL, Object(Config\Cache), false)
#9 D:\PHP\htdocs\Web_Phan_Mem_Ma_Nguon_Mo\public\index.php(38): CodeIgniter\CodeIgniter->run()
#10 D:\PHP\htdocs\Web_Phan_Mem_Ma_Nguon_Mo\vendor\codeigniter4\framework\system\Commands\Server\rewrite.php(45): require_once('D:\\PHP\\htdocs\\W...')
#11 {main}
CRITICAL - 2021-07-29 12:59:18 --> Undefined array key "users"
#0 D:\PHP\htdocs\Web_Phan_Mem_Ma_Nguon_Mo\app\Controllers\admin\AdminUserController.php(181): CodeIgniter\Debug\Exceptions->errorHandler(2, 'Undefined array...', 'D:\\PHP\\htdocs\\W...', 181)
#1 D:\PHP\htdocs\Web_Phan_Mem_Ma_Nguon_Mo\vendor\codeigniter4\framework\system\CodeIgniter.php(928): App\Controllers\admin\AdminUserController->EditUser('24')
#2 D:\PHP\htdocs\Web_Phan_Mem_Ma_Nguon_Mo\vendor\codeigniter4\framework\system\CodeIgniter.php(436): CodeIgniter\CodeIgniter->runController(Object(App\Controllers\admin\AdminUserController))
#3 D:\PHP\htdocs\Web_Phan_Mem_Ma_Nguon_Mo\vendor\codeigniter4\framework\system\CodeIgniter.php(336): CodeIgniter\CodeIgniter->handleRequest(NULL, Object(Config\Cache), false)
#4 D:\PHP\htdocs\Web_Phan_Mem_Ma_Nguon_Mo\public\index.php(38): CodeIgniter\CodeIgniter->run()
#5 D:\PHP\htdocs\Web_Phan_Mem_Ma_Nguon_Mo\vendor\codeigniter4\framework\system\Commands\Server\rewrite.php(45): require_once('D:\\PHP\\htdocs\\W...')
#6 {main}
CRITICAL - 2021-07-29 13:24:30 --> Call to undefined method App\Models\UserModel::getRow
#0 D:\PHP\htdocs\Web_Phan_Mem_Ma_Nguon_Mo\app\Controllers\user\LoginController.php(58): CodeIgniter\Model->__call('getRow', Array)
#1 D:\PHP\htdocs\Web_Phan_Mem_Ma_Nguon_Mo\app\Controllers\user\LoginController.php(41): App\Controllers\user\LoginController->checkUser(Object(CodeIgniter\HTTP\IncomingRequest))
#2 D:\PHP\htdocs\Web_Phan_Mem_Ma_Nguon_Mo\vendor\codeigniter4\framework\system\CodeIgniter.php(928): App\Controllers\user\LoginController->checklogin()
#3 D:\PHP\htdocs\Web_Phan_Mem_Ma_Nguon_Mo\vendor\codeigniter4\framework\system\CodeIgniter.php(436): CodeIgniter\CodeIgniter->runController(Object(App\Controllers\user\LoginController))
#4 D:\PHP\htdocs\Web_Phan_Mem_Ma_Nguon_Mo\vendor\codeigniter4\framework\system\CodeIgniter.php(336): CodeIgniter\CodeIgniter->handleRequest(NULL, Object(Config\Cache), false)
#5 D:\PHP\htdocs\Web_Phan_Mem_Ma_Nguon_Mo\public\index.php(38): CodeIgniter\CodeIgniter->run()
#6 D:\PHP\htdocs\Web_Phan_Mem_Ma_Nguon_Mo\vendor\codeigniter4\framework\system\Commands\Server\rewrite.php(45): require_once('D:\\PHP\\htdocs\\W...')
#7 {main}
CRITICAL - 2021-07-29 13:29:40 -->  is not a valid rule.
#0 D:\PHP\htdocs\Web_Phan_Mem_Ma_Nguon_Mo\vendor\codeigniter4\framework\system\Validation\Validation.php(321): CodeIgniter\Validation\Exceptions\ValidationException::forRuleNotFound('')
#1 D:\PHP\htdocs\Web_Phan_Mem_Ma_Nguon_Mo\vendor\codeigniter4\framework\system\Validation\Validation.php(159): CodeIgniter\Validation\Validation->processRules('email', 'email', '\xC3\xA1dsa', Array, Array)
#2 D:\PHP\htdocs\Web_Phan_Mem_Ma_Nguon_Mo\app\Controllers\user\LoginController.php(118): CodeIgniter\Validation\Validation->run()
#3 D:\PHP\htdocs\Web_Phan_Mem_Ma_Nguon_Mo\app\Controllers\user\LoginController.php(57): App\Controllers\user\LoginController->Check(Object(CodeIgniter\HTTP\IncomingRequest))
#4 D:\PHP\htdocs\Web_Phan_Mem_Ma_Nguon_Mo\app\Controllers\user\LoginController.php(41): App\Controllers\user\LoginController->checkUser(Object(CodeIgniter\HTTP\IncomingRequest))
#5 D:\PHP\htdocs\Web_Phan_Mem_Ma_Nguon_Mo\vendor\codeigniter4\framework\system\CodeIgniter.php(928): App\Controllers\user\LoginController->checklogin()
#6 D:\PHP\htdocs\Web_Phan_Mem_Ma_Nguon_Mo\vendor\codeigniter4\framework\system\CodeIgniter.php(436): CodeIgniter\CodeIgniter->runController(Object(App\Controllers\user\LoginController))
#7 D:\PHP\htdocs\Web_Phan_Mem_Ma_Nguon_Mo\vendor\codeigniter4\framework\system\CodeIgniter.php(336): CodeIgniter\CodeIgniter->handleRequest(NULL, Object(Config\Cache), false)
#8 D:\PHP\htdocs\Web_Phan_Mem_Ma_Nguon_Mo\public\index.php(38): CodeIgniter\CodeIgniter->run()
#9 D:\PHP\htdocs\Web_Phan_Mem_Ma_Nguon_Mo\vendor\codeigniter4\framework\system\Commands\Server\rewrite.php(45): require_once('D:\\PHP\\htdocs\\W...')
#10 {main}
CRITICAL - 2021-07-29 13:31:07 -->  is not a valid rule.
#0 D:\PHP\htdocs\Web_Phan_Mem_Ma_Nguon_Mo\vendor\codeigniter4\framework\system\Validation\Validation.php(321): CodeIgniter\Validation\Exceptions\ValidationException::forRuleNotFound('')
#1 D:\PHP\htdocs\Web_Phan_Mem_Ma_Nguon_Mo\vendor\codeigniter4\framework\system\Validation\Validation.php(159): CodeIgniter\Validation\Validation->processRules('email', 'email', '\xC3\xA1dsa', Array, Array)
#2 D:\PHP\htdocs\Web_Phan_Mem_Ma_Nguon_Mo\app\Controllers\user\LoginController.php(118): CodeIgniter\Validation\Validation->run()
#3 D:\PHP\htdocs\Web_Phan_Mem_Ma_Nguon_Mo\app\Controllers\user\LoginController.php(57): App\Controllers\user\LoginController->Check(Object(CodeIgniter\HTTP\IncomingRequest))
#4 D:\PHP\htdocs\Web_Phan_Mem_Ma_Nguon_Mo\app\Controllers\user\LoginController.php(41): App\Controllers\user\LoginController->checkUser(Object(CodeIgniter\HTTP\IncomingRequest))
#5 D:\PHP\htdocs\Web_Phan_Mem_Ma_Nguon_Mo\vendor\codeigniter4\framework\system\CodeIgniter.php(928): App\Controllers\user\LoginController->checklogin()
#6 D:\PHP\htdocs\Web_Phan_Mem_Ma_Nguon_Mo\vendor\codeigniter4\framework\system\CodeIgniter.php(436): CodeIgniter\CodeIgniter->runController(Object(App\Controllers\user\LoginController))
#7 D:\PHP\htdocs\Web_Phan_Mem_Ma_Nguon_Mo\vendor\codeigniter4\framework\system\CodeIgniter.php(336): CodeIgniter\CodeIgniter->handleRequest(NULL, Object(Config\Cache), false)
#8 D:\PHP\htdocs\Web_Phan_Mem_Ma_Nguon_Mo\public\index.php(38): CodeIgniter\CodeIgniter->run()
#9 D:\PHP\htdocs\Web_Phan_Mem_Ma_Nguon_Mo\vendor\codeigniter4\framework\system\Commands\Server\rewrite.php(45): require_once('D:\\PHP\\htdocs\\W...')
#10 {main}
CRITICAL - 2021-07-29 13:46:54 -->  route cannot be found while reverse-routing.
#0 D:\PHP\htdocs\Web_Phan_Mem_Ma_Nguon_Mo\vendor\codeigniter4\framework\system\HTTP\RedirectResponse.php(64): CodeIgniter\HTTP\Exceptions\HTTPException::forInvalidRedirectRoute('')
#1 D:\PHP\htdocs\Web_Phan_Mem_Ma_Nguon_Mo\vendor\codeigniter4\framework\system\Common.php(972): CodeIgniter\HTTP\RedirectResponse->route(false)
#2 D:\PHP\htdocs\Web_Phan_Mem_Ma_Nguon_Mo\app\Controllers\user\LoginController.php(47): redirect('/admin')
#3 D:\PHP\htdocs\Web_Phan_Mem_Ma_Nguon_Mo\vendor\codeigniter4\framework\system\CodeIgniter.php(928): App\Controllers\user\LoginController->checklogin()
#4 D:\PHP\htdocs\Web_Phan_Mem_Ma_Nguon_Mo\vendor\codeigniter4\framework\system\CodeIgniter.php(436): CodeIgniter\CodeIgniter->runController(Object(App\Controllers\user\LoginController))
#5 D:\PHP\htdocs\Web_Phan_Mem_Ma_Nguon_Mo\vendor\codeigniter4\framework\system\CodeIgniter.php(336): CodeIgniter\CodeIgniter->handleRequest(NULL, Object(Config\Cache), false)
#6 D:\PHP\htdocs\Web_Phan_Mem_Ma_Nguon_Mo\public\index.php(38): CodeIgniter\CodeIgniter->run()
#7 D:\PHP\htdocs\Web_Phan_Mem_Ma_Nguon_Mo\vendor\codeigniter4\framework\system\Commands\Server\rewrite.php(45): require_once('D:\\PHP\\htdocs\\W...')
#8 {main}
