CRITICAL - 2021-07-17 03:46:47 --> Cannot declare class App\Controllers\Home, because the name is already in use
#0 [internal function]: CodeIgniter\Debug\Exceptions->shutdownHandler()
#1 {main}
CRITICAL - 2021-07-17 03:47:53 --> Class "App\Controllers\user\BaseController" not found
#0 D:\Bai_Tap\Dai_Hoc\Hoc_Ky_7\PHP\htdocs\Web_Ma_Nguon_Mo\vendor\codeigniter4\framework\system\Autoloader\Autoloader.php(300): include_once()
#1 D:\Bai_Tap\Dai_Hoc\Hoc_Ky_7\PHP\htdocs\Web_Ma_Nguon_Mo\vendor\codeigniter4\framework\system\Autoloader\Autoloader.php(273): CodeIgniter\Autoloader\Autoloader->includeFile('D:\\Bai_Tap\\Dai_...')
#2 D:\Bai_Tap\Dai_Hoc\Hoc_Ky_7\PHP\htdocs\Web_Ma_Nguon_Mo\vendor\codeigniter4\framework\system\Autoloader\Autoloader.php(247): CodeIgniter\Autoloader\Autoloader->loadInNamespace('App\\Controllers...')
#3 [internal function]: CodeIgniter\Autoloader\Autoloader->loadClass('App\\Controllers...')
#4 D:\Bai_Tap\Dai_Hoc\Hoc_Ky_7\PHP\htdocs\Web_Ma_Nguon_Mo\vendor\codeigniter4\framework\system\CodeIgniter.php(885): class_exists('\\App\\Controller...', true)
#5 D:\Bai_Tap\Dai_Hoc\Hoc_Ky_7\PHP\htdocs\Web_Ma_Nguon_Mo\vendor\codeigniter4\framework\system\CodeIgniter.php(421): CodeIgniter\CodeIgniter->startController()
#6 D:\Bai_Tap\Dai_Hoc\Hoc_Ky_7\PHP\htdocs\Web_Ma_Nguon_Mo\vendor\codeigniter4\framework\system\CodeIgniter.php(336): CodeIgniter\CodeIgniter->handleRequest(NULL, Object(Config\Cache), false)
#7 D:\Bai_Tap\Dai_Hoc\Hoc_Ky_7\PHP\htdocs\Web_Ma_Nguon_Mo\public\index.php(37): CodeIgniter\CodeIgniter->run()
#8 D:\Bai_Tap\Dai_Hoc\Hoc_Ky_7\PHP\htdocs\Web_Ma_Nguon_Mo\vendor\codeigniter4\framework\system\Commands\Server\rewrite.php(45): require_once('D:\\Bai_Tap\\Dai_...')
#9 {main}
CRITICAL - 2021-07-17 03:47:54 --> Class "App\Controllers\user\BaseController" not found
#0 D:\Bai_Tap\Dai_Hoc\Hoc_Ky_7\PHP\htdocs\Web_Ma_Nguon_Mo\vendor\codeigniter4\framework\system\Autoloader\Autoloader.php(300): include_once()
#1 D:\Bai_Tap\Dai_Hoc\Hoc_Ky_7\PHP\htdocs\Web_Ma_Nguon_Mo\vendor\codeigniter4\framework\system\Autoloader\Autoloader.php(273): CodeIgniter\Autoloader\Autoloader->includeFile('D:\\Bai_Tap\\Dai_...')
#2 D:\Bai_Tap\Dai_Hoc\Hoc_Ky_7\PHP\htdocs\Web_Ma_Nguon_Mo\vendor\codeigniter4\framework\system\Autoloader\Autoloader.php(247): CodeIgniter\Autoloader\Autoloader->loadInNamespace('App\\Controllers...')
#3 [internal function]: CodeIgniter\Autoloader\Autoloader->loadClass('App\\Controllers...')
#4 D:\Bai_Tap\Dai_Hoc\Hoc_Ky_7\PHP\htdocs\Web_Ma_Nguon_Mo\vendor\codeigniter4\framework\system\CodeIgniter.php(885): class_exists('\\App\\Controller...', true)
#5 D:\Bai_Tap\Dai_Hoc\Hoc_Ky_7\PHP\htdocs\Web_Ma_Nguon_Mo\vendor\codeigniter4\framework\system\CodeIgniter.php(421): CodeIgniter\CodeIgniter->startController()
#6 D:\Bai_Tap\Dai_Hoc\Hoc_Ky_7\PHP\htdocs\Web_Ma_Nguon_Mo\vendor\codeigniter4\framework\system\CodeIgniter.php(336): CodeIgniter\CodeIgniter->handleRequest(NULL, Object(Config\Cache), false)
#7 D:\Bai_Tap\Dai_Hoc\Hoc_Ky_7\PHP\htdocs\Web_Ma_Nguon_Mo\public\index.php(37): CodeIgniter\CodeIgniter->run()
#8 D:\Bai_Tap\Dai_Hoc\Hoc_Ky_7\PHP\htdocs\Web_Ma_Nguon_Mo\vendor\codeigniter4\framework\system\Commands\Server\rewrite.php(45): require_once('D:\\Bai_Tap\\Dai_...')
#9 {main}
CRITICAL - 2021-07-17 03:48:05 --> Class "App\Controllers\user\BaseController" not found
#0 D:\Bai_Tap\Dai_Hoc\Hoc_Ky_7\PHP\htdocs\Web_Ma_Nguon_Mo\vendor\codeigniter4\framework\system\Autoloader\Autoloader.php(300): include_once()
#1 D:\Bai_Tap\Dai_Hoc\Hoc_Ky_7\PHP\htdocs\Web_Ma_Nguon_Mo\vendor\codeigniter4\framework\system\Autoloader\Autoloader.php(273): CodeIgniter\Autoloader\Autoloader->includeFile('D:\\Bai_Tap\\Dai_...')
#2 D:\Bai_Tap\Dai_Hoc\Hoc_Ky_7\PHP\htdocs\Web_Ma_Nguon_Mo\vendor\codeigniter4\framework\system\Autoloader\Autoloader.php(247): CodeIgniter\Autoloader\Autoloader->loadInNamespace('App\\Controllers...')
#3 [internal function]: CodeIgniter\Autoloader\Autoloader->loadClass('App\\Controllers...')
#4 D:\Bai_Tap\Dai_Hoc\Hoc_Ky_7\PHP\htdocs\Web_Ma_Nguon_Mo\vendor\codeigniter4\framework\system\CodeIgniter.php(885): class_exists('\\App\\Controller...', true)
#5 D:\Bai_Tap\Dai_Hoc\Hoc_Ky_7\PHP\htdocs\Web_Ma_Nguon_Mo\vendor\codeigniter4\framework\system\CodeIgniter.php(421): CodeIgniter\CodeIgniter->startController()
#6 D:\Bai_Tap\Dai_Hoc\Hoc_Ky_7\PHP\htdocs\Web_Ma_Nguon_Mo\vendor\codeigniter4\framework\system\CodeIgniter.php(336): CodeIgniter\CodeIgniter->handleRequest(NULL, Object(Config\Cache), false)
#7 D:\Bai_Tap\Dai_Hoc\Hoc_Ky_7\PHP\htdocs\Web_Ma_Nguon_Mo\public\index.php(37): CodeIgniter\CodeIgniter->run()
#8 D:\Bai_Tap\Dai_Hoc\Hoc_Ky_7\PHP\htdocs\Web_Ma_Nguon_Mo\vendor\codeigniter4\framework\system\Commands\Server\rewrite.php(45): require_once('D:\\Bai_Tap\\Dai_...')
#9 {main}
CRITICAL - 2021-07-17 03:48:05 --> Class "App\Controllers\user\BaseController" not found
#0 D:\Bai_Tap\Dai_Hoc\Hoc_Ky_7\PHP\htdocs\Web_Ma_Nguon_Mo\vendor\codeigniter4\framework\system\Autoloader\Autoloader.php(300): include_once()
#1 D:\Bai_Tap\Dai_Hoc\Hoc_Ky_7\PHP\htdocs\Web_Ma_Nguon_Mo\vendor\codeigniter4\framework\system\Autoloader\Autoloader.php(273): CodeIgniter\Autoloader\Autoloader->includeFile('D:\\Bai_Tap\\Dai_...')
#2 D:\Bai_Tap\Dai_Hoc\Hoc_Ky_7\PHP\htdocs\Web_Ma_Nguon_Mo\vendor\codeigniter4\framework\system\Autoloader\Autoloader.php(247): CodeIgniter\Autoloader\Autoloader->loadInNamespace('App\\Controllers...')
#3 [internal function]: CodeIgniter\Autoloader\Autoloader->loadClass('App\\Controllers...')
#4 D:\Bai_Tap\Dai_Hoc\Hoc_Ky_7\PHP\htdocs\Web_Ma_Nguon_Mo\vendor\codeigniter4\framework\system\CodeIgniter.php(885): class_exists('\\App\\Controller...', true)
#5 D:\Bai_Tap\Dai_Hoc\Hoc_Ky_7\PHP\htdocs\Web_Ma_Nguon_Mo\vendor\codeigniter4\framework\system\CodeIgniter.php(421): CodeIgniter\CodeIgniter->startController()
#6 D:\Bai_Tap\Dai_Hoc\Hoc_Ky_7\PHP\htdocs\Web_Ma_Nguon_Mo\vendor\codeigniter4\framework\system\CodeIgniter.php(336): CodeIgniter\CodeIgniter->handleRequest(NULL, Object(Config\Cache), false)
#7 D:\Bai_Tap\Dai_Hoc\Hoc_Ky_7\PHP\htdocs\Web_Ma_Nguon_Mo\public\index.php(37): CodeIgniter\CodeIgniter->run()
#8 D:\Bai_Tap\Dai_Hoc\Hoc_Ky_7\PHP\htdocs\Web_Ma_Nguon_Mo\vendor\codeigniter4\framework\system\Commands\Server\rewrite.php(45): require_once('D:\\Bai_Tap\\Dai_...')
#9 {main}
CRITICAL - 2021-07-17 03:54:53 --> Class "App\Controllers\user\BaseController" not found
#0 D:\Bai_Tap\Dai_Hoc\Hoc_Ky_7\PHP\htdocs\Web_Ma_Nguon_Mo\vendor\codeigniter4\framework\system\Autoloader\Autoloader.php(300): include_once()
#1 D:\Bai_Tap\Dai_Hoc\Hoc_Ky_7\PHP\htdocs\Web_Ma_Nguon_Mo\vendor\codeigniter4\framework\system\Autoloader\Autoloader.php(273): CodeIgniter\Autoloader\Autoloader->includeFile('D:\\Bai_Tap\\Dai_...')
#2 D:\Bai_Tap\Dai_Hoc\Hoc_Ky_7\PHP\htdocs\Web_Ma_Nguon_Mo\vendor\codeigniter4\framework\system\Autoloader\Autoloader.php(247): CodeIgniter\Autoloader\Autoloader->loadInNamespace('App\\Controllers...')
#3 [internal function]: CodeIgniter\Autoloader\Autoloader->loadClass('App\\Controllers...')
#4 D:\Bai_Tap\Dai_Hoc\Hoc_Ky_7\PHP\htdocs\Web_Ma_Nguon_Mo\vendor\codeigniter4\framework\system\CodeIgniter.php(885): class_exists('\\App\\Controller...', true)
#5 D:\Bai_Tap\Dai_Hoc\Hoc_Ky_7\PHP\htdocs\Web_Ma_Nguon_Mo\vendor\codeigniter4\framework\system\CodeIgniter.php(421): CodeIgniter\CodeIgniter->startController()
#6 D:\Bai_Tap\Dai_Hoc\Hoc_Ky_7\PHP\htdocs\Web_Ma_Nguon_Mo\vendor\codeigniter4\framework\system\CodeIgniter.php(336): CodeIgniter\CodeIgniter->handleRequest(NULL, Object(Config\Cache), false)
#7 D:\Bai_Tap\Dai_Hoc\Hoc_Ky_7\PHP\htdocs\Web_Ma_Nguon_Mo\public\index.php(37): CodeIgniter\CodeIgniter->run()
#8 D:\Bai_Tap\Dai_Hoc\Hoc_Ky_7\PHP\htdocs\Web_Ma_Nguon_Mo\vendor\codeigniter4\framework\system\Commands\Server\rewrite.php(45): require_once('D:\\Bai_Tap\\Dai_...')
#9 {main}
CRITICAL - 2021-07-17 03:54:54 --> Class "App\Controllers\user\BaseController" not found
#0 D:\Bai_Tap\Dai_Hoc\Hoc_Ky_7\PHP\htdocs\Web_Ma_Nguon_Mo\vendor\codeigniter4\framework\system\Autoloader\Autoloader.php(300): include_once()
#1 D:\Bai_Tap\Dai_Hoc\Hoc_Ky_7\PHP\htdocs\Web_Ma_Nguon_Mo\vendor\codeigniter4\framework\system\Autoloader\Autoloader.php(273): CodeIgniter\Autoloader\Autoloader->includeFile('D:\\Bai_Tap\\Dai_...')
#2 D:\Bai_Tap\Dai_Hoc\Hoc_Ky_7\PHP\htdocs\Web_Ma_Nguon_Mo\vendor\codeigniter4\framework\system\Autoloader\Autoloader.php(247): CodeIgniter\Autoloader\Autoloader->loadInNamespace('App\\Controllers...')
#3 [internal function]: CodeIgniter\Autoloader\Autoloader->loadClass('App\\Controllers...')
#4 D:\Bai_Tap\Dai_Hoc\Hoc_Ky_7\PHP\htdocs\Web_Ma_Nguon_Mo\vendor\codeigniter4\framework\system\CodeIgniter.php(885): class_exists('\\App\\Controller...', true)
#5 D:\Bai_Tap\Dai_Hoc\Hoc_Ky_7\PHP\htdocs\Web_Ma_Nguon_Mo\vendor\codeigniter4\framework\system\CodeIgniter.php(421): CodeIgniter\CodeIgniter->startController()
#6 D:\Bai_Tap\Dai_Hoc\Hoc_Ky_7\PHP\htdocs\Web_Ma_Nguon_Mo\vendor\codeigniter4\framework\system\CodeIgniter.php(336): CodeIgniter\CodeIgniter->handleRequest(NULL, Object(Config\Cache), false)
#7 D:\Bai_Tap\Dai_Hoc\Hoc_Ky_7\PHP\htdocs\Web_Ma_Nguon_Mo\public\index.php(37): CodeIgniter\CodeIgniter->run()
#8 D:\Bai_Tap\Dai_Hoc\Hoc_Ky_7\PHP\htdocs\Web_Ma_Nguon_Mo\vendor\codeigniter4\framework\system\Commands\Server\rewrite.php(45): require_once('D:\\Bai_Tap\\Dai_...')
#9 {main}
CRITICAL - 2021-07-17 03:54:54 --> Class "App\Controllers\user\BaseController" not found
#0 D:\Bai_Tap\Dai_Hoc\Hoc_Ky_7\PHP\htdocs\Web_Ma_Nguon_Mo\vendor\codeigniter4\framework\system\Autoloader\Autoloader.php(300): include_once()
#1 D:\Bai_Tap\Dai_Hoc\Hoc_Ky_7\PHP\htdocs\Web_Ma_Nguon_Mo\vendor\codeigniter4\framework\system\Autoloader\Autoloader.php(273): CodeIgniter\Autoloader\Autoloader->includeFile('D:\\Bai_Tap\\Dai_...')
#2 D:\Bai_Tap\Dai_Hoc\Hoc_Ky_7\PHP\htdocs\Web_Ma_Nguon_Mo\vendor\codeigniter4\framework\system\Autoloader\Autoloader.php(247): CodeIgniter\Autoloader\Autoloader->loadInNamespace('App\\Controllers...')
#3 [internal function]: CodeIgniter\Autoloader\Autoloader->loadClass('App\\Controllers...')
#4 D:\Bai_Tap\Dai_Hoc\Hoc_Ky_7\PHP\htdocs\Web_Ma_Nguon_Mo\vendor\codeigniter4\framework\system\CodeIgniter.php(885): class_exists('\\App\\Controller...', true)
#5 D:\Bai_Tap\Dai_Hoc\Hoc_Ky_7\PHP\htdocs\Web_Ma_Nguon_Mo\vendor\codeigniter4\framework\system\CodeIgniter.php(421): CodeIgniter\CodeIgniter->startController()
#6 D:\Bai_Tap\Dai_Hoc\Hoc_Ky_7\PHP\htdocs\Web_Ma_Nguon_Mo\vendor\codeigniter4\framework\system\CodeIgniter.php(336): CodeIgniter\CodeIgniter->handleRequest(NULL, Object(Config\Cache), false)
#7 D:\Bai_Tap\Dai_Hoc\Hoc_Ky_7\PHP\htdocs\Web_Ma_Nguon_Mo\public\index.php(37): CodeIgniter\CodeIgniter->run()
#8 D:\Bai_Tap\Dai_Hoc\Hoc_Ky_7\PHP\htdocs\Web_Ma_Nguon_Mo\vendor\codeigniter4\framework\system\Commands\Server\rewrite.php(45): require_once('D:\\Bai_Tap\\Dai_...')
#9 {main}
CRITICAL - 2021-07-17 03:54:55 --> Class "App\Controllers\user\BaseController" not found
#0 D:\Bai_Tap\Dai_Hoc\Hoc_Ky_7\PHP\htdocs\Web_Ma_Nguon_Mo\vendor\codeigniter4\framework\system\Autoloader\Autoloader.php(300): include_once()
#1 D:\Bai_Tap\Dai_Hoc\Hoc_Ky_7\PHP\htdocs\Web_Ma_Nguon_Mo\vendor\codeigniter4\framework\system\Autoloader\Autoloader.php(273): CodeIgniter\Autoloader\Autoloader->includeFile('D:\\Bai_Tap\\Dai_...')
#2 D:\Bai_Tap\Dai_Hoc\Hoc_Ky_7\PHP\htdocs\Web_Ma_Nguon_Mo\vendor\codeigniter4\framework\system\Autoloader\Autoloader.php(247): CodeIgniter\Autoloader\Autoloader->loadInNamespace('App\\Controllers...')
#3 [internal function]: CodeIgniter\Autoloader\Autoloader->loadClass('App\\Controllers...')
#4 D:\Bai_Tap\Dai_Hoc\Hoc_Ky_7\PHP\htdocs\Web_Ma_Nguon_Mo\vendor\codeigniter4\framework\system\CodeIgniter.php(885): class_exists('\\App\\Controller...', true)
#5 D:\Bai_Tap\Dai_Hoc\Hoc_Ky_7\PHP\htdocs\Web_Ma_Nguon_Mo\vendor\codeigniter4\framework\system\CodeIgniter.php(421): CodeIgniter\CodeIgniter->startController()
#6 D:\Bai_Tap\Dai_Hoc\Hoc_Ky_7\PHP\htdocs\Web_Ma_Nguon_Mo\vendor\codeigniter4\framework\system\CodeIgniter.php(336): CodeIgniter\CodeIgniter->handleRequest(NULL, Object(Config\Cache), false)
#7 D:\Bai_Tap\Dai_Hoc\Hoc_Ky_7\PHP\htdocs\Web_Ma_Nguon_Mo\public\index.php(37): CodeIgniter\CodeIgniter->run()
#8 D:\Bai_Tap\Dai_Hoc\Hoc_Ky_7\PHP\htdocs\Web_Ma_Nguon_Mo\vendor\codeigniter4\framework\system\Commands\Server\rewrite.php(45): require_once('D:\\Bai_Tap\\Dai_...')
#9 {main}
CRITICAL - 2021-07-17 03:56:02 --> Class "App\Controllers\user\BaseController" not found
#0 D:\Bai_Tap\Dai_Hoc\Hoc_Ky_7\PHP\htdocs\Web_Ma_Nguon_Mo\vendor\codeigniter4\framework\system\Autoloader\Autoloader.php(300): include_once()
#1 D:\Bai_Tap\Dai_Hoc\Hoc_Ky_7\PHP\htdocs\Web_Ma_Nguon_Mo\vendor\codeigniter4\framework\system\Autoloader\Autoloader.php(273): CodeIgniter\Autoloader\Autoloader->includeFile('D:\\Bai_Tap\\Dai_...')
#2 D:\Bai_Tap\Dai_Hoc\Hoc_Ky_7\PHP\htdocs\Web_Ma_Nguon_Mo\vendor\codeigniter4\framework\system\Autoloader\Autoloader.php(247): CodeIgniter\Autoloader\Autoloader->loadInNamespace('App\\Controllers...')
#3 [internal function]: CodeIgniter\Autoloader\Autoloader->loadClass('App\\Controllers...')
#4 D:\Bai_Tap\Dai_Hoc\Hoc_Ky_7\PHP\htdocs\Web_Ma_Nguon_Mo\vendor\codeigniter4\framework\system\CodeIgniter.php(885): class_exists('\\App\\Controller...', true)
#5 D:\Bai_Tap\Dai_Hoc\Hoc_Ky_7\PHP\htdocs\Web_Ma_Nguon_Mo\vendor\codeigniter4\framework\system\CodeIgniter.php(421): CodeIgniter\CodeIgniter->startController()
#6 D:\Bai_Tap\Dai_Hoc\Hoc_Ky_7\PHP\htdocs\Web_Ma_Nguon_Mo\vendor\codeigniter4\framework\system\CodeIgniter.php(336): CodeIgniter\CodeIgniter->handleRequest(NULL, Object(Config\Cache), false)
#7 D:\Bai_Tap\Dai_Hoc\Hoc_Ky_7\PHP\htdocs\Web_Ma_Nguon_Mo\public\index.php(37): CodeIgniter\CodeIgniter->run()
#8 D:\Bai_Tap\Dai_Hoc\Hoc_Ky_7\PHP\htdocs\Web_Ma_Nguon_Mo\vendor\codeigniter4\framework\system\Commands\Server\rewrite.php(45): require_once('D:\\Bai_Tap\\Dai_...')
#9 {main}
CRITICAL - 2021-07-17 03:58:19 --> Class "APP\Controllers\BaseController" not found
#0 D:\Bai_Tap\Dai_Hoc\Hoc_Ky_7\PHP\htdocs\Web_Ma_Nguon_Mo\vendor\codeigniter4\framework\system\Autoloader\Autoloader.php(300): include_once()
#1 D:\Bai_Tap\Dai_Hoc\Hoc_Ky_7\PHP\htdocs\Web_Ma_Nguon_Mo\vendor\codeigniter4\framework\system\Autoloader\Autoloader.php(273): CodeIgniter\Autoloader\Autoloader->includeFile('D:\\Bai_Tap\\Dai_...')
#2 D:\Bai_Tap\Dai_Hoc\Hoc_Ky_7\PHP\htdocs\Web_Ma_Nguon_Mo\vendor\codeigniter4\framework\system\Autoloader\Autoloader.php(247): CodeIgniter\Autoloader\Autoloader->loadInNamespace('App\\Controllers...')
#3 [internal function]: CodeIgniter\Autoloader\Autoloader->loadClass('App\\Controllers...')
#4 D:\Bai_Tap\Dai_Hoc\Hoc_Ky_7\PHP\htdocs\Web_Ma_Nguon_Mo\vendor\codeigniter4\framework\system\CodeIgniter.php(885): class_exists('\\App\\Controller...', true)
#5 D:\Bai_Tap\Dai_Hoc\Hoc_Ky_7\PHP\htdocs\Web_Ma_Nguon_Mo\vendor\codeigniter4\framework\system\CodeIgniter.php(421): CodeIgniter\CodeIgniter->startController()
#6 D:\Bai_Tap\Dai_Hoc\Hoc_Ky_7\PHP\htdocs\Web_Ma_Nguon_Mo\vendor\codeigniter4\framework\system\CodeIgniter.php(336): CodeIgniter\CodeIgniter->handleRequest(NULL, Object(Config\Cache), false)
#7 D:\Bai_Tap\Dai_Hoc\Hoc_Ky_7\PHP\htdocs\Web_Ma_Nguon_Mo\public\index.php(38): CodeIgniter\CodeIgniter->run()
#8 D:\Bai_Tap\Dai_Hoc\Hoc_Ky_7\PHP\htdocs\Web_Ma_Nguon_Mo\vendor\codeigniter4\framework\system\Commands\Server\rewrite.php(45): require_once('D:\\Bai_Tap\\Dai_...')
#9 {main}
CRITICAL - 2021-07-17 03:58:20 --> Class "APP\Controllers\BaseController" not found
#0 D:\Bai_Tap\Dai_Hoc\Hoc_Ky_7\PHP\htdocs\Web_Ma_Nguon_Mo\vendor\codeigniter4\framework\system\Autoloader\Autoloader.php(300): include_once()
#1 D:\Bai_Tap\Dai_Hoc\Hoc_Ky_7\PHP\htdocs\Web_Ma_Nguon_Mo\vendor\codeigniter4\framework\system\Autoloader\Autoloader.php(273): CodeIgniter\Autoloader\Autoloader->includeFile('D:\\Bai_Tap\\Dai_...')
#2 D:\Bai_Tap\Dai_Hoc\Hoc_Ky_7\PHP\htdocs\Web_Ma_Nguon_Mo\vendor\codeigniter4\framework\system\Autoloader\Autoloader.php(247): CodeIgniter\Autoloader\Autoloader->loadInNamespace('App\\Controllers...')
#3 [internal function]: CodeIgniter\Autoloader\Autoloader->loadClass('App\\Controllers...')
#4 D:\Bai_Tap\Dai_Hoc\Hoc_Ky_7\PHP\htdocs\Web_Ma_Nguon_Mo\vendor\codeigniter4\framework\system\CodeIgniter.php(885): class_exists('\\App\\Controller...', true)
#5 D:\Bai_Tap\Dai_Hoc\Hoc_Ky_7\PHP\htdocs\Web_Ma_Nguon_Mo\vendor\codeigniter4\framework\system\CodeIgniter.php(421): CodeIgniter\CodeIgniter->startController()
#6 D:\Bai_Tap\Dai_Hoc\Hoc_Ky_7\PHP\htdocs\Web_Ma_Nguon_Mo\vendor\codeigniter4\framework\system\CodeIgniter.php(336): CodeIgniter\CodeIgniter->handleRequest(NULL, Object(Config\Cache), false)
#7 D:\Bai_Tap\Dai_Hoc\Hoc_Ky_7\PHP\htdocs\Web_Ma_Nguon_Mo\public\index.php(38): CodeIgniter\CodeIgniter->run()
#8 D:\Bai_Tap\Dai_Hoc\Hoc_Ky_7\PHP\htdocs\Web_Ma_Nguon_Mo\vendor\codeigniter4\framework\system\Commands\Server\rewrite.php(45): require_once('D:\\Bai_Tap\\Dai_...')
#9 {main}
CRITICAL - 2021-07-17 03:58:46 --> Class "APP\Controllers\BaseController" not found
#0 D:\Bai_Tap\Dai_Hoc\Hoc_Ky_7\PHP\htdocs\Web_Ma_Nguon_Mo\vendor\codeigniter4\framework\system\Autoloader\Autoloader.php(300): include_once()
#1 D:\Bai_Tap\Dai_Hoc\Hoc_Ky_7\PHP\htdocs\Web_Ma_Nguon_Mo\vendor\codeigniter4\framework\system\Autoloader\Autoloader.php(273): CodeIgniter\Autoloader\Autoloader->includeFile('D:\\Bai_Tap\\Dai_...')
#2 D:\Bai_Tap\Dai_Hoc\Hoc_Ky_7\PHP\htdocs\Web_Ma_Nguon_Mo\vendor\codeigniter4\framework\system\Autoloader\Autoloader.php(247): CodeIgniter\Autoloader\Autoloader->loadInNamespace('App\\Controllers...')
#3 [internal function]: CodeIgniter\Autoloader\Autoloader->loadClass('App\\Controllers...')
#4 D:\Bai_Tap\Dai_Hoc\Hoc_Ky_7\PHP\htdocs\Web_Ma_Nguon_Mo\vendor\codeigniter4\framework\system\CodeIgniter.php(885): class_exists('\\App\\Controller...', true)
#5 D:\Bai_Tap\Dai_Hoc\Hoc_Ky_7\PHP\htdocs\Web_Ma_Nguon_Mo\vendor\codeigniter4\framework\system\CodeIgniter.php(421): CodeIgniter\CodeIgniter->startController()
#6 D:\Bai_Tap\Dai_Hoc\Hoc_Ky_7\PHP\htdocs\Web_Ma_Nguon_Mo\vendor\codeigniter4\framework\system\CodeIgniter.php(336): CodeIgniter\CodeIgniter->handleRequest(NULL, Object(Config\Cache), false)
#7 D:\Bai_Tap\Dai_Hoc\Hoc_Ky_7\PHP\htdocs\Web_Ma_Nguon_Mo\public\index.php(38): CodeIgniter\CodeIgniter->run()
#8 D:\Bai_Tap\Dai_Hoc\Hoc_Ky_7\PHP\htdocs\Web_Ma_Nguon_Mo\vendor\codeigniter4\framework\system\Commands\Server\rewrite.php(45): require_once('D:\\Bai_Tap\\Dai_...')
#9 {main}
CRITICAL - 2021-07-17 21:23:05 --> Undefined variable $title
#0 D:\Bai_Tap\Dai_Hoc\Hoc_Ky_7\PHP\htdocs\Web_Phan_Mem_Ma_Nguon_Mo\app\Controllers\BaseController.php(65): CodeIgniter\Debug\Exceptions->errorHandler(2, 'Undefined varia...', 'D:\\Bai_Tap\\Dai_...', 65)
#1 D:\Bai_Tap\Dai_Hoc\Hoc_Ky_7\PHP\htdocs\Web_Phan_Mem_Ma_Nguon_Mo\app\Controllers\user\HomeController.php(12): App\Controllers\BaseController->loadMasterLayout(Array, 'Trang ch\xE1\xBB\xA7')
#2 D:\Bai_Tap\Dai_Hoc\Hoc_Ky_7\PHP\htdocs\Web_Phan_Mem_Ma_Nguon_Mo\vendor\codeigniter4\framework\system\CodeIgniter.php(928): App\Controllers\user\HomeController->index()
#3 D:\Bai_Tap\Dai_Hoc\Hoc_Ky_7\PHP\htdocs\Web_Phan_Mem_Ma_Nguon_Mo\vendor\codeigniter4\framework\system\CodeIgniter.php(436): CodeIgniter\CodeIgniter->runController(Object(App\Controllers\user\HomeController))
#4 D:\Bai_Tap\Dai_Hoc\Hoc_Ky_7\PHP\htdocs\Web_Phan_Mem_Ma_Nguon_Mo\vendor\codeigniter4\framework\system\CodeIgniter.php(336): CodeIgniter\CodeIgniter->handleRequest(NULL, Object(Config\Cache), false)
#5 D:\Bai_Tap\Dai_Hoc\Hoc_Ky_7\PHP\htdocs\Web_Phan_Mem_Ma_Nguon_Mo\public\index.php(38): CodeIgniter\CodeIgniter->run()
#6 D:\Bai_Tap\Dai_Hoc\Hoc_Ky_7\PHP\htdocs\Web_Phan_Mem_Ma_Nguon_Mo\vendor\codeigniter4\framework\system\Commands\Server\rewrite.php(45): require_once('D:\\Bai_Tap\\Dai_...')
#7 {main}
CRITICAL - 2021-07-17 21:24:49 --> Undefined variable $title
#0 D:\Bai_Tap\Dai_Hoc\Hoc_Ky_7\PHP\htdocs\Web_Phan_Mem_Ma_Nguon_Mo\app\Views\user\layout\head.php(7): CodeIgniter\Debug\Exceptions->errorHandler(2, 'Undefined varia...', 'D:\\Bai_Tap\\Dai_...', 7)
#1 D:\Bai_Tap\Dai_Hoc\Hoc_Ky_7\PHP\htdocs\Web_Phan_Mem_Ma_Nguon_Mo\vendor\codeigniter4\framework\system\View\View.php(230): include('D:\\Bai_Tap\\Dai_...')
#2 D:\Bai_Tap\Dai_Hoc\Hoc_Ky_7\PHP\htdocs\Web_Phan_Mem_Ma_Nguon_Mo\vendor\codeigniter4\framework\system\View\View.php(232): CodeIgniter\View\View->CodeIgniter\View\{closure}()
#3 D:\Bai_Tap\Dai_Hoc\Hoc_Ky_7\PHP\htdocs\Web_Phan_Mem_Ma_Nguon_Mo\vendor\codeigniter4\framework\system\Common.php(1271): CodeIgniter\View\View->render('user/layout/hea...', Array, true)
#4 D:\Bai_Tap\Dai_Hoc\Hoc_Ky_7\PHP\htdocs\Web_Phan_Mem_Ma_Nguon_Mo\app\Controllers\BaseController.php(66): view('user/layout/hea...')
#5 D:\Bai_Tap\Dai_Hoc\Hoc_Ky_7\PHP\htdocs\Web_Phan_Mem_Ma_Nguon_Mo\app\Controllers\user\HomeController.php(12): App\Controllers\BaseController->loadMasterLayout(Array, 'Trang ch\xE1\xBB\xA7')
#6 D:\Bai_Tap\Dai_Hoc\Hoc_Ky_7\PHP\htdocs\Web_Phan_Mem_Ma_Nguon_Mo\vendor\codeigniter4\framework\system\CodeIgniter.php(928): App\Controllers\user\HomeController->index()
#7 D:\Bai_Tap\Dai_Hoc\Hoc_Ky_7\PHP\htdocs\Web_Phan_Mem_Ma_Nguon_Mo\vendor\codeigniter4\framework\system\CodeIgniter.php(436): CodeIgniter\CodeIgniter->runController(Object(App\Controllers\user\HomeController))
#8 D:\Bai_Tap\Dai_Hoc\Hoc_Ky_7\PHP\htdocs\Web_Phan_Mem_Ma_Nguon_Mo\vendor\codeigniter4\framework\system\CodeIgniter.php(336): CodeIgniter\CodeIgniter->handleRequest(NULL, Object(Config\Cache), false)
#9 D:\Bai_Tap\Dai_Hoc\Hoc_Ky_7\PHP\htdocs\Web_Phan_Mem_Ma_Nguon_Mo\public\index.php(38): CodeIgniter\CodeIgniter->run()
#10 D:\Bai_Tap\Dai_Hoc\Hoc_Ky_7\PHP\htdocs\Web_Phan_Mem_Ma_Nguon_Mo\vendor\codeigniter4\framework\system\Commands\Server\rewrite.php(45): require_once('D:\\Bai_Tap\\Dai_...')
#11 {main}
CRITICAL - 2021-07-17 22:28:04 --> Too few arguments to function App\Controllers\BaseController::loadMasterLayout(), 2 passed in D:\Bai_Tap\Dai_Hoc\Hoc_Ky_7\PHP\htdocs\Web_Phan_Mem_Ma_Nguon_Mo\app\Controllers\user\HomeController.php on line 12 and exactly 3 expected
#0 D:\Bai_Tap\Dai_Hoc\Hoc_Ky_7\PHP\htdocs\Web_Phan_Mem_Ma_Nguon_Mo\app\Controllers\user\HomeController.php(12): App\Controllers\BaseController->loadMasterLayout(NULL, 'Trang ch\xE1\xBB\xA7')
#1 D:\Bai_Tap\Dai_Hoc\Hoc_Ky_7\PHP\htdocs\Web_Phan_Mem_Ma_Nguon_Mo\vendor\codeigniter4\framework\system\CodeIgniter.php(928): App\Controllers\user\HomeController->index()
#2 D:\Bai_Tap\Dai_Hoc\Hoc_Ky_7\PHP\htdocs\Web_Phan_Mem_Ma_Nguon_Mo\vendor\codeigniter4\framework\system\CodeIgniter.php(436): CodeIgniter\CodeIgniter->runController(Object(App\Controllers\user\HomeController))
#3 D:\Bai_Tap\Dai_Hoc\Hoc_Ky_7\PHP\htdocs\Web_Phan_Mem_Ma_Nguon_Mo\vendor\codeigniter4\framework\system\CodeIgniter.php(336): CodeIgniter\CodeIgniter->handleRequest(NULL, Object(Config\Cache), false)
#4 D:\Bai_Tap\Dai_Hoc\Hoc_Ky_7\PHP\htdocs\Web_Phan_Mem_Ma_Nguon_Mo\public\index.php(38): CodeIgniter\CodeIgniter->run()
#5 D:\Bai_Tap\Dai_Hoc\Hoc_Ky_7\PHP\htdocs\Web_Phan_Mem_Ma_Nguon_Mo\vendor\codeigniter4\framework\system\Commands\Server\rewrite.php(45): require_once('D:\\Bai_Tap\\Dai_...')
#6 {main}
CRITICAL - 2021-07-17 22:28:21 --> Invalid file: .php
#0 D:\Bai_Tap\Dai_Hoc\Hoc_Ky_7\PHP\htdocs\Web_Phan_Mem_Ma_Nguon_Mo\vendor\codeigniter4\framework\system\View\View.php(213): CodeIgniter\Exceptions\FrameworkException::forInvalidFile('.php')
#1 D:\Bai_Tap\Dai_Hoc\Hoc_Ky_7\PHP\htdocs\Web_Phan_Mem_Ma_Nguon_Mo\vendor\codeigniter4\framework\system\Common.php(1271): CodeIgniter\View\View->render('', Array, true)
#2 D:\Bai_Tap\Dai_Hoc\Hoc_Ky_7\PHP\htdocs\Web_Phan_Mem_Ma_Nguon_Mo\app\Controllers\BaseController.php(70): view('')
#3 D:\Bai_Tap\Dai_Hoc\Hoc_Ky_7\PHP\htdocs\Web_Phan_Mem_Ma_Nguon_Mo\app\Controllers\user\HomeController.php(12): App\Controllers\BaseController->loadMasterLayout(Array, 'Trang ch\xE1\xBB\xA7', '')
#4 D:\Bai_Tap\Dai_Hoc\Hoc_Ky_7\PHP\htdocs\Web_Phan_Mem_Ma_Nguon_Mo\vendor\codeigniter4\framework\system\CodeIgniter.php(928): App\Controllers\user\HomeController->index()
#5 D:\Bai_Tap\Dai_Hoc\Hoc_Ky_7\PHP\htdocs\Web_Phan_Mem_Ma_Nguon_Mo\vendor\codeigniter4\framework\system\CodeIgniter.php(436): CodeIgniter\CodeIgniter->runController(Object(App\Controllers\user\HomeController))
#6 D:\Bai_Tap\Dai_Hoc\Hoc_Ky_7\PHP\htdocs\Web_Phan_Mem_Ma_Nguon_Mo\vendor\codeigniter4\framework\system\CodeIgniter.php(336): CodeIgniter\CodeIgniter->handleRequest(NULL, Object(Config\Cache), false)
#7 D:\Bai_Tap\Dai_Hoc\Hoc_Ky_7\PHP\htdocs\Web_Phan_Mem_Ma_Nguon_Mo\public\index.php(38): CodeIgniter\CodeIgniter->run()
#8 D:\Bai_Tap\Dai_Hoc\Hoc_Ky_7\PHP\htdocs\Web_Phan_Mem_Ma_Nguon_Mo\vendor\codeigniter4\framework\system\Commands\Server\rewrite.php(45): require_once('D:\\Bai_Tap\\Dai_...')
#9 {main}
CRITICAL - 2021-07-17 22:37:58 --> Cannot declare class App\Controllers\user\HomeController, because the name is already in use
#0 [internal function]: CodeIgniter\Debug\Exceptions->shutdownHandler()
#1 {main}
